2025-05-22 01:27:38 INFO  com.minh.shopee.ShopeeApplication - Starting ShopeeApplication using Java 17.0.12 with PID 5956 (C:\Users\abcxy\OneDrive\Desktop\workspace\backend\backend-clone-shopee\target\classes started by abcxy in C:\Users\abcxy\OneDrive\Desktop\workspace\backend\backend-clone-shopee)
2025-05-22 01:27:38 DEBUG com.minh.shopee.ShopeeApplication - Running with Spring Boot v3.4.5, Spring v6.2.6
2025-05-22 01:27:38 INFO  com.minh.shopee.ShopeeApplication - No active profile set, falling back to 1 default profile: "default"
2025-05-22 01:27:51 INFO  com.minh.shopee.ShopeeApplication - Started ShopeeApplication in 13.303 seconds (process running for 13.863)
2025-05-22 02:30:31 INFO  com.minh.shopee.ShopeeApplication - Starting ShopeeApplication using Java 17.0.12 with PID 5956 (C:\Users\abcxy\OneDrive\Desktop\workspace\backend\backend-clone-shopee\target\classes started by abcxy in C:\Users\abcxy\OneDrive\Desktop\workspace\backend\backend-clone-shopee)
2025-05-22 02:30:31 DEBUG com.minh.shopee.ShopeeApplication - Running with Spring Boot v3.4.5, Spring v6.2.6
2025-05-22 02:30:31 INFO  com.minh.shopee.ShopeeApplication - No active profile set, falling back to 1 default profile: "default"
2025-05-22 02:30:37 INFO  com.minh.shopee.ShopeeApplication - Started ShopeeApplication in 5.596 seconds (process running for 3779.841)
2025-05-22 02:30:38 INFO  com.minh.shopee.ShopeeApplication - Starting ShopeeApplication using Java 17.0.12 with PID 5956 (C:\Users\abcxy\OneDrive\Desktop\workspace\backend\backend-clone-shopee\target\classes started by abcxy in C:\Users\abcxy\OneDrive\Desktop\workspace\backend\backend-clone-shopee)
2025-05-22 02:30:38 DEBUG com.minh.shopee.ShopeeApplication - Running with Spring Boot v3.4.5, Spring v6.2.6
2025-05-22 02:30:38 INFO  com.minh.shopee.ShopeeApplication - No active profile set, falling back to 1 default profile: "default"
2025-05-22 02:30:40 INFO  com.minh.shopee.ShopeeApplication - Started ShopeeApplication in 1.996 seconds (process running for 3783.244)
2025-05-22 02:34:52 INFO  com.minh.shopee.ShopeeApplication - Starting ShopeeApplication using Java 17.0.12 with PID 5956 (C:\Users\abcxy\OneDrive\Desktop\workspace\backend\backend-clone-shopee\target\classes started by abcxy in C:\Users\abcxy\OneDrive\Desktop\workspace\backend\backend-clone-shopee)
2025-05-22 02:34:52 DEBUG com.minh.shopee.ShopeeApplication - Running with Spring Boot v3.4.5, Spring v6.2.6
2025-05-22 02:34:52 INFO  com.minh.shopee.ShopeeApplication - No active profile set, falling back to 1 default profile: "default"
2025-05-22 02:34:53 INFO  com.minh.shopee.ShopeeApplication - Started ShopeeApplication in 1.765 seconds (process running for 4036.068)
2025-05-22 02:35:20 INFO  com.minh.shopee.ShopeeApplication - Starting ShopeeApplication using Java 17.0.12 with PID 5956 (C:\Users\abcxy\OneDrive\Desktop\workspace\backend\backend-clone-shopee\target\classes started by abcxy in C:\Users\abcxy\OneDrive\Desktop\workspace\backend\backend-clone-shopee)
2025-05-22 02:35:20 DEBUG com.minh.shopee.ShopeeApplication - Running with Spring Boot v3.4.5, Spring v6.2.6
2025-05-22 02:35:20 INFO  com.minh.shopee.ShopeeApplication - No active profile set, falling back to 1 default profile: "default"
2025-05-22 02:35:22 INFO  com.minh.shopee.ShopeeApplication - Started ShopeeApplication in 1.977 seconds (process running for 4064.697)
2025-05-22 02:35:23 INFO  com.minh.shopee.ShopeeApplication - Starting ShopeeApplication using Java 17.0.12 with PID 5956 (C:\Users\abcxy\OneDrive\Desktop\workspace\backend\backend-clone-shopee\target\classes started by abcxy in C:\Users\abcxy\OneDrive\Desktop\workspace\backend\backend-clone-shopee)
2025-05-22 02:35:23 DEBUG com.minh.shopee.ShopeeApplication - Running with Spring Boot v3.4.5, Spring v6.2.6
2025-05-22 02:35:23 INFO  com.minh.shopee.ShopeeApplication - No active profile set, falling back to 1 default profile: "default"
2025-05-22 02:35:25 INFO  com.minh.shopee.ShopeeApplication - Started ShopeeApplication in 1.387 seconds (process running for 4067.659)
2025-05-22 02:35:30 INFO  com.minh.shopee.ShopeeApplication - Starting ShopeeApplication using Java 17.0.12 with PID 5956 (C:\Users\abcxy\OneDrive\Desktop\workspace\backend\backend-clone-shopee\target\classes started by abcxy in C:\Users\abcxy\OneDrive\Desktop\workspace\backend\backend-clone-shopee)
2025-05-22 02:35:30 DEBUG com.minh.shopee.ShopeeApplication - Running with Spring Boot v3.4.5, Spring v6.2.6
2025-05-22 02:35:30 INFO  com.minh.shopee.ShopeeApplication - No active profile set, falling back to 1 default profile: "default"
2025-05-22 02:35:31 INFO  com.minh.shopee.ShopeeApplication - Started ShopeeApplication in 1.795 seconds (process running for 4074.164)
2025-05-22 02:35:48 INFO  com.minh.shopee.ShopeeApplication - Starting ShopeeApplication using Java 17.0.12 with PID 5956 (C:\Users\abcxy\OneDrive\Desktop\workspace\backend\backend-clone-shopee\target\classes started by abcxy in C:\Users\abcxy\OneDrive\Desktop\workspace\backend\backend-clone-shopee)
2025-05-22 02:35:48 DEBUG com.minh.shopee.ShopeeApplication - Running with Spring Boot v3.4.5, Spring v6.2.6
2025-05-22 02:35:48 INFO  com.minh.shopee.ShopeeApplication - No active profile set, falling back to 1 default profile: "default"
2025-05-22 02:35:50 INFO  com.minh.shopee.ShopeeApplication - Started ShopeeApplication in 1.27 seconds (process running for 4092.491)
2025-05-22 02:36:31 INFO  com.minh.shopee.ShopeeApplication - Starting ShopeeApplication using Java 17.0.12 with PID 5956 (C:\Users\abcxy\OneDrive\Desktop\workspace\backend\backend-clone-shopee\target\classes started by abcxy in C:\Users\abcxy\OneDrive\Desktop\workspace\backend\backend-clone-shopee)
2025-05-22 02:36:31 DEBUG com.minh.shopee.ShopeeApplication - Running with Spring Boot v3.4.5, Spring v6.2.6
2025-05-22 02:36:31 INFO  com.minh.shopee.ShopeeApplication - No active profile set, falling back to 1 default profile: "default"
2025-05-22 02:36:34 INFO  com.minh.shopee.ShopeeApplication - Started ShopeeApplication in 2.271 seconds (process running for 4136.476)
2025-05-22 02:38:12 INFO  com.minh.shopee.ShopeeApplication - Starting ShopeeApplication using Java 17.0.12 with PID 5956 (C:\Users\abcxy\OneDrive\Desktop\workspace\backend\backend-clone-shopee\target\classes started by abcxy in C:\Users\abcxy\OneDrive\Desktop\workspace\backend\backend-clone-shopee)
2025-05-22 02:38:12 DEBUG com.minh.shopee.ShopeeApplication - Running with Spring Boot v3.4.5, Spring v6.2.6
2025-05-22 02:38:12 INFO  com.minh.shopee.ShopeeApplication - No active profile set, falling back to 1 default profile: "default"
2025-05-22 02:38:13 INFO  com.minh.shopee.ShopeeApplication - Started ShopeeApplication in 1.299 seconds (process running for 4236.29)
2025-05-22 02:39:20 INFO  com.minh.shopee.ShopeeApplication - Starting ShopeeApplication using Java 17.0.12 with PID 5956 (C:\Users\abcxy\OneDrive\Desktop\workspace\backend\backend-clone-shopee\target\classes started by abcxy in C:\Users\abcxy\OneDrive\Desktop\workspace\backend\backend-clone-shopee)
2025-05-22 02:39:20 DEBUG com.minh.shopee.ShopeeApplication - Running with Spring Boot v3.4.5, Spring v6.2.6
2025-05-22 02:39:20 INFO  com.minh.shopee.ShopeeApplication - No active profile set, falling back to 1 default profile: "default"
2025-05-22 02:39:23 INFO  com.minh.shopee.ShopeeApplication - Started ShopeeApplication in 3.205 seconds (process running for 4306.299)
2025-05-22 02:39:25 INFO  com.minh.shopee.ShopeeApplication - Starting ShopeeApplication using Java 17.0.12 with PID 5956 (C:\Users\abcxy\OneDrive\Desktop\workspace\backend\backend-clone-shopee\target\classes started by abcxy in C:\Users\abcxy\OneDrive\Desktop\workspace\backend\backend-clone-shopee)
2025-05-22 02:39:25 DEBUG com.minh.shopee.ShopeeApplication - Running with Spring Boot v3.4.5, Spring v6.2.6
2025-05-22 02:39:25 INFO  com.minh.shopee.ShopeeApplication - No active profile set, falling back to 1 default profile: "default"
2025-05-22 02:39:27 INFO  com.minh.shopee.ShopeeApplication - Started ShopeeApplication in 1.676 seconds (process running for 4309.67)
2025-05-22 02:39:28 INFO  com.minh.shopee.ShopeeApplication - Starting ShopeeApplication using Java 17.0.12 with PID 5956 (C:\Users\abcxy\OneDrive\Desktop\workspace\backend\backend-clone-shopee\target\classes started by abcxy in C:\Users\abcxy\OneDrive\Desktop\workspace\backend\backend-clone-shopee)
2025-05-22 02:39:29 DEBUG com.minh.shopee.ShopeeApplication - Running with Spring Boot v3.4.5, Spring v6.2.6
2025-05-22 02:39:29 INFO  com.minh.shopee.ShopeeApplication - No active profile set, falling back to 1 default profile: "default"
2025-05-22 02:39:31 INFO  com.minh.shopee.ShopeeApplication - Started ShopeeApplication in 2.875 seconds (process running for 4314.188)
2025-05-22 02:39:34 INFO  com.minh.shopee.ShopeeApplication - Starting ShopeeApplication using Java 17.0.12 with PID 5956 (C:\Users\abcxy\OneDrive\Desktop\workspace\backend\backend-clone-shopee\target\classes started by abcxy in C:\Users\abcxy\OneDrive\Desktop\workspace\backend\backend-clone-shopee)
2025-05-22 02:39:34 DEBUG com.minh.shopee.ShopeeApplication - Running with Spring Boot v3.4.5, Spring v6.2.6
2025-05-22 02:39:34 INFO  com.minh.shopee.ShopeeApplication - No active profile set, falling back to 1 default profile: "default"
2025-05-22 02:39:36 INFO  com.minh.shopee.ShopeeApplication - Started ShopeeApplication in 2.362 seconds (process running for 4318.68)
2025-05-22 02:39:37 INFO  com.minh.shopee.ShopeeApplication - Starting ShopeeApplication using Java 17.0.12 with PID 5956 (C:\Users\abcxy\OneDrive\Desktop\workspace\backend\backend-clone-shopee\target\classes started by abcxy in C:\Users\abcxy\OneDrive\Desktop\workspace\backend\backend-clone-shopee)
2025-05-22 02:39:37 DEBUG com.minh.shopee.ShopeeApplication - Running with Spring Boot v3.4.5, Spring v6.2.6
2025-05-22 02:39:37 INFO  com.minh.shopee.ShopeeApplication - No active profile set, falling back to 1 default profile: "default"
2025-05-22 02:39:39 INFO  com.minh.shopee.ShopeeApplication - Started ShopeeApplication in 1.289 seconds (process running for 4321.55)
2025-05-22 02:39:44 INFO  com.minh.shopee.ShopeeApplication - Starting ShopeeApplication using Java 17.0.12 with PID 5956 (C:\Users\abcxy\OneDrive\Desktop\workspace\backend\backend-clone-shopee\target\classes started by abcxy in C:\Users\abcxy\OneDrive\Desktop\workspace\backend\backend-clone-shopee)
2025-05-22 02:39:44 DEBUG com.minh.shopee.ShopeeApplication - Running with Spring Boot v3.4.5, Spring v6.2.6
2025-05-22 02:39:44 INFO  com.minh.shopee.ShopeeApplication - No active profile set, falling back to 1 default profile: "default"
2025-05-22 02:39:46 INFO  com.minh.shopee.ShopeeApplication - Started ShopeeApplication in 2.248 seconds (process running for 4328.624)
2025-05-22 02:39:55 INFO  com.minh.shopee.ShopeeApplication - Starting ShopeeApplication using Java 17.0.12 with PID 5956 (C:\Users\abcxy\OneDrive\Desktop\workspace\backend\backend-clone-shopee\target\classes started by abcxy in C:\Users\abcxy\OneDrive\Desktop\workspace\backend\backend-clone-shopee)
2025-05-22 02:39:55 DEBUG com.minh.shopee.ShopeeApplication - Running with Spring Boot v3.4.5, Spring v6.2.6
2025-05-22 02:39:55 INFO  com.minh.shopee.ShopeeApplication - No active profile set, falling back to 1 default profile: "default"
2025-05-22 02:39:56 INFO  com.minh.shopee.ShopeeApplication - Started ShopeeApplication in 1.495 seconds (process running for 4339.088)
2025-05-22 02:40:04 INFO  com.minh.shopee.ShopeeApplication - Starting ShopeeApplication using Java 17.0.12 with PID 5956 (C:\Users\abcxy\OneDrive\Desktop\workspace\backend\backend-clone-shopee\target\classes started by abcxy in C:\Users\abcxy\OneDrive\Desktop\workspace\backend\backend-clone-shopee)
2025-05-22 02:40:04 DEBUG com.minh.shopee.ShopeeApplication - Running with Spring Boot v3.4.5, Spring v6.2.6
2025-05-22 02:40:04 INFO  com.minh.shopee.ShopeeApplication - No active profile set, falling back to 1 default profile: "default"
2025-05-22 02:40:05 INFO  com.minh.shopee.ShopeeApplication - Started ShopeeApplication in 1.202 seconds (process running for 4348.191)
2025-05-22 02:40:22 INFO  com.minh.shopee.ShopeeApplication - Starting ShopeeApplication using Java 17.0.12 with PID 5956 (C:\Users\abcxy\OneDrive\Desktop\workspace\backend\backend-clone-shopee\target\classes started by abcxy in C:\Users\abcxy\OneDrive\Desktop\workspace\backend\backend-clone-shopee)
2025-05-22 02:40:22 DEBUG com.minh.shopee.ShopeeApplication - Running with Spring Boot v3.4.5, Spring v6.2.6
2025-05-22 02:40:22 INFO  com.minh.shopee.ShopeeApplication - No active profile set, falling back to 1 default profile: "default"
2025-05-22 02:40:23 INFO  com.minh.shopee.ShopeeApplication - Started ShopeeApplication in 0.963 seconds (process running for 4366.26)
2025-05-22 02:40:36 INFO  com.minh.shopee.ShopeeApplication - Starting ShopeeApplication using Java 17.0.12 with PID 5956 (C:\Users\abcxy\OneDrive\Desktop\workspace\backend\backend-clone-shopee\target\classes started by abcxy in C:\Users\abcxy\OneDrive\Desktop\workspace\backend\backend-clone-shopee)
2025-05-22 02:40:36 DEBUG com.minh.shopee.ShopeeApplication - Running with Spring Boot v3.4.5, Spring v6.2.6
2025-05-22 02:40:36 INFO  com.minh.shopee.ShopeeApplication - No active profile set, falling back to 1 default profile: "default"
2025-05-22 02:40:37 INFO  com.minh.shopee.ShopeeApplication - Started ShopeeApplication in 1.681 seconds (process running for 4380.152)
2025-05-22 02:40:39 INFO  com.minh.shopee.ShopeeApplication - Starting ShopeeApplication using Java 17.0.12 with PID 5956 (C:\Users\abcxy\OneDrive\Desktop\workspace\backend\backend-clone-shopee\target\classes started by abcxy in C:\Users\abcxy\OneDrive\Desktop\workspace\backend\backend-clone-shopee)
2025-05-22 02:40:39 DEBUG com.minh.shopee.ShopeeApplication - Running with Spring Boot v3.4.5, Spring v6.2.6
2025-05-22 02:40:39 INFO  com.minh.shopee.ShopeeApplication - No active profile set, falling back to 1 default profile: "default"
2025-05-22 02:40:40 INFO  com.minh.shopee.ShopeeApplication - Started ShopeeApplication in 1.442 seconds (process running for 4383.205)
2025-05-22 02:42:21 INFO  com.minh.shopee.ShopeeApplication - Starting ShopeeApplication using Java 17.0.12 with PID 5956 (C:\Users\abcxy\OneDrive\Desktop\workspace\backend\backend-clone-shopee\target\classes started by abcxy in C:\Users\abcxy\OneDrive\Desktop\workspace\backend\backend-clone-shopee)
2025-05-22 02:42:21 DEBUG com.minh.shopee.ShopeeApplication - Running with Spring Boot v3.4.5, Spring v6.2.6
2025-05-22 02:42:21 INFO  com.minh.shopee.ShopeeApplication - No active profile set, falling back to 1 default profile: "default"
2025-05-22 02:42:23 INFO  com.minh.shopee.ShopeeApplication - Started ShopeeApplication in 1.583 seconds (process running for 4485.476)
2025-05-22 02:42:38 INFO  com.minh.shopee.ShopeeApplication - Starting ShopeeApplication using Java 17.0.12 with PID 5956 (C:\Users\abcxy\OneDrive\Desktop\workspace\backend\backend-clone-shopee\target\classes started by abcxy in C:\Users\abcxy\OneDrive\Desktop\workspace\backend\backend-clone-shopee)
2025-05-22 02:42:38 DEBUG com.minh.shopee.ShopeeApplication - Running with Spring Boot v3.4.5, Spring v6.2.6
2025-05-22 02:42:38 INFO  com.minh.shopee.ShopeeApplication - No active profile set, falling back to 1 default profile: "default"
2025-05-22 02:42:39 INFO  com.minh.shopee.ShopeeApplication - Started ShopeeApplication in 1.178 seconds (process running for 4501.623)
2025-05-22 02:43:27 INFO  com.minh.shopee.ShopeeApplication - Starting ShopeeApplication using Java 17.0.12 with PID 5956 (C:\Users\abcxy\OneDrive\Desktop\workspace\backend\backend-clone-shopee\target\classes started by abcxy in C:\Users\abcxy\OneDrive\Desktop\workspace\backend\backend-clone-shopee)
2025-05-22 02:43:27 DEBUG com.minh.shopee.ShopeeApplication - Running with Spring Boot v3.4.5, Spring v6.2.6
2025-05-22 02:43:27 INFO  com.minh.shopee.ShopeeApplication - No active profile set, falling back to 1 default profile: "default"
2025-05-22 02:43:28 INFO  com.minh.shopee.ShopeeApplication - Started ShopeeApplication in 1.017 seconds (process running for 4550.706)
2025-05-22 02:44:21 INFO  com.minh.shopee.ShopeeApplication - Starting ShopeeApplication using Java 17.0.12 with PID 5956 (C:\Users\abcxy\OneDrive\Desktop\workspace\backend\backend-clone-shopee\target\classes started by abcxy in C:\Users\abcxy\OneDrive\Desktop\workspace\backend\backend-clone-shopee)
2025-05-22 02:44:21 DEBUG com.minh.shopee.ShopeeApplication - Running with Spring Boot v3.4.5, Spring v6.2.6
2025-05-22 02:44:21 INFO  com.minh.shopee.ShopeeApplication - No active profile set, falling back to 1 default profile: "default"
2025-05-22 02:44:22 INFO  com.minh.shopee.ShopeeApplication - Started ShopeeApplication in 1.213 seconds (process running for 4605.088)
2025-05-22 02:44:25 INFO  com.minh.shopee.ShopeeApplication - Starting ShopeeApplication using Java 17.0.12 with PID 5956 (C:\Users\abcxy\OneDrive\Desktop\workspace\backend\backend-clone-shopee\target\classes started by abcxy in C:\Users\abcxy\OneDrive\Desktop\workspace\backend\backend-clone-shopee)
2025-05-22 02:44:25 DEBUG com.minh.shopee.ShopeeApplication - Running with Spring Boot v3.4.5, Spring v6.2.6
2025-05-22 02:44:25 INFO  com.minh.shopee.ShopeeApplication - No active profile set, falling back to 1 default profile: "default"
2025-05-22 02:44:26 INFO  com.minh.shopee.ShopeeApplication - Started ShopeeApplication in 1.344 seconds (process running for 4609.088)
2025-05-22 02:44:30 INFO  com.minh.shopee.ShopeeApplication - Starting ShopeeApplication using Java 17.0.12 with PID 5956 (C:\Users\abcxy\OneDrive\Desktop\workspace\backend\backend-clone-shopee\target\classes started by abcxy in C:\Users\abcxy\OneDrive\Desktop\workspace\backend\backend-clone-shopee)
2025-05-22 02:44:30 DEBUG com.minh.shopee.ShopeeApplication - Running with Spring Boot v3.4.5, Spring v6.2.6
2025-05-22 02:44:30 INFO  com.minh.shopee.ShopeeApplication - No active profile set, falling back to 1 default profile: "default"
2025-05-22 02:44:32 INFO  com.minh.shopee.ShopeeApplication - Started ShopeeApplication in 1.753 seconds (process running for 4614.8)
2025-05-22 02:44:34 INFO  com.minh.shopee.ShopeeApplication - Starting ShopeeApplication using Java 17.0.12 with PID 5956 (C:\Users\abcxy\OneDrive\Desktop\workspace\backend\backend-clone-shopee\target\classes started by abcxy in C:\Users\abcxy\OneDrive\Desktop\workspace\backend\backend-clone-shopee)
2025-05-22 02:44:34 DEBUG com.minh.shopee.ShopeeApplication - Running with Spring Boot v3.4.5, Spring v6.2.6
2025-05-22 02:44:34 INFO  com.minh.shopee.ShopeeApplication - No active profile set, falling back to 1 default profile: "default"
2025-05-22 02:44:35 INFO  com.minh.shopee.ShopeeApplication - Started ShopeeApplication in 0.996 seconds (process running for 4617.443)
2025-05-22 02:48:56 INFO  com.minh.shopee.ShopeeApplication - Starting ShopeeApplication using Java 17.0.12 with PID 5956 (C:\Users\abcxy\OneDrive\Desktop\workspace\backend\backend-clone-shopee\target\classes started by abcxy in C:\Users\abcxy\OneDrive\Desktop\workspace\backend\backend-clone-shopee)
2025-05-22 02:48:56 DEBUG com.minh.shopee.ShopeeApplication - Running with Spring Boot v3.4.5, Spring v6.2.6
2025-05-22 02:48:56 INFO  com.minh.shopee.ShopeeApplication - No active profile set, falling back to 1 default profile: "default"
2025-05-22 02:48:59 INFO  com.minh.shopee.ShopeeApplication - Starting ShopeeApplication using Java 17.0.12 with PID 5956 (C:\Users\abcxy\OneDrive\Desktop\workspace\backend\backend-clone-shopee\target\classes started by abcxy in C:\Users\abcxy\OneDrive\Desktop\workspace\backend\backend-clone-shopee)
2025-05-22 02:48:59 DEBUG com.minh.shopee.ShopeeApplication - Running with Spring Boot v3.4.5, Spring v6.2.6
2025-05-22 02:48:59 INFO  com.minh.shopee.ShopeeApplication - No active profile set, falling back to 1 default profile: "default"
2025-05-22 02:49:16 INFO  com.minh.shopee.ShopeeApplication - Starting ShopeeApplication using Java 17.0.12 with PID 5956 (C:\Users\abcxy\OneDrive\Desktop\workspace\backend\backend-clone-shopee\target\classes started by abcxy in C:\Users\abcxy\OneDrive\Desktop\workspace\backend\backend-clone-shopee)
2025-05-22 02:49:16 DEBUG com.minh.shopee.ShopeeApplication - Running with Spring Boot v3.4.5, Spring v6.2.6
2025-05-22 02:49:16 INFO  com.minh.shopee.ShopeeApplication - No active profile set, falling back to 1 default profile: "default"
2025-05-22 02:50:08 INFO  com.minh.shopee.ShopeeApplication - Starting ShopeeApplication using Java 17.0.12 with PID 5956 (C:\Users\abcxy\OneDrive\Desktop\workspace\backend\backend-clone-shopee\target\classes started by abcxy in C:\Users\abcxy\OneDrive\Desktop\workspace\backend\backend-clone-shopee)
2025-05-22 02:50:08 DEBUG com.minh.shopee.ShopeeApplication - Running with Spring Boot v3.4.5, Spring v6.2.6
2025-05-22 02:50:08 INFO  com.minh.shopee.ShopeeApplication - No active profile set, falling back to 1 default profile: "default"
2025-05-22 02:50:40 INFO  com.minh.shopee.ShopeeApplication - Starting ShopeeApplication using Java 17.0.12 with PID 5956 (C:\Users\abcxy\OneDrive\Desktop\workspace\backend\backend-clone-shopee\target\classes started by abcxy in C:\Users\abcxy\OneDrive\Desktop\workspace\backend\backend-clone-shopee)
2025-05-22 02:50:40 DEBUG com.minh.shopee.ShopeeApplication - Running with Spring Boot v3.4.5, Spring v6.2.6
2025-05-22 02:50:40 INFO  com.minh.shopee.ShopeeApplication - No active profile set, falling back to 1 default profile: "default"
2025-05-22 02:50:41 INFO  com.minh.shopee.ShopeeApplication - Started ShopeeApplication in 1.136 seconds (process running for 4983.978)
2025-05-22 02:51:12 INFO  com.minh.shopee.ShopeeApplication - Starting ShopeeApplication using Java 17.0.12 with PID 5956 (C:\Users\abcxy\OneDrive\Desktop\workspace\backend\backend-clone-shopee\target\classes started by abcxy in C:\Users\abcxy\OneDrive\Desktop\workspace\backend\backend-clone-shopee)
2025-05-22 02:51:12 DEBUG com.minh.shopee.ShopeeApplication - Running with Spring Boot v3.4.5, Spring v6.2.6
2025-05-22 02:51:12 INFO  com.minh.shopee.ShopeeApplication - No active profile set, falling back to 1 default profile: "default"
2025-05-22 02:51:14 INFO  com.minh.shopee.ShopeeApplication - Started ShopeeApplication in 2.131 seconds (process running for 5016.586)
2025-05-22 02:51:15 INFO  com.minh.shopee.ShopeeApplication - Starting ShopeeApplication using Java 17.0.12 with PID 5956 (C:\Users\abcxy\OneDrive\Desktop\workspace\backend\backend-clone-shopee\target\classes started by abcxy in C:\Users\abcxy\OneDrive\Desktop\workspace\backend\backend-clone-shopee)
2025-05-22 02:51:15 DEBUG com.minh.shopee.ShopeeApplication - Running with Spring Boot v3.4.5, Spring v6.2.6
2025-05-22 02:51:15 INFO  com.minh.shopee.ShopeeApplication - No active profile set, falling back to 1 default profile: "default"
2025-05-22 02:51:17 INFO  com.minh.shopee.ShopeeApplication - Started ShopeeApplication in 1.336 seconds (process running for 5019.604)
2025-05-22 02:51:55 INFO  com.minh.shopee.ShopeeApplication - Starting ShopeeApplication using Java 17.0.12 with PID 5956 (C:\Users\abcxy\OneDrive\Desktop\workspace\backend\backend-clone-shopee\target\classes started by abcxy in C:\Users\abcxy\OneDrive\Desktop\workspace\backend\backend-clone-shopee)
2025-05-22 02:51:55 DEBUG com.minh.shopee.ShopeeApplication - Running with Spring Boot v3.4.5, Spring v6.2.6
2025-05-22 02:51:55 INFO  com.minh.shopee.ShopeeApplication - No active profile set, falling back to 1 default profile: "default"
2025-05-22 02:52:34 INFO  com.minh.shopee.ShopeeApplication - Starting ShopeeApplication using Java 17.0.12 with PID 5956 (C:\Users\abcxy\OneDrive\Desktop\workspace\backend\backend-clone-shopee\target\classes started by abcxy in C:\Users\abcxy\OneDrive\Desktop\workspace\backend\backend-clone-shopee)
2025-05-22 02:52:34 DEBUG com.minh.shopee.ShopeeApplication - Running with Spring Boot v3.4.5, Spring v6.2.6
2025-05-22 02:52:34 INFO  com.minh.shopee.ShopeeApplication - No active profile set, falling back to 1 default profile: "default"
2025-05-22 02:52:56 INFO  com.minh.shopee.ShopeeApplication - Starting ShopeeApplication using Java 17.0.12 with PID 5956 (C:\Users\abcxy\OneDrive\Desktop\workspace\backend\backend-clone-shopee\target\classes started by abcxy in C:\Users\abcxy\OneDrive\Desktop\workspace\backend\backend-clone-shopee)
2025-05-22 02:52:56 DEBUG com.minh.shopee.ShopeeApplication - Running with Spring Boot v3.4.5, Spring v6.2.6
2025-05-22 02:52:56 INFO  com.minh.shopee.ShopeeApplication - No active profile set, falling back to 1 default profile: "default"
2025-05-22 02:52:57 INFO  com.minh.shopee.ShopeeApplication - Started ShopeeApplication in 1.212 seconds (process running for 5119.821)
2025-05-22 02:53:06 INFO  com.minh.shopee.ShopeeApplication - Starting ShopeeApplication using Java 17.0.12 with PID 5956 (C:\Users\abcxy\OneDrive\Desktop\workspace\backend\backend-clone-shopee\target\classes started by abcxy in C:\Users\abcxy\OneDrive\Desktop\workspace\backend\backend-clone-shopee)
2025-05-22 02:53:06 DEBUG com.minh.shopee.ShopeeApplication - Running with Spring Boot v3.4.5, Spring v6.2.6
2025-05-22 02:53:06 INFO  com.minh.shopee.ShopeeApplication - No active profile set, falling back to 1 default profile: "default"
2025-05-22 02:53:07 INFO  com.minh.shopee.ShopeeApplication - Started ShopeeApplication in 1.18 seconds (process running for 5130.147)
2025-05-22 02:59:21 INFO  com.minh.shopee.ShopeeApplication - Starting ShopeeApplication using Java 17.0.12 with PID 5956 (C:\Users\abcxy\OneDrive\Desktop\workspace\backend\backend-clone-shopee\target\classes started by abcxy in C:\Users\abcxy\OneDrive\Desktop\workspace\backend\backend-clone-shopee)
2025-05-22 02:59:21 DEBUG com.minh.shopee.ShopeeApplication - Running with Spring Boot v3.4.5, Spring v6.2.6
2025-05-22 02:59:21 INFO  com.minh.shopee.ShopeeApplication - No active profile set, falling back to 1 default profile: "default"
2025-05-22 02:59:22 INFO  com.minh.shopee.ShopeeApplication - Started ShopeeApplication in 1.12 seconds (process running for 5504.782)
2025-05-22 03:00:52 INFO  com.minh.shopee.ShopeeApplication - Starting ShopeeApplication using Java 17.0.12 with PID 5956 (C:\Users\abcxy\OneDrive\Desktop\workspace\backend\backend-clone-shopee\target\classes started by abcxy in C:\Users\abcxy\OneDrive\Desktop\workspace\backend\backend-clone-shopee)
2025-05-22 03:00:52 DEBUG com.minh.shopee.ShopeeApplication - Running with Spring Boot v3.4.5, Spring v6.2.6
2025-05-22 03:00:52 INFO  com.minh.shopee.ShopeeApplication - No active profile set, falling back to 1 default profile: "default"
2025-05-22 03:00:54 INFO  com.minh.shopee.ShopeeApplication - Started ShopeeApplication in 1.867 seconds (process running for 5596.386)
2025-05-22 03:00:55 INFO  com.minh.shopee.ShopeeApplication - Starting ShopeeApplication using Java 17.0.12 with PID 5956 (C:\Users\abcxy\OneDrive\Desktop\workspace\backend\backend-clone-shopee\target\classes started by abcxy in C:\Users\abcxy\OneDrive\Desktop\workspace\backend\backend-clone-shopee)
2025-05-22 03:00:55 DEBUG com.minh.shopee.ShopeeApplication - Running with Spring Boot v3.4.5, Spring v6.2.6
2025-05-22 03:00:55 INFO  com.minh.shopee.ShopeeApplication - No active profile set, falling back to 1 default profile: "default"
2025-05-22 03:00:56 INFO  com.minh.shopee.ShopeeApplication - Started ShopeeApplication in 0.958 seconds (process running for 5599.022)
2025-05-22 03:01:03 INFO  com.minh.shopee.ShopeeApplication - Starting ShopeeApplication using Java 17.0.12 with PID 5956 (C:\Users\abcxy\OneDrive\Desktop\workspace\backend\backend-clone-shopee\target\classes started by abcxy in C:\Users\abcxy\OneDrive\Desktop\workspace\backend\backend-clone-shopee)
2025-05-22 03:01:03 DEBUG com.minh.shopee.ShopeeApplication - Running with Spring Boot v3.4.5, Spring v6.2.6
2025-05-22 03:01:03 INFO  com.minh.shopee.ShopeeApplication - No active profile set, falling back to 1 default profile: "default"
2025-05-22 03:01:04 INFO  com.minh.shopee.ShopeeApplication - Started ShopeeApplication in 0.956 seconds (process running for 5606.77)
2025-05-22 03:09:11 INFO  com.minh.shopee.ShopeeApplication - Starting ShopeeApplication using Java 17.0.12 with PID 5956 (C:\Users\abcxy\OneDrive\Desktop\workspace\backend\backend-clone-shopee\target\classes started by abcxy in C:\Users\abcxy\OneDrive\Desktop\workspace\backend\backend-clone-shopee)
2025-05-22 03:09:11 DEBUG com.minh.shopee.ShopeeApplication - Running with Spring Boot v3.4.5, Spring v6.2.6
2025-05-22 03:09:11 INFO  com.minh.shopee.ShopeeApplication - No active profile set, falling back to 1 default profile: "default"
2025-05-22 03:09:12 INFO  com.minh.shopee.ShopeeApplication - Started ShopeeApplication in 0.938 seconds (process running for 6094.682)
2025-05-22 03:16:25 INFO  com.minh.shopee.ShopeeApplication - Starting ShopeeApplication using Java 17.0.12 with PID 5956 (C:\Users\abcxy\OneDrive\Desktop\workspace\backend\backend-clone-shopee\target\classes started by abcxy in C:\Users\abcxy\OneDrive\Desktop\workspace\backend\backend-clone-shopee)
2025-05-22 03:16:25 DEBUG com.minh.shopee.ShopeeApplication - Running with Spring Boot v3.4.5, Spring v6.2.6
2025-05-22 03:16:25 INFO  com.minh.shopee.ShopeeApplication - No active profile set, falling back to 1 default profile: "default"
2025-05-22 03:16:27 INFO  com.minh.shopee.ShopeeApplication - Started ShopeeApplication in 1.265 seconds (process running for 6529.42)
2025-05-22 03:17:46 INFO  com.minh.shopee.ShopeeApplication - Starting ShopeeApplication using Java 17.0.12 with PID 5956 (C:\Users\abcxy\OneDrive\Desktop\workspace\backend\backend-clone-shopee\target\classes started by abcxy in C:\Users\abcxy\OneDrive\Desktop\workspace\backend\backend-clone-shopee)
2025-05-22 03:17:46 DEBUG com.minh.shopee.ShopeeApplication - Running with Spring Boot v3.4.5, Spring v6.2.6
2025-05-22 03:17:46 INFO  com.minh.shopee.ShopeeApplication - No active profile set, falling back to 1 default profile: "default"
2025-05-22 03:17:47 INFO  com.minh.shopee.ShopeeApplication - Started ShopeeApplication in 1.206 seconds (process running for 6609.704)
2025-05-22 03:18:15 INFO  com.minh.shopee.ShopeeApplication - Starting ShopeeApplication using Java 17.0.12 with PID 5956 (C:\Users\abcxy\OneDrive\Desktop\workspace\backend\backend-clone-shopee\target\classes started by abcxy in C:\Users\abcxy\OneDrive\Desktop\workspace\backend\backend-clone-shopee)
2025-05-22 03:18:15 DEBUG com.minh.shopee.ShopeeApplication - Running with Spring Boot v3.4.5, Spring v6.2.6
2025-05-22 03:18:15 INFO  com.minh.shopee.ShopeeApplication - No active profile set, falling back to 1 default profile: "default"
2025-05-22 03:18:16 INFO  com.minh.shopee.ShopeeApplication - Started ShopeeApplication in 1.035 seconds (process running for 6639.222)
2025-05-22 03:19:43 INFO  com.minh.shopee.ShopeeApplication - Starting ShopeeApplication using Java 17.0.12 with PID 5956 (C:\Users\abcxy\OneDrive\Desktop\workspace\backend\backend-clone-shopee\target\classes started by abcxy in C:\Users\abcxy\OneDrive\Desktop\workspace\backend\backend-clone-shopee)
2025-05-22 03:19:43 DEBUG com.minh.shopee.ShopeeApplication - Running with Spring Boot v3.4.5, Spring v6.2.6
2025-05-22 03:19:43 INFO  com.minh.shopee.ShopeeApplication - No active profile set, falling back to 1 default profile: "default"
2025-05-22 03:19:44 INFO  com.minh.shopee.ShopeeApplication - Started ShopeeApplication in 1.061 seconds (process running for 6726.483)
2025-05-22 03:20:05 INFO  com.minh.shopee.ShopeeApplication - Starting ShopeeApplication using Java 17.0.12 with PID 5956 (C:\Users\abcxy\OneDrive\Desktop\workspace\backend\backend-clone-shopee\target\classes started by abcxy in C:\Users\abcxy\OneDrive\Desktop\workspace\backend\backend-clone-shopee)
2025-05-22 03:20:05 DEBUG com.minh.shopee.ShopeeApplication - Running with Spring Boot v3.4.5, Spring v6.2.6
2025-05-22 03:20:05 INFO  com.minh.shopee.ShopeeApplication - No active profile set, falling back to 1 default profile: "default"
2025-05-22 03:20:06 INFO  com.minh.shopee.ShopeeApplication - Started ShopeeApplication in 1.263 seconds (process running for 6749.03)
2025-05-22 03:23:34 INFO  com.minh.shopee.ShopeeApplication - Starting ShopeeApplication using Java 17.0.12 with PID 5956 (C:\Users\abcxy\OneDrive\Desktop\workspace\backend\backend-clone-shopee\target\classes started by abcxy in C:\Users\abcxy\OneDrive\Desktop\workspace\backend\backend-clone-shopee)
2025-05-22 03:23:34 DEBUG com.minh.shopee.ShopeeApplication - Running with Spring Boot v3.4.5, Spring v6.2.6
2025-05-22 03:23:34 INFO  com.minh.shopee.ShopeeApplication - No active profile set, falling back to 1 default profile: "default"
2025-05-22 03:23:35 INFO  com.minh.shopee.ShopeeApplication - Started ShopeeApplication in 1.161 seconds (process running for 6957.549)
2025-05-22 03:23:57 INFO  com.minh.shopee.ShopeeApplication - Starting ShopeeApplication using Java 17.0.12 with PID 5956 (C:\Users\abcxy\OneDrive\Desktop\workspace\backend\backend-clone-shopee\target\classes started by abcxy in C:\Users\abcxy\OneDrive\Desktop\workspace\backend\backend-clone-shopee)
2025-05-22 03:23:57 DEBUG com.minh.shopee.ShopeeApplication - Running with Spring Boot v3.4.5, Spring v6.2.6
2025-05-22 03:23:57 INFO  com.minh.shopee.ShopeeApplication - No active profile set, falling back to 1 default profile: "default"
2025-05-22 03:23:58 INFO  com.minh.shopee.ShopeeApplication - Started ShopeeApplication in 1.091 seconds (process running for 6981.064)
2025-05-22 03:26:29 INFO  com.minh.shopee.ShopeeApplication - Starting ShopeeApplication using Java 17.0.12 with PID 5956 (C:\Users\abcxy\OneDrive\Desktop\workspace\backend\backend-clone-shopee\target\classes started by abcxy in C:\Users\abcxy\OneDrive\Desktop\workspace\backend\backend-clone-shopee)
2025-05-22 03:26:29 DEBUG com.minh.shopee.ShopeeApplication - Running with Spring Boot v3.4.5, Spring v6.2.6
2025-05-22 03:26:29 INFO  com.minh.shopee.ShopeeApplication - No active profile set, falling back to 1 default profile: "default"
2025-05-22 03:26:31 INFO  com.minh.shopee.ShopeeApplication - Started ShopeeApplication in 1.85 seconds (process running for 7134.142)
2025-05-22 03:26:33 INFO  com.minh.shopee.ShopeeApplication - Starting ShopeeApplication using Java 17.0.12 with PID 5956 (C:\Users\abcxy\OneDrive\Desktop\workspace\backend\backend-clone-shopee\target\classes started by abcxy in C:\Users\abcxy\OneDrive\Desktop\workspace\backend\backend-clone-shopee)
2025-05-22 03:26:33 DEBUG com.minh.shopee.ShopeeApplication - Running with Spring Boot v3.4.5, Spring v6.2.6
2025-05-22 03:26:33 INFO  com.minh.shopee.ShopeeApplication - No active profile set, falling back to 1 default profile: "default"
2025-05-22 03:26:35 INFO  com.minh.shopee.ShopeeApplication - Started ShopeeApplication in 1.49 seconds (process running for 7137.429)
2025-05-22 03:27:46 INFO  com.minh.shopee.ShopeeApplication - Starting ShopeeApplication using Java 17.0.12 with PID 5956 (C:\Users\abcxy\OneDrive\Desktop\workspace\backend\backend-clone-shopee\target\classes started by abcxy in C:\Users\abcxy\OneDrive\Desktop\workspace\backend\backend-clone-shopee)
2025-05-22 03:27:46 DEBUG com.minh.shopee.ShopeeApplication - Running with Spring Boot v3.4.5, Spring v6.2.6
2025-05-22 03:27:46 INFO  com.minh.shopee.ShopeeApplication - No active profile set, falling back to 1 default profile: "default"
2025-05-22 03:27:47 INFO  com.minh.shopee.ShopeeApplication - Started ShopeeApplication in 1.039 seconds (process running for 7209.95)
2025-05-22 03:28:35 INFO  com.minh.shopee.ShopeeApplication - Starting ShopeeApplication using Java 17.0.12 with PID 12732 (C:\Users\abcxy\OneDrive\Desktop\workspace\backend\backend-clone-shopee\target\classes started by abcxy in C:\Users\abcxy\OneDrive\Desktop\workspace\backend\backend-clone-shopee)
2025-05-22 03:28:35 DEBUG com.minh.shopee.ShopeeApplication - Running with Spring Boot v3.4.5, Spring v6.2.6
2025-05-22 03:28:35 INFO  com.minh.shopee.ShopeeApplication - No active profile set, falling back to 1 default profile: "default"
2025-05-22 03:28:51 INFO  com.minh.shopee.ShopeeApplication - Started ShopeeApplication in 16.597 seconds (process running for 17.424)
2025-05-22 03:31:52 INFO  com.minh.shopee.ShopeeApplication - Starting ShopeeApplication using Java 17.0.12 with PID 12732 (C:\Users\abcxy\OneDrive\Desktop\workspace\backend\backend-clone-shopee\target\classes started by abcxy in C:\Users\abcxy\OneDrive\Desktop\workspace\backend\backend-clone-shopee)
2025-05-22 03:31:52 DEBUG com.minh.shopee.ShopeeApplication - Running with Spring Boot v3.4.5, Spring v6.2.6
2025-05-22 03:31:52 INFO  com.minh.shopee.ShopeeApplication - No active profile set, falling back to 1 default profile: "default"
2025-05-22 03:31:58 INFO  com.minh.shopee.ShopeeApplication - Started ShopeeApplication in 5.321 seconds (process running for 203.791)
2025-05-22 03:31:59 INFO  com.minh.shopee.ShopeeApplication - Starting ShopeeApplication using Java 17.0.12 with PID 12732 (C:\Users\abcxy\OneDrive\Desktop\workspace\backend\backend-clone-shopee\target\classes started by abcxy in C:\Users\abcxy\OneDrive\Desktop\workspace\backend\backend-clone-shopee)
2025-05-22 03:31:59 DEBUG com.minh.shopee.ShopeeApplication - Running with Spring Boot v3.4.5, Spring v6.2.6
2025-05-22 03:31:59 INFO  com.minh.shopee.ShopeeApplication - No active profile set, falling back to 1 default profile: "default"
2025-05-22 03:32:02 INFO  com.minh.shopee.ShopeeApplication - Started ShopeeApplication in 2.537 seconds (process running for 207.916)
2025-05-22 03:32:08 INFO  com.minh.shopee.ShopeeApplication - Starting ShopeeApplication using Java 17.0.12 with PID 12732 (C:\Users\abcxy\OneDrive\Desktop\workspace\backend\backend-clone-shopee\target\classes started by abcxy in C:\Users\abcxy\OneDrive\Desktop\workspace\backend\backend-clone-shopee)
2025-05-22 03:32:08 DEBUG com.minh.shopee.ShopeeApplication - Running with Spring Boot v3.4.5, Spring v6.2.6
2025-05-22 03:32:08 INFO  com.minh.shopee.ShopeeApplication - No active profile set, falling back to 1 default profile: "default"
2025-05-22 03:32:11 INFO  com.minh.shopee.ShopeeApplication - Started ShopeeApplication in 3.428 seconds (process running for 217.099)
2025-05-22 03:32:13 INFO  com.minh.shopee.ShopeeApplication - Starting ShopeeApplication using Java 17.0.12 with PID 12732 (C:\Users\abcxy\OneDrive\Desktop\workspace\backend\backend-clone-shopee\target\classes started by abcxy in C:\Users\abcxy\OneDrive\Desktop\workspace\backend\backend-clone-shopee)
2025-05-22 03:32:13 DEBUG com.minh.shopee.ShopeeApplication - Running with Spring Boot v3.4.5, Spring v6.2.6
2025-05-22 03:32:13 INFO  com.minh.shopee.ShopeeApplication - No active profile set, falling back to 1 default profile: "default"
2025-05-22 03:32:16 INFO  com.minh.shopee.ShopeeApplication - Started ShopeeApplication in 3.703 seconds (process running for 222.413)
2025-05-22 07:27:45 INFO  com.minh.shopee.ShopeeApplication - Starting ShopeeApplication using Java 17.0.12 with PID 7676 (C:\Users\abcxy\OneDrive\Desktop\workspace\backend\backend-clone-shopee\target\classes started by abcxy in C:\Users\abcxy\OneDrive\Desktop\workspace\backend\backend-clone-shopee)
2025-05-22 07:27:45 DEBUG com.minh.shopee.ShopeeApplication - Running with Spring Boot v3.4.5, Spring v6.2.6
2025-05-22 07:27:45 INFO  com.minh.shopee.ShopeeApplication - No active profile set, falling back to 1 default profile: "default"
2025-05-22 07:28:03 INFO  com.minh.shopee.ShopeeApplication - Started ShopeeApplication in 17.774 seconds (process running for 18.052)
2025-05-22 07:59:12 INFO  com.minh.shopee.ShopeeApplication - Starting ShopeeApplication using Java 17.0.12 with PID 17404 (C:\Users\abcxy\OneDrive\Desktop\workspace\backend\backend-clone-shopee\target\classes started by abcxy in C:\Users\abcxy\OneDrive\Desktop\workspace\backend\backend-clone-shopee)
2025-05-22 07:59:12 DEBUG com.minh.shopee.ShopeeApplication - Running with Spring Boot v3.4.5, Spring v6.2.6
2025-05-22 07:59:12 INFO  com.minh.shopee.ShopeeApplication - No active profile set, falling back to 1 default profile: "default"
2025-05-22 07:59:22 INFO  com.minh.shopee.ShopeeApplication - Started ShopeeApplication in 11.254 seconds (process running for 11.883)
2025-05-22 07:59:52 INFO  com.minh.shopee.ShopeeApplication - Starting ShopeeApplication using Java 17.0.12 with PID 17404 (C:\Users\abcxy\OneDrive\Desktop\workspace\backend\backend-clone-shopee\target\classes started by abcxy in C:\Users\abcxy\OneDrive\Desktop\workspace\backend\backend-clone-shopee)
2025-05-22 07:59:52 DEBUG com.minh.shopee.ShopeeApplication - Running with Spring Boot v3.4.5, Spring v6.2.6
2025-05-22 07:59:52 INFO  com.minh.shopee.ShopeeApplication - No active profile set, falling back to 1 default profile: "default"
2025-05-22 07:59:55 INFO  com.minh.shopee.ShopeeApplication - Started ShopeeApplication in 2.834 seconds (process running for 44.151)
2025-05-22 08:00:05 INFO  com.minh.shopee.ShopeeApplication - Starting ShopeeApplication using Java 17.0.12 with PID 17404 (C:\Users\abcxy\OneDrive\Desktop\workspace\backend\backend-clone-shopee\target\classes started by abcxy in C:\Users\abcxy\OneDrive\Desktop\workspace\backend\backend-clone-shopee)
2025-05-22 08:00:05 DEBUG com.minh.shopee.ShopeeApplication - Running with Spring Boot v3.4.5, Spring v6.2.6
2025-05-22 08:00:05 INFO  com.minh.shopee.ShopeeApplication - No active profile set, falling back to 1 default profile: "default"
2025-05-22 08:00:08 INFO  com.minh.shopee.ShopeeApplication - Started ShopeeApplication in 2.226 seconds (process running for 57.207)
2025-05-22 08:01:57 INFO  com.minh.shopee.ShopeeApplication - Starting ShopeeApplication using Java 17.0.12 with PID 17404 (C:\Users\abcxy\OneDrive\Desktop\workspace\backend\backend-clone-shopee\target\classes started by abcxy in C:\Users\abcxy\OneDrive\Desktop\workspace\backend\backend-clone-shopee)
2025-05-22 08:01:57 DEBUG com.minh.shopee.ShopeeApplication - Running with Spring Boot v3.4.5, Spring v6.2.6
2025-05-22 08:01:57 INFO  com.minh.shopee.ShopeeApplication - No active profile set, falling back to 1 default profile: "default"
2025-05-22 08:01:59 INFO  com.minh.shopee.ShopeeApplication - Started ShopeeApplication in 2.122 seconds (process running for 168.247)
2025-05-22 08:03:25 INFO  com.minh.shopee.ShopeeApplication - Starting ShopeeApplication using Java 17.0.12 with PID 17404 (C:\Users\abcxy\OneDrive\Desktop\workspace\backend\backend-clone-shopee\target\classes started by abcxy in C:\Users\abcxy\OneDrive\Desktop\workspace\backend\backend-clone-shopee)
2025-05-22 08:03:25 DEBUG com.minh.shopee.ShopeeApplication - Running with Spring Boot v3.4.5, Spring v6.2.6
2025-05-22 08:03:25 INFO  com.minh.shopee.ShopeeApplication - No active profile set, falling back to 1 default profile: "default"
2025-05-22 08:03:26 INFO  com.minh.shopee.ShopeeApplication - Started ShopeeApplication in 1.5 seconds (process running for 255.687)
2025-05-22 08:13:11 INFO  com.minh.shopee.ShopeeApplication - Starting ShopeeApplication using Java 17.0.12 with PID 14292 (C:\Users\abcxy\OneDrive\Desktop\workspace\backend\backend-clone-shopee\target\classes started by abcxy in C:\Users\abcxy\OneDrive\Desktop\workspace\backend\backend-clone-shopee)
2025-05-22 08:13:11 DEBUG com.minh.shopee.ShopeeApplication - Running with Spring Boot v3.4.5, Spring v6.2.6
2025-05-22 08:13:11 INFO  com.minh.shopee.ShopeeApplication - No active profile set, falling back to 1 default profile: "default"
2025-05-22 08:13:22 INFO  com.minh.shopee.ShopeeApplication - Started ShopeeApplication in 11.455 seconds (process running for 12.131)
2025-05-22 08:16:52 INFO  com.minh.shopee.ShopeeApplication - Starting ShopeeApplication using Java 17.0.12 with PID 13860 (C:\Users\abcxy\OneDrive\Desktop\workspace\backend\backend-clone-shopee\target\classes started by abcxy in C:\Users\abcxy\OneDrive\Desktop\workspace\backend\backend-clone-shopee)
2025-05-22 08:16:52 DEBUG com.minh.shopee.ShopeeApplication - Running with Spring Boot v3.4.5, Spring v6.2.6
2025-05-22 08:16:52 INFO  com.minh.shopee.ShopeeApplication - No active profile set, falling back to 1 default profile: "default"
2025-05-22 08:17:07 INFO  com.minh.shopee.ShopeeApplication - Started ShopeeApplication in 15.17 seconds (process running for 15.457)
