2025-06-09 16:15:11 INFO  com.minh.shopee.ShopeeApplication - Starting ShopeeApplication using Java 17.0.12 with PID 17404 (C:\Users\abcxy\OneDrive\Desktop\workspace\project\shopee_clone\backend-clone-shopee\target\classes started by abcxy in C:\Users\abcxy\OneDrive\Desktop\workspace\project\shopee_clone\backend-clone-shopee)
2025-06-09 16:15:11 DEBUG com.minh.shopee.ShopeeApplication - Running with Spring Boot v3.4.5, Spring v6.2.6
2025-06-09 16:15:11 INFO  com.minh.shopee.ShopeeApplication - No active profile set, falling back to 1 default profile: "default"
2025-06-09 16:15:21 INFO  com.minh.shopee.ShopeeApplication - Started ShopeeApplication in 11.073 seconds (process running for 11.707)
2025-06-09 16:15:34 INFO  com.minh.shopee.ShopeeApplication - Starting ShopeeApplication using Java 17.0.12 with PID 17404 (C:\Users\abcxy\OneDrive\Desktop\workspace\project\shopee_clone\backend-clone-shopee\target\classes started by abcxy in C:\Users\abcxy\OneDrive\Desktop\workspace\project\shopee_clone\backend-clone-shopee)
2025-06-09 16:15:34 DEBUG com.minh.shopee.ShopeeApplication - Running with Spring Boot v3.4.5, Spring v6.2.6
2025-06-09 16:15:34 INFO  com.minh.shopee.ShopeeApplication - No active profile set, falling back to 1 default profile: "default"
2025-06-09 16:15:38 INFO  com.minh.shopee.ShopeeApplication - Started ShopeeApplication in 3.628 seconds (process running for 28.245)
2025-06-09 16:15:57 INFO  com.minh.shopee.ShopeeApplication - Starting ShopeeApplication using Java 17.0.12 with PID 17404 (C:\Users\abcxy\OneDrive\Desktop\workspace\project\shopee_clone\backend-clone-shopee\target\classes started by abcxy in C:\Users\abcxy\OneDrive\Desktop\workspace\project\shopee_clone\backend-clone-shopee)
2025-06-09 16:15:57 DEBUG com.minh.shopee.ShopeeApplication - Running with Spring Boot v3.4.5, Spring v6.2.6
2025-06-09 16:15:57 INFO  com.minh.shopee.ShopeeApplication - No active profile set, falling back to 1 default profile: "default"
2025-06-09 16:16:00 INFO  com.minh.shopee.ShopeeApplication - Started ShopeeApplication in 2.803 seconds (process running for 50.27)
2025-06-09 16:16:02 INFO  com.minh.shopee.ShopeeApplication - Starting ShopeeApplication using Java 17.0.12 with PID 17404 (C:\Users\abcxy\OneDrive\Desktop\workspace\project\shopee_clone\backend-clone-shopee\target\classes started by abcxy in C:\Users\abcxy\OneDrive\Desktop\workspace\project\shopee_clone\backend-clone-shopee)
2025-06-09 16:16:02 DEBUG com.minh.shopee.ShopeeApplication - Running with Spring Boot v3.4.5, Spring v6.2.6
2025-06-09 16:16:02 INFO  com.minh.shopee.ShopeeApplication - No active profile set, falling back to 1 default profile: "default"
2025-06-09 16:16:04 INFO  com.minh.shopee.ShopeeApplication - Started ShopeeApplication in 2.305 seconds (process running for 54.627)
2025-06-09 16:16:06 INFO  com.minh.shopee.ShopeeApplication - Starting ShopeeApplication using Java 17.0.12 with PID 17404 (C:\Users\abcxy\OneDrive\Desktop\workspace\project\shopee_clone\backend-clone-shopee\target\classes started by abcxy in C:\Users\abcxy\OneDrive\Desktop\workspace\project\shopee_clone\backend-clone-shopee)
2025-06-09 16:16:06 DEBUG com.minh.shopee.ShopeeApplication - Running with Spring Boot v3.4.5, Spring v6.2.6
2025-06-09 16:16:06 INFO  com.minh.shopee.ShopeeApplication - No active profile set, falling back to 1 default profile: "default"
2025-06-09 16:16:07 INFO  com.minh.shopee.ShopeeApplication - Started ShopeeApplication in 1.743 seconds (process running for 58.109)
2025-06-09 16:16:09 INFO  com.minh.shopee.ShopeeApplication - Starting ShopeeApplication using Java 17.0.12 with PID 17404 (C:\Users\abcxy\OneDrive\Desktop\workspace\project\shopee_clone\backend-clone-shopee\target\classes started by abcxy in C:\Users\abcxy\OneDrive\Desktop\workspace\project\shopee_clone\backend-clone-shopee)
2025-06-09 16:16:09 DEBUG com.minh.shopee.ShopeeApplication - Running with Spring Boot v3.4.5, Spring v6.2.6
2025-06-09 16:16:09 INFO  com.minh.shopee.ShopeeApplication - No active profile set, falling back to 1 default profile: "default"
2025-06-09 16:16:11 INFO  com.minh.shopee.ShopeeApplication - Started ShopeeApplication in 1.966 seconds (process running for 61.757)
2025-06-09 16:16:14 INFO  com.minh.shopee.ShopeeApplication - Starting ShopeeApplication using Java 17.0.12 with PID 17404 (C:\Users\abcxy\OneDrive\Desktop\workspace\project\shopee_clone\backend-clone-shopee\target\classes started by abcxy in C:\Users\abcxy\OneDrive\Desktop\workspace\project\shopee_clone\backend-clone-shopee)
2025-06-09 16:16:14 DEBUG com.minh.shopee.ShopeeApplication - Running with Spring Boot v3.4.5, Spring v6.2.6
2025-06-09 16:16:14 INFO  com.minh.shopee.ShopeeApplication - No active profile set, falling back to 1 default profile: "default"
2025-06-09 16:16:17 INFO  com.minh.shopee.ShopeeApplication - Started ShopeeApplication in 2.886 seconds (process running for 67.442)
2025-06-09 16:16:18 INFO  com.minh.shopee.ShopeeApplication - Starting ShopeeApplication using Java 17.0.12 with PID 17404 (C:\Users\abcxy\OneDrive\Desktop\workspace\project\shopee_clone\backend-clone-shopee\target\classes started by abcxy in C:\Users\abcxy\OneDrive\Desktop\workspace\project\shopee_clone\backend-clone-shopee)
2025-06-09 16:16:18 DEBUG com.minh.shopee.ShopeeApplication - Running with Spring Boot v3.4.5, Spring v6.2.6
2025-06-09 16:16:18 INFO  com.minh.shopee.ShopeeApplication - No active profile set, falling back to 1 default profile: "default"
2025-06-09 16:16:21 INFO  com.minh.shopee.ShopeeApplication - Started ShopeeApplication in 2.522 seconds (process running for 71.599)
2025-06-09 16:16:23 INFO  com.minh.shopee.ShopeeApplication - Starting ShopeeApplication using Java 17.0.12 with PID 17404 (C:\Users\abcxy\OneDrive\Desktop\workspace\project\shopee_clone\backend-clone-shopee\target\classes started by abcxy in C:\Users\abcxy\OneDrive\Desktop\workspace\project\shopee_clone\backend-clone-shopee)
2025-06-09 16:16:23 DEBUG com.minh.shopee.ShopeeApplication - Running with Spring Boot v3.4.5, Spring v6.2.6
2025-06-09 16:16:23 INFO  com.minh.shopee.ShopeeApplication - No active profile set, falling back to 1 default profile: "default"
2025-06-09 16:16:24 INFO  com.minh.shopee.ShopeeApplication - Started ShopeeApplication in 1.474 seconds (process running for 74.71)
2025-06-09 16:26:54 INFO  com.minh.shopee.ShopeeApplication - Starting ShopeeApplication using Java 17.0.12 with PID 17404 (C:\Users\abcxy\OneDrive\Desktop\workspace\project\shopee_clone\backend-clone-shopee\target\classes started by abcxy in C:\Users\abcxy\OneDrive\Desktop\workspace\project\shopee_clone\backend-clone-shopee)
2025-06-09 16:26:54 DEBUG com.minh.shopee.ShopeeApplication - Running with Spring Boot v3.4.5, Spring v6.2.6
2025-06-09 16:26:54 INFO  com.minh.shopee.ShopeeApplication - No active profile set, falling back to 1 default profile: "default"
2025-06-09 16:26:55 INFO  com.minh.shopee.ShopeeApplication - Started ShopeeApplication in 1.598 seconds (process running for 705.971)
2025-06-09 16:28:51 INFO  com.minh.shopee.ShopeeApplication - Starting ShopeeApplication using Java 17.0.12 with PID 17404 (C:\Users\abcxy\OneDrive\Desktop\workspace\project\shopee_clone\backend-clone-shopee\target\classes started by abcxy in C:\Users\abcxy\OneDrive\Desktop\workspace\project\shopee_clone\backend-clone-shopee)
2025-06-09 16:28:51 DEBUG com.minh.shopee.ShopeeApplication - Running with Spring Boot v3.4.5, Spring v6.2.6
2025-06-09 16:28:51 INFO  com.minh.shopee.ShopeeApplication - No active profile set, falling back to 1 default profile: "default"
2025-06-09 16:28:53 INFO  com.minh.shopee.ShopeeApplication - Started ShopeeApplication in 1.42 seconds (process running for 823.213)
2025-06-09 16:28:54 INFO  com.minh.shopee.ShopeeApplication - Starting ShopeeApplication using Java 17.0.12 with PID 17404 (C:\Users\abcxy\OneDrive\Desktop\workspace\project\shopee_clone\backend-clone-shopee\target\classes started by abcxy in C:\Users\abcxy\OneDrive\Desktop\workspace\project\shopee_clone\backend-clone-shopee)
2025-06-09 16:28:54 DEBUG com.minh.shopee.ShopeeApplication - Running with Spring Boot v3.4.5, Spring v6.2.6
2025-06-09 16:28:54 INFO  com.minh.shopee.ShopeeApplication - No active profile set, falling back to 1 default profile: "default"
2025-06-09 16:28:55 INFO  com.minh.shopee.ShopeeApplication - Started ShopeeApplication in 0.998 seconds (process running for 825.823)
2025-06-09 16:32:26 INFO  com.minh.shopee.ShopeeApplication - Starting ShopeeApplication using Java 17.0.12 with PID 17404 (C:\Users\abcxy\OneDrive\Desktop\workspace\project\shopee_clone\backend-clone-shopee\target\classes started by abcxy in C:\Users\abcxy\OneDrive\Desktop\workspace\project\shopee_clone\backend-clone-shopee)
2025-06-09 16:32:26 DEBUG com.minh.shopee.ShopeeApplication - Running with Spring Boot v3.4.5, Spring v6.2.6
2025-06-09 16:32:26 INFO  com.minh.shopee.ShopeeApplication - No active profile set, falling back to 1 default profile: "default"
2025-06-09 16:32:28 INFO  com.minh.shopee.ShopeeApplication - Started ShopeeApplication in 2.14 seconds (process running for 1038.381)
2025-06-09 16:32:29 INFO  com.minh.shopee.ShopeeApplication - Starting ShopeeApplication using Java 17.0.12 with PID 17404 (C:\Users\abcxy\OneDrive\Desktop\workspace\project\shopee_clone\backend-clone-shopee\target\classes started by abcxy in C:\Users\abcxy\OneDrive\Desktop\workspace\project\shopee_clone\backend-clone-shopee)
2025-06-09 16:32:29 DEBUG com.minh.shopee.ShopeeApplication - Running with Spring Boot v3.4.5, Spring v6.2.6
2025-06-09 16:32:29 INFO  com.minh.shopee.ShopeeApplication - No active profile set, falling back to 1 default profile: "default"
2025-06-09 16:32:31 INFO  com.minh.shopee.ShopeeApplication - Started ShopeeApplication in 1.668 seconds (process running for 1041.7)
2025-06-09 16:33:22 INFO  com.minh.shopee.ShopeeApplication - Starting ShopeeApplication using Java 17.0.12 with PID 17404 (C:\Users\abcxy\OneDrive\Desktop\workspace\project\shopee_clone\backend-clone-shopee\target\classes started by abcxy in C:\Users\abcxy\OneDrive\Desktop\workspace\project\shopee_clone\backend-clone-shopee)
2025-06-09 16:33:22 DEBUG com.minh.shopee.ShopeeApplication - Running with Spring Boot v3.4.5, Spring v6.2.6
2025-06-09 16:33:22 INFO  com.minh.shopee.ShopeeApplication - No active profile set, falling back to 1 default profile: "default"
2025-06-09 16:33:24 INFO  com.minh.shopee.ShopeeApplication - Started ShopeeApplication in 1.797 seconds (process running for 1094.675)
2025-06-09 16:33:36 INFO  com.minh.shopee.ShopeeApplication - Starting ShopeeApplication using Java 17.0.12 with PID 17404 (C:\Users\abcxy\OneDrive\Desktop\workspace\project\shopee_clone\backend-clone-shopee\target\classes started by abcxy in C:\Users\abcxy\OneDrive\Desktop\workspace\project\shopee_clone\backend-clone-shopee)
2025-06-09 16:33:36 DEBUG com.minh.shopee.ShopeeApplication - Running with Spring Boot v3.4.5, Spring v6.2.6
2025-06-09 16:33:36 INFO  com.minh.shopee.ShopeeApplication - No active profile set, falling back to 1 default profile: "default"
2025-06-09 16:33:37 INFO  com.minh.shopee.ShopeeApplication - Started ShopeeApplication in 1.237 seconds (process running for 1107.904)
2025-06-09 16:33:43 INFO  com.minh.shopee.ShopeeApplication - Starting ShopeeApplication using Java 17.0.12 with PID 17404 (C:\Users\abcxy\OneDrive\Desktop\workspace\project\shopee_clone\backend-clone-shopee\target\classes started by abcxy in C:\Users\abcxy\OneDrive\Desktop\workspace\project\shopee_clone\backend-clone-shopee)
2025-06-09 16:33:43 DEBUG com.minh.shopee.ShopeeApplication - Running with Spring Boot v3.4.5, Spring v6.2.6
2025-06-09 16:33:43 INFO  com.minh.shopee.ShopeeApplication - No active profile set, falling back to 1 default profile: "default"
2025-06-09 16:33:44 INFO  com.minh.shopee.ShopeeApplication - Started ShopeeApplication in 1.126 seconds (process running for 1114.821)
2025-06-09 16:34:06 INFO  com.minh.shopee.ShopeeApplication - Starting ShopeeApplication using Java 17.0.12 with PID 17404 (C:\Users\abcxy\OneDrive\Desktop\workspace\project\shopee_clone\backend-clone-shopee\target\classes started by abcxy in C:\Users\abcxy\OneDrive\Desktop\workspace\project\shopee_clone\backend-clone-shopee)
2025-06-09 16:34:06 DEBUG com.minh.shopee.ShopeeApplication - Running with Spring Boot v3.4.5, Spring v6.2.6
2025-06-09 16:34:06 INFO  com.minh.shopee.ShopeeApplication - No active profile set, falling back to 1 default profile: "default"
2025-06-09 16:34:08 INFO  com.minh.shopee.ShopeeApplication - Started ShopeeApplication in 2.479 seconds (process running for 1138.768)
2025-06-09 16:37:18 INFO  com.minh.shopee.ShopeeApplication - Starting ShopeeApplication using Java 17.0.12 with PID 17404 (C:\Users\abcxy\OneDrive\Desktop\workspace\project\shopee_clone\backend-clone-shopee\target\classes started by abcxy in C:\Users\abcxy\OneDrive\Desktop\workspace\project\shopee_clone\backend-clone-shopee)
2025-06-09 16:37:18 DEBUG com.minh.shopee.ShopeeApplication - Running with Spring Boot v3.4.5, Spring v6.2.6
2025-06-09 16:37:18 INFO  com.minh.shopee.ShopeeApplication - No active profile set, falling back to 1 default profile: "default"
2025-06-09 16:37:20 INFO  com.minh.shopee.ShopeeApplication - Started ShopeeApplication in 1.236 seconds (process running for 1330.092)
2025-06-09 16:39:31 INFO  com.minh.shopee.ShopeeApplication - Starting ShopeeApplication using Java 17.0.12 with PID 17404 (C:\Users\abcxy\OneDrive\Desktop\workspace\project\shopee_clone\backend-clone-shopee\target\classes started by abcxy in C:\Users\abcxy\OneDrive\Desktop\workspace\project\shopee_clone\backend-clone-shopee)
2025-06-09 16:39:31 DEBUG com.minh.shopee.ShopeeApplication - Running with Spring Boot v3.4.5, Spring v6.2.6
2025-06-09 16:39:31 INFO  com.minh.shopee.ShopeeApplication - No active profile set, falling back to 1 default profile: "default"
2025-06-09 16:39:32 INFO  com.minh.shopee.ShopeeApplication - Started ShopeeApplication in 1.376 seconds (process running for 1462.951)
2025-06-09 16:39:35 INFO  com.minh.shopee.ShopeeApplication - Starting ShopeeApplication using Java 17.0.12 with PID 17404 (C:\Users\abcxy\OneDrive\Desktop\workspace\project\shopee_clone\backend-clone-shopee\target\classes started by abcxy in C:\Users\abcxy\OneDrive\Desktop\workspace\project\shopee_clone\backend-clone-shopee)
2025-06-09 16:39:35 DEBUG com.minh.shopee.ShopeeApplication - Running with Spring Boot v3.4.5, Spring v6.2.6
2025-06-09 16:39:35 INFO  com.minh.shopee.ShopeeApplication - No active profile set, falling back to 1 default profile: "default"
2025-06-09 16:39:36 INFO  com.minh.shopee.ShopeeApplication - Started ShopeeApplication in 1.153 seconds (process running for 1466.794)
2025-06-09 16:39:39 INFO  com.minh.shopee.ShopeeApplication - Starting ShopeeApplication using Java 17.0.12 with PID 17404 (C:\Users\abcxy\OneDrive\Desktop\workspace\project\shopee_clone\backend-clone-shopee\target\classes started by abcxy in C:\Users\abcxy\OneDrive\Desktop\workspace\project\shopee_clone\backend-clone-shopee)
2025-06-09 16:39:39 DEBUG com.minh.shopee.ShopeeApplication - Running with Spring Boot v3.4.5, Spring v6.2.6
2025-06-09 16:39:39 INFO  com.minh.shopee.ShopeeApplication - No active profile set, falling back to 1 default profile: "default"
2025-06-09 16:39:40 INFO  com.minh.shopee.ShopeeApplication - Started ShopeeApplication in 1.086 seconds (process running for 1470.537)
2025-06-09 16:40:27 INFO  com.minh.shopee.ShopeeApplication - Starting ShopeeApplication using Java 17.0.12 with PID 17404 (C:\Users\abcxy\OneDrive\Desktop\workspace\project\shopee_clone\backend-clone-shopee\target\classes started by abcxy in C:\Users\abcxy\OneDrive\Desktop\workspace\project\shopee_clone\backend-clone-shopee)
2025-06-09 16:40:27 DEBUG com.minh.shopee.ShopeeApplication - Running with Spring Boot v3.4.5, Spring v6.2.6
2025-06-09 16:40:27 INFO  com.minh.shopee.ShopeeApplication - No active profile set, falling back to 1 default profile: "default"
2025-06-09 16:40:28 INFO  com.minh.shopee.ShopeeApplication - Started ShopeeApplication in 1.216 seconds (process running for 1518.898)
2025-06-09 16:40:32 INFO  com.minh.shopee.ShopeeApplication - Starting ShopeeApplication using Java 17.0.12 with PID 17404 (C:\Users\abcxy\OneDrive\Desktop\workspace\project\shopee_clone\backend-clone-shopee\target\classes started by abcxy in C:\Users\abcxy\OneDrive\Desktop\workspace\project\shopee_clone\backend-clone-shopee)
2025-06-09 16:40:32 DEBUG com.minh.shopee.ShopeeApplication - Running with Spring Boot v3.4.5, Spring v6.2.6
2025-06-09 16:40:32 INFO  com.minh.shopee.ShopeeApplication - No active profile set, falling back to 1 default profile: "default"
2025-06-09 16:40:34 INFO  com.minh.shopee.ShopeeApplication - Started ShopeeApplication in 1.27 seconds (process running for 1524.23)
2025-06-09 16:40:35 INFO  com.minh.shopee.ShopeeApplication - Starting ShopeeApplication using Java 17.0.12 with PID 17404 (C:\Users\abcxy\OneDrive\Desktop\workspace\project\shopee_clone\backend-clone-shopee\target\classes started by abcxy in C:\Users\abcxy\OneDrive\Desktop\workspace\project\shopee_clone\backend-clone-shopee)
2025-06-09 16:40:35 DEBUG com.minh.shopee.ShopeeApplication - Running with Spring Boot v3.4.5, Spring v6.2.6
2025-06-09 16:40:35 INFO  com.minh.shopee.ShopeeApplication - No active profile set, falling back to 1 default profile: "default"
2025-06-09 16:40:37 INFO  com.minh.shopee.ShopeeApplication - Started ShopeeApplication in 1.37 seconds (process running for 1527.275)
2025-06-09 16:40:39 INFO  com.minh.shopee.ShopeeApplication - Starting ShopeeApplication using Java 17.0.12 with PID 17404 (C:\Users\abcxy\OneDrive\Desktop\workspace\project\shopee_clone\backend-clone-shopee\target\classes started by abcxy in C:\Users\abcxy\OneDrive\Desktop\workspace\project\shopee_clone\backend-clone-shopee)
2025-06-09 16:40:39 DEBUG com.minh.shopee.ShopeeApplication - Running with Spring Boot v3.4.5, Spring v6.2.6
2025-06-09 16:40:39 INFO  com.minh.shopee.ShopeeApplication - No active profile set, falling back to 1 default profile: "default"
2025-06-09 16:40:40 INFO  com.minh.shopee.ShopeeApplication - Started ShopeeApplication in 0.924 seconds (process running for 1530.951)
2025-06-09 16:40:42 INFO  com.minh.shopee.ShopeeApplication - Starting ShopeeApplication using Java 17.0.12 with PID 17404 (C:\Users\abcxy\OneDrive\Desktop\workspace\project\shopee_clone\backend-clone-shopee\target\classes started by abcxy in C:\Users\abcxy\OneDrive\Desktop\workspace\project\shopee_clone\backend-clone-shopee)
2025-06-09 16:40:42 DEBUG com.minh.shopee.ShopeeApplication - Running with Spring Boot v3.4.5, Spring v6.2.6
2025-06-09 16:40:42 INFO  com.minh.shopee.ShopeeApplication - No active profile set, falling back to 1 default profile: "default"
2025-06-09 16:40:43 INFO  com.minh.shopee.ShopeeApplication - Started ShopeeApplication in 1.016 seconds (process running for 1533.638)
2025-06-09 16:41:54 INFO  com.minh.shopee.ShopeeApplication - Starting ShopeeApplication using Java 17.0.12 with PID 17404 (C:\Users\abcxy\OneDrive\Desktop\workspace\project\shopee_clone\backend-clone-shopee\target\classes started by abcxy in C:\Users\abcxy\OneDrive\Desktop\workspace\project\shopee_clone\backend-clone-shopee)
2025-06-09 16:41:54 DEBUG com.minh.shopee.ShopeeApplication - Running with Spring Boot v3.4.5, Spring v6.2.6
2025-06-09 16:41:54 INFO  com.minh.shopee.ShopeeApplication - No active profile set, falling back to 1 default profile: "default"
2025-06-09 16:41:55 INFO  com.minh.shopee.ShopeeApplication - Started ShopeeApplication in 1.15 seconds (process running for 1605.665)
2025-06-09 16:47:21 INFO  com.minh.shopee.ShopeeApplication - Starting ShopeeApplication using Java 17.0.12 with PID 17404 (C:\Users\abcxy\OneDrive\Desktop\workspace\project\shopee_clone\backend-clone-shopee\target\classes started by abcxy in C:\Users\abcxy\OneDrive\Desktop\workspace\project\shopee_clone\backend-clone-shopee)
2025-06-09 16:47:21 DEBUG com.minh.shopee.ShopeeApplication - Running with Spring Boot v3.4.5, Spring v6.2.6
2025-06-09 16:47:21 INFO  com.minh.shopee.ShopeeApplication - No active profile set, falling back to 1 default profile: "default"
2025-06-09 16:47:22 INFO  com.minh.shopee.ShopeeApplication - Started ShopeeApplication in 1.185 seconds (process running for 1932.408)
2025-06-09 16:47:24 INFO  com.minh.shopee.ShopeeApplication - Starting ShopeeApplication using Java 17.0.12 with PID 17404 (C:\Users\abcxy\OneDrive\Desktop\workspace\project\shopee_clone\backend-clone-shopee\target\classes started by abcxy in C:\Users\abcxy\OneDrive\Desktop\workspace\project\shopee_clone\backend-clone-shopee)
2025-06-09 16:47:24 DEBUG com.minh.shopee.ShopeeApplication - Running with Spring Boot v3.4.5, Spring v6.2.6
2025-06-09 16:47:24 INFO  com.minh.shopee.ShopeeApplication - No active profile set, falling back to 1 default profile: "default"
2025-06-09 16:47:25 INFO  com.minh.shopee.ShopeeApplication - Started ShopeeApplication in 1.174 seconds (process running for 1935.241)
2025-06-09 16:47:35 INFO  com.minh.shopee.ShopeeApplication - Starting ShopeeApplication using Java 17.0.12 with PID 17404 (C:\Users\abcxy\OneDrive\Desktop\workspace\project\shopee_clone\backend-clone-shopee\target\classes started by abcxy in C:\Users\abcxy\OneDrive\Desktop\workspace\project\shopee_clone\backend-clone-shopee)
2025-06-09 16:47:35 DEBUG com.minh.shopee.ShopeeApplication - Running with Spring Boot v3.4.5, Spring v6.2.6
2025-06-09 16:47:35 INFO  com.minh.shopee.ShopeeApplication - No active profile set, falling back to 1 default profile: "default"
2025-06-09 16:47:36 INFO  com.minh.shopee.ShopeeApplication - Started ShopeeApplication in 1.0 seconds (process running for 1946.2)
2025-06-09 16:47:40 INFO  com.minh.shopee.ShopeeApplication - Starting ShopeeApplication using Java 17.0.12 with PID 17404 (C:\Users\abcxy\OneDrive\Desktop\workspace\project\shopee_clone\backend-clone-shopee\target\classes started by abcxy in C:\Users\abcxy\OneDrive\Desktop\workspace\project\shopee_clone\backend-clone-shopee)
2025-06-09 16:47:40 DEBUG com.minh.shopee.ShopeeApplication - Running with Spring Boot v3.4.5, Spring v6.2.6
2025-06-09 16:47:40 INFO  com.minh.shopee.ShopeeApplication - No active profile set, falling back to 1 default profile: "default"
2025-06-09 16:47:42 INFO  com.minh.shopee.ShopeeApplication - Started ShopeeApplication in 1.867 seconds (process running for 1952.853)
2025-06-09 16:47:44 INFO  com.minh.shopee.ShopeeApplication - Starting ShopeeApplication using Java 17.0.12 with PID 17404 (C:\Users\abcxy\OneDrive\Desktop\workspace\project\shopee_clone\backend-clone-shopee\target\classes started by abcxy in C:\Users\abcxy\OneDrive\Desktop\workspace\project\shopee_clone\backend-clone-shopee)
2025-06-09 16:47:44 DEBUG com.minh.shopee.ShopeeApplication - Running with Spring Boot v3.4.5, Spring v6.2.6
2025-06-09 16:47:44 INFO  com.minh.shopee.ShopeeApplication - No active profile set, falling back to 1 default profile: "default"
2025-06-09 16:47:46 INFO  com.minh.shopee.ShopeeApplication - Started ShopeeApplication in 1.699 seconds (process running for 1956.276)
2025-06-09 16:47:47 INFO  com.minh.shopee.ShopeeApplication - Starting ShopeeApplication using Java 17.0.12 with PID 17404 (C:\Users\abcxy\OneDrive\Desktop\workspace\project\shopee_clone\backend-clone-shopee\target\classes started by abcxy in C:\Users\abcxy\OneDrive\Desktop\workspace\project\shopee_clone\backend-clone-shopee)
2025-06-09 16:47:47 DEBUG com.minh.shopee.ShopeeApplication - Running with Spring Boot v3.4.5, Spring v6.2.6
2025-06-09 16:47:47 INFO  com.minh.shopee.ShopeeApplication - No active profile set, falling back to 1 default profile: "default"
2025-06-09 16:47:48 INFO  com.minh.shopee.ShopeeApplication - Started ShopeeApplication in 0.947 seconds (process running for 1958.889)
2025-06-09 16:47:55 INFO  com.minh.shopee.ShopeeApplication - Starting ShopeeApplication using Java 17.0.12 with PID 17404 (C:\Users\abcxy\OneDrive\Desktop\workspace\project\shopee_clone\backend-clone-shopee\target\classes started by abcxy in C:\Users\abcxy\OneDrive\Desktop\workspace\project\shopee_clone\backend-clone-shopee)
2025-06-09 16:47:55 DEBUG com.minh.shopee.ShopeeApplication - Running with Spring Boot v3.4.5, Spring v6.2.6
2025-06-09 16:47:55 INFO  com.minh.shopee.ShopeeApplication - No active profile set, falling back to 1 default profile: "default"
2025-06-09 16:47:56 INFO  com.minh.shopee.ShopeeApplication - Started ShopeeApplication in 1.124 seconds (process running for 1967.036)
2025-06-09 16:48:05 INFO  com.minh.shopee.ShopeeApplication - Starting ShopeeApplication using Java 17.0.12 with PID 17404 (C:\Users\abcxy\OneDrive\Desktop\workspace\project\shopee_clone\backend-clone-shopee\target\classes started by abcxy in C:\Users\abcxy\OneDrive\Desktop\workspace\project\shopee_clone\backend-clone-shopee)
2025-06-09 16:48:05 DEBUG com.minh.shopee.ShopeeApplication - Running with Spring Boot v3.4.5, Spring v6.2.6
2025-06-09 16:48:05 INFO  com.minh.shopee.ShopeeApplication - No active profile set, falling back to 1 default profile: "default"
2025-06-09 16:48:06 INFO  com.minh.shopee.ShopeeApplication - Started ShopeeApplication in 1.026 seconds (process running for 1976.981)
2025-06-09 16:48:26 INFO  com.minh.shopee.ShopeeApplication - Starting ShopeeApplication using Java 17.0.12 with PID 17404 (C:\Users\abcxy\OneDrive\Desktop\workspace\project\shopee_clone\backend-clone-shopee\target\classes started by abcxy in C:\Users\abcxy\OneDrive\Desktop\workspace\project\shopee_clone\backend-clone-shopee)
2025-06-09 16:48:26 DEBUG com.minh.shopee.ShopeeApplication - Running with Spring Boot v3.4.5, Spring v6.2.6
2025-06-09 16:48:26 INFO  com.minh.shopee.ShopeeApplication - No active profile set, falling back to 1 default profile: "default"
2025-06-09 16:48:27 INFO  com.minh.shopee.ShopeeApplication - Started ShopeeApplication in 1.004 seconds (process running for 1997.228)
2025-06-09 16:48:36 INFO  com.minh.shopee.ShopeeApplication - Starting ShopeeApplication using Java 17.0.12 with PID 17404 (C:\Users\abcxy\OneDrive\Desktop\workspace\project\shopee_clone\backend-clone-shopee\target\classes started by abcxy in C:\Users\abcxy\OneDrive\Desktop\workspace\project\shopee_clone\backend-clone-shopee)
2025-06-09 16:48:36 DEBUG com.minh.shopee.ShopeeApplication - Running with Spring Boot v3.4.5, Spring v6.2.6
2025-06-09 16:48:36 INFO  com.minh.shopee.ShopeeApplication - No active profile set, falling back to 1 default profile: "default"
2025-06-09 16:48:37 INFO  com.minh.shopee.ShopeeApplication - Started ShopeeApplication in 1.097 seconds (process running for 2007.338)
2025-06-09 16:48:45 INFO  com.minh.shopee.ShopeeApplication - Starting ShopeeApplication using Java 17.0.12 with PID 17404 (C:\Users\abcxy\OneDrive\Desktop\workspace\project\shopee_clone\backend-clone-shopee\target\classes started by abcxy in C:\Users\abcxy\OneDrive\Desktop\workspace\project\shopee_clone\backend-clone-shopee)
2025-06-09 16:48:45 DEBUG com.minh.shopee.ShopeeApplication - Running with Spring Boot v3.4.5, Spring v6.2.6
2025-06-09 16:48:45 INFO  com.minh.shopee.ShopeeApplication - No active profile set, falling back to 1 default profile: "default"
2025-06-09 16:48:46 INFO  com.minh.shopee.ShopeeApplication - Started ShopeeApplication in 1.159 seconds (process running for 2016.511)
2025-06-09 16:48:48 INFO  com.minh.shopee.ShopeeApplication - Starting ShopeeApplication using Java 17.0.12 with PID 17404 (C:\Users\abcxy\OneDrive\Desktop\workspace\project\shopee_clone\backend-clone-shopee\target\classes started by abcxy in C:\Users\abcxy\OneDrive\Desktop\workspace\project\shopee_clone\backend-clone-shopee)
2025-06-09 16:48:48 DEBUG com.minh.shopee.ShopeeApplication - Running with Spring Boot v3.4.5, Spring v6.2.6
2025-06-09 16:48:48 INFO  com.minh.shopee.ShopeeApplication - No active profile set, falling back to 1 default profile: "default"
2025-06-09 16:48:49 INFO  com.minh.shopee.ShopeeApplication - Started ShopeeApplication in 1.112 seconds (process running for 2019.337)
2025-06-09 16:50:24 INFO  com.minh.shopee.ShopeeApplication - Starting ShopeeApplication using Java 17.0.12 with PID 17404 (C:\Users\abcxy\OneDrive\Desktop\workspace\project\shopee_clone\backend-clone-shopee\target\classes started by abcxy in C:\Users\abcxy\OneDrive\Desktop\workspace\project\shopee_clone\backend-clone-shopee)
2025-06-09 16:50:24 DEBUG com.minh.shopee.ShopeeApplication - Running with Spring Boot v3.4.5, Spring v6.2.6
2025-06-09 16:50:24 INFO  com.minh.shopee.ShopeeApplication - No active profile set, falling back to 1 default profile: "default"
2025-06-09 16:50:25 INFO  com.minh.shopee.ShopeeApplication - Started ShopeeApplication in 1.184 seconds (process running for 2115.291)
2025-06-09 16:50:45 INFO  com.minh.shopee.ShopeeApplication - Starting ShopeeApplication using Java 17.0.12 with PID 17404 (C:\Users\abcxy\OneDrive\Desktop\workspace\project\shopee_clone\backend-clone-shopee\target\classes started by abcxy in C:\Users\abcxy\OneDrive\Desktop\workspace\project\shopee_clone\backend-clone-shopee)
2025-06-09 16:50:45 DEBUG com.minh.shopee.ShopeeApplication - Running with Spring Boot v3.4.5, Spring v6.2.6
2025-06-09 16:50:45 INFO  com.minh.shopee.ShopeeApplication - No active profile set, falling back to 1 default profile: "default"
2025-06-09 16:50:47 INFO  com.minh.shopee.ShopeeApplication - Started ShopeeApplication in 2.015 seconds (process running for 2137.825)
2025-06-09 16:50:49 INFO  com.minh.shopee.ShopeeApplication - Starting ShopeeApplication using Java 17.0.12 with PID 17404 (C:\Users\abcxy\OneDrive\Desktop\workspace\project\shopee_clone\backend-clone-shopee\target\classes started by abcxy in C:\Users\abcxy\OneDrive\Desktop\workspace\project\shopee_clone\backend-clone-shopee)
2025-06-09 16:50:49 DEBUG com.minh.shopee.ShopeeApplication - Running with Spring Boot v3.4.5, Spring v6.2.6
2025-06-09 16:50:49 INFO  com.minh.shopee.ShopeeApplication - No active profile set, falling back to 1 default profile: "default"
2025-06-09 16:50:51 INFO  com.minh.shopee.ShopeeApplication - Started ShopeeApplication in 1.941 seconds (process running for 2141.495)
2025-06-09 16:50:53 INFO  com.minh.shopee.ShopeeApplication - Starting ShopeeApplication using Java 17.0.12 with PID 17404 (C:\Users\abcxy\OneDrive\Desktop\workspace\project\shopee_clone\backend-clone-shopee\target\classes started by abcxy in C:\Users\abcxy\OneDrive\Desktop\workspace\project\shopee_clone\backend-clone-shopee)
2025-06-09 16:50:53 DEBUG com.minh.shopee.ShopeeApplication - Running with Spring Boot v3.4.5, Spring v6.2.6
2025-06-09 16:50:53 INFO  com.minh.shopee.ShopeeApplication - No active profile set, falling back to 1 default profile: "default"
2025-06-09 16:50:54 INFO  com.minh.shopee.ShopeeApplication - Started ShopeeApplication in 1.187 seconds (process running for 2144.384)
2025-06-09 16:51:19 INFO  com.minh.shopee.ShopeeApplication - Starting ShopeeApplication using Java 17.0.12 with PID 17404 (C:\Users\abcxy\OneDrive\Desktop\workspace\project\shopee_clone\backend-clone-shopee\target\classes started by abcxy in C:\Users\abcxy\OneDrive\Desktop\workspace\project\shopee_clone\backend-clone-shopee)
2025-06-09 16:51:19 DEBUG com.minh.shopee.ShopeeApplication - Running with Spring Boot v3.4.5, Spring v6.2.6
2025-06-09 16:51:19 INFO  com.minh.shopee.ShopeeApplication - No active profile set, falling back to 1 default profile: "default"
2025-06-09 16:51:20 INFO  com.minh.shopee.ShopeeApplication - Started ShopeeApplication in 1.059 seconds (process running for 2170.978)
2025-06-09 16:51:28 INFO  com.minh.shopee.ShopeeApplication - Starting ShopeeApplication using Java 17.0.12 with PID 17404 (C:\Users\abcxy\OneDrive\Desktop\workspace\project\shopee_clone\backend-clone-shopee\target\classes started by abcxy in C:\Users\abcxy\OneDrive\Desktop\workspace\project\shopee_clone\backend-clone-shopee)
2025-06-09 16:51:28 DEBUG com.minh.shopee.ShopeeApplication - Running with Spring Boot v3.4.5, Spring v6.2.6
2025-06-09 16:51:28 INFO  com.minh.shopee.ShopeeApplication - No active profile set, falling back to 1 default profile: "default"
2025-06-09 16:51:29 INFO  com.minh.shopee.ShopeeApplication - Started ShopeeApplication in 1.042 seconds (process running for 2179.982)
2025-06-09 16:51:48 INFO  com.minh.shopee.ShopeeApplication - Starting ShopeeApplication using Java 17.0.12 with PID 17404 (C:\Users\abcxy\OneDrive\Desktop\workspace\project\shopee_clone\backend-clone-shopee\target\classes started by abcxy in C:\Users\abcxy\OneDrive\Desktop\workspace\project\shopee_clone\backend-clone-shopee)
2025-06-09 16:51:48 DEBUG com.minh.shopee.ShopeeApplication - Running with Spring Boot v3.4.5, Spring v6.2.6
2025-06-09 16:51:48 INFO  com.minh.shopee.ShopeeApplication - No active profile set, falling back to 1 default profile: "default"
2025-06-09 16:51:49 INFO  com.minh.shopee.ShopeeApplication - Started ShopeeApplication in 1.028 seconds (process running for 2199.147)
2025-06-09 16:52:04 INFO  com.minh.shopee.ShopeeApplication - Starting ShopeeApplication using Java 17.0.12 with PID 17404 (C:\Users\abcxy\OneDrive\Desktop\workspace\project\shopee_clone\backend-clone-shopee\target\classes started by abcxy in C:\Users\abcxy\OneDrive\Desktop\workspace\project\shopee_clone\backend-clone-shopee)
2025-06-09 16:52:04 DEBUG com.minh.shopee.ShopeeApplication - Running with Spring Boot v3.4.5, Spring v6.2.6
2025-06-09 16:52:04 INFO  com.minh.shopee.ShopeeApplication - No active profile set, falling back to 1 default profile: "default"
2025-06-09 16:52:05 INFO  com.minh.shopee.ShopeeApplication - Started ShopeeApplication in 1.096 seconds (process running for 2215.36)
2025-06-09 16:53:40 INFO  com.minh.shopee.ShopeeApplication - Starting ShopeeApplication using Java 17.0.12 with PID 17404 (C:\Users\abcxy\OneDrive\Desktop\workspace\project\shopee_clone\backend-clone-shopee\target\classes started by abcxy in C:\Users\abcxy\OneDrive\Desktop\workspace\project\shopee_clone\backend-clone-shopee)
2025-06-09 16:53:40 DEBUG com.minh.shopee.ShopeeApplication - Running with Spring Boot v3.4.5, Spring v6.2.6
2025-06-09 16:53:40 INFO  com.minh.shopee.ShopeeApplication - No active profile set, falling back to 1 default profile: "default"
2025-06-09 16:53:41 INFO  com.minh.shopee.ShopeeApplication - Started ShopeeApplication in 1.15 seconds (process running for 2311.196)
2025-06-09 16:54:44 INFO  com.minh.shopee.ShopeeApplication - Starting ShopeeApplication using Java 17.0.12 with PID 17404 (C:\Users\abcxy\OneDrive\Desktop\workspace\project\shopee_clone\backend-clone-shopee\target\classes started by abcxy in C:\Users\abcxy\OneDrive\Desktop\workspace\project\shopee_clone\backend-clone-shopee)
2025-06-09 16:54:44 DEBUG com.minh.shopee.ShopeeApplication - Running with Spring Boot v3.4.5, Spring v6.2.6
2025-06-09 16:54:44 INFO  com.minh.shopee.ShopeeApplication - No active profile set, falling back to 1 default profile: "default"
2025-06-09 16:54:45 INFO  com.minh.shopee.ShopeeApplication - Started ShopeeApplication in 0.987 seconds (process running for 2375.757)
2025-06-09 16:54:59 INFO  com.minh.shopee.ShopeeApplication - Starting ShopeeApplication using Java 17.0.12 with PID 17404 (C:\Users\abcxy\OneDrive\Desktop\workspace\project\shopee_clone\backend-clone-shopee\target\classes started by abcxy in C:\Users\abcxy\OneDrive\Desktop\workspace\project\shopee_clone\backend-clone-shopee)
2025-06-09 16:54:59 DEBUG com.minh.shopee.ShopeeApplication - Running with Spring Boot v3.4.5, Spring v6.2.6
2025-06-09 16:54:59 INFO  com.minh.shopee.ShopeeApplication - No active profile set, falling back to 1 default profile: "default"
2025-06-09 16:55:01 INFO  com.minh.shopee.ShopeeApplication - Started ShopeeApplication in 1.333 seconds (process running for 2391.204)
2025-06-09 16:55:23 INFO  com.minh.shopee.ShopeeApplication - Starting ShopeeApplication using Java 17.0.12 with PID 17404 (C:\Users\abcxy\OneDrive\Desktop\workspace\project\shopee_clone\backend-clone-shopee\target\classes started by abcxy in C:\Users\abcxy\OneDrive\Desktop\workspace\project\shopee_clone\backend-clone-shopee)
2025-06-09 16:55:23 DEBUG com.minh.shopee.ShopeeApplication - Running with Spring Boot v3.4.5, Spring v6.2.6
2025-06-09 16:55:23 INFO  com.minh.shopee.ShopeeApplication - No active profile set, falling back to 1 default profile: "default"
2025-06-09 16:55:24 INFO  com.minh.shopee.ShopeeApplication - Started ShopeeApplication in 1.26 seconds (process running for 2414.861)
2025-06-09 16:55:27 INFO  com.minh.shopee.ShopeeApplication - Starting ShopeeApplication using Java 17.0.12 with PID 17404 (C:\Users\abcxy\OneDrive\Desktop\workspace\project\shopee_clone\backend-clone-shopee\target\classes started by abcxy in C:\Users\abcxy\OneDrive\Desktop\workspace\project\shopee_clone\backend-clone-shopee)
2025-06-09 16:55:27 DEBUG com.minh.shopee.ShopeeApplication - Running with Spring Boot v3.4.5, Spring v6.2.6
2025-06-09 16:55:27 INFO  com.minh.shopee.ShopeeApplication - No active profile set, falling back to 1 default profile: "default"
2025-06-09 16:55:29 INFO  com.minh.shopee.ShopeeApplication - Started ShopeeApplication in 1.556 seconds (process running for 2419.131)
2025-06-09 16:55:31 INFO  com.minh.shopee.ShopeeApplication - Starting ShopeeApplication using Java 17.0.12 with PID 17404 (C:\Users\abcxy\OneDrive\Desktop\workspace\project\shopee_clone\backend-clone-shopee\target\classes started by abcxy in C:\Users\abcxy\OneDrive\Desktop\workspace\project\shopee_clone\backend-clone-shopee)
2025-06-09 16:55:31 DEBUG com.minh.shopee.ShopeeApplication - Running with Spring Boot v3.4.5, Spring v6.2.6
2025-06-09 16:55:31 INFO  com.minh.shopee.ShopeeApplication - No active profile set, falling back to 1 default profile: "default"
2025-06-09 16:55:33 INFO  com.minh.shopee.ShopeeApplication - Started ShopeeApplication in 1.652 seconds (process running for 2423.518)
2025-06-09 16:55:40 INFO  com.minh.shopee.ShopeeApplication - Starting ShopeeApplication using Java 17.0.12 with PID 17404 (C:\Users\abcxy\OneDrive\Desktop\workspace\project\shopee_clone\backend-clone-shopee\target\classes started by abcxy in C:\Users\abcxy\OneDrive\Desktop\workspace\project\shopee_clone\backend-clone-shopee)
2025-06-09 16:55:40 DEBUG com.minh.shopee.ShopeeApplication - Running with Spring Boot v3.4.5, Spring v6.2.6
2025-06-09 16:55:40 INFO  com.minh.shopee.ShopeeApplication - No active profile set, falling back to 1 default profile: "default"
2025-06-09 16:55:41 INFO  com.minh.shopee.ShopeeApplication - Started ShopeeApplication in 1.003 seconds (process running for 2431.364)
2025-06-09 16:57:20 INFO  com.minh.shopee.ShopeeApplication - Starting ShopeeApplication using Java 17.0.12 with PID 17404 (C:\Users\abcxy\OneDrive\Desktop\workspace\project\shopee_clone\backend-clone-shopee\target\classes started by abcxy in C:\Users\abcxy\OneDrive\Desktop\workspace\project\shopee_clone\backend-clone-shopee)
2025-06-09 16:57:20 DEBUG com.minh.shopee.ShopeeApplication - Running with Spring Boot v3.4.5, Spring v6.2.6
2025-06-09 16:57:20 INFO  com.minh.shopee.ShopeeApplication - No active profile set, falling back to 1 default profile: "default"
2025-06-09 16:57:21 INFO  com.minh.shopee.ShopeeApplication - Started ShopeeApplication in 1.118 seconds (process running for 2531.478)
2025-06-09 17:03:17 INFO  com.minh.shopee.ShopeeApplication - Starting ShopeeApplication using Java 17.0.12 with PID 17404 (C:\Users\abcxy\OneDrive\Desktop\workspace\project\shopee_clone\backend-clone-shopee\target\classes started by abcxy in C:\Users\abcxy\OneDrive\Desktop\workspace\project\shopee_clone\backend-clone-shopee)
2025-06-09 17:03:17 DEBUG com.minh.shopee.ShopeeApplication - Running with Spring Boot v3.4.5, Spring v6.2.6
2025-06-09 17:03:17 INFO  com.minh.shopee.ShopeeApplication - No active profile set, falling back to 1 default profile: "default"
2025-06-09 17:03:19 INFO  com.minh.shopee.ShopeeApplication - Started ShopeeApplication in 1.843 seconds (process running for 2889.287)
2025-06-09 17:03:20 INFO  com.minh.shopee.ShopeeApplication - Starting ShopeeApplication using Java 17.0.12 with PID 17404 (C:\Users\abcxy\OneDrive\Desktop\workspace\project\shopee_clone\backend-clone-shopee\target\classes started by abcxy in C:\Users\abcxy\OneDrive\Desktop\workspace\project\shopee_clone\backend-clone-shopee)
2025-06-09 17:03:20 DEBUG com.minh.shopee.ShopeeApplication - Running with Spring Boot v3.4.5, Spring v6.2.6
2025-06-09 17:03:20 INFO  com.minh.shopee.ShopeeApplication - No active profile set, falling back to 1 default profile: "default"
2025-06-09 17:03:21 INFO  com.minh.shopee.ShopeeApplication - Started ShopeeApplication in 0.89 seconds (process running for 2891.845)
2025-06-09 17:04:39 INFO  com.minh.shopee.ShopeeApplication - Starting ShopeeApplication using Java 17.0.12 with PID 17404 (C:\Users\abcxy\OneDrive\Desktop\workspace\project\shopee_clone\backend-clone-shopee\target\classes started by abcxy in C:\Users\abcxy\OneDrive\Desktop\workspace\project\shopee_clone\backend-clone-shopee)
2025-06-09 17:04:39 DEBUG com.minh.shopee.ShopeeApplication - Running with Spring Boot v3.4.5, Spring v6.2.6
2025-06-09 17:04:39 INFO  com.minh.shopee.ShopeeApplication - No active profile set, falling back to 1 default profile: "default"
2025-06-09 17:04:40 INFO  com.minh.shopee.ShopeeApplication - Started ShopeeApplication in 1.137 seconds (process running for 2970.371)
2025-06-09 17:05:34 INFO  com.minh.shopee.ShopeeApplication - Starting ShopeeApplication using Java 17.0.12 with PID 17404 (C:\Users\abcxy\OneDrive\Desktop\workspace\project\shopee_clone\backend-clone-shopee\target\classes started by abcxy in C:\Users\abcxy\OneDrive\Desktop\workspace\project\shopee_clone\backend-clone-shopee)
2025-06-09 17:05:34 DEBUG com.minh.shopee.ShopeeApplication - Running with Spring Boot v3.4.5, Spring v6.2.6
2025-06-09 17:05:34 INFO  com.minh.shopee.ShopeeApplication - No active profile set, falling back to 1 default profile: "default"
2025-06-09 17:05:35 INFO  com.minh.shopee.ShopeeApplication - Started ShopeeApplication in 1.013 seconds (process running for 3025.201)
2025-06-09 17:08:46 INFO  com.minh.shopee.ShopeeApplication - Starting ShopeeApplication using Java 17.0.12 with PID 17404 (C:\Users\abcxy\OneDrive\Desktop\workspace\project\shopee_clone\backend-clone-shopee\target\classes started by abcxy in C:\Users\abcxy\OneDrive\Desktop\workspace\project\shopee_clone\backend-clone-shopee)
2025-06-09 17:08:46 DEBUG com.minh.shopee.ShopeeApplication - Running with Spring Boot v3.4.5, Spring v6.2.6
2025-06-09 17:08:46 INFO  com.minh.shopee.ShopeeApplication - No active profile set, falling back to 1 default profile: "default"
2025-06-09 17:08:48 INFO  com.minh.shopee.ShopeeApplication - Started ShopeeApplication in 1.942 seconds (process running for 3218.535)
2025-06-09 17:08:50 INFO  com.minh.shopee.ShopeeApplication - Starting ShopeeApplication using Java 17.0.12 with PID 17404 (C:\Users\abcxy\OneDrive\Desktop\workspace\project\shopee_clone\backend-clone-shopee\target\classes started by abcxy in C:\Users\abcxy\OneDrive\Desktop\workspace\project\shopee_clone\backend-clone-shopee)
2025-06-09 17:08:50 DEBUG com.minh.shopee.ShopeeApplication - Running with Spring Boot v3.4.5, Spring v6.2.6
2025-06-09 17:08:50 INFO  com.minh.shopee.ShopeeApplication - No active profile set, falling back to 1 default profile: "default"
2025-06-09 17:08:51 INFO  com.minh.shopee.ShopeeApplication - Started ShopeeApplication in 1.567 seconds (process running for 3221.889)
2025-06-09 17:08:57 INFO  com.minh.shopee.ShopeeApplication - Starting ShopeeApplication using Java 17.0.12 with PID 17404 (C:\Users\abcxy\OneDrive\Desktop\workspace\project\shopee_clone\backend-clone-shopee\target\classes started by abcxy in C:\Users\abcxy\OneDrive\Desktop\workspace\project\shopee_clone\backend-clone-shopee)
2025-06-09 17:08:58 DEBUG com.minh.shopee.ShopeeApplication - Running with Spring Boot v3.4.5, Spring v6.2.6
2025-06-09 17:08:58 INFO  com.minh.shopee.ShopeeApplication - No active profile set, falling back to 1 default profile: "default"
2025-06-09 17:08:59 INFO  com.minh.shopee.ShopeeApplication - Started ShopeeApplication in 1.925 seconds (process running for 3229.882)
2025-06-09 17:09:01 INFO  com.minh.shopee.ShopeeApplication - Starting ShopeeApplication using Java 17.0.12 with PID 17404 (C:\Users\abcxy\OneDrive\Desktop\workspace\project\shopee_clone\backend-clone-shopee\target\classes started by abcxy in C:\Users\abcxy\OneDrive\Desktop\workspace\project\shopee_clone\backend-clone-shopee)
2025-06-09 17:09:01 DEBUG com.minh.shopee.ShopeeApplication - Running with Spring Boot v3.4.5, Spring v6.2.6
2025-06-09 17:09:01 INFO  com.minh.shopee.ShopeeApplication - No active profile set, falling back to 1 default profile: "default"
2025-06-09 17:09:02 INFO  com.minh.shopee.ShopeeApplication - Started ShopeeApplication in 1.296 seconds (process running for 3232.873)
2025-06-09 17:12:23 INFO  com.minh.shopee.ShopeeApplication - Starting ShopeeApplication using Java 17.0.12 with PID 17404 (C:\Users\abcxy\OneDrive\Desktop\workspace\project\shopee_clone\backend-clone-shopee\target\classes started by abcxy in C:\Users\abcxy\OneDrive\Desktop\workspace\project\shopee_clone\backend-clone-shopee)
2025-06-09 17:12:23 DEBUG com.minh.shopee.ShopeeApplication - Running with Spring Boot v3.4.5, Spring v6.2.6
2025-06-09 17:12:23 INFO  com.minh.shopee.ShopeeApplication - No active profile set, falling back to 1 default profile: "default"
2025-06-09 17:12:24 INFO  com.minh.shopee.ShopeeApplication - Started ShopeeApplication in 1.309 seconds (process running for 3434.936)
2025-06-09 17:12:26 INFO  com.minh.shopee.ShopeeApplication - Starting ShopeeApplication using Java 17.0.12 with PID 17404 (C:\Users\abcxy\OneDrive\Desktop\workspace\project\shopee_clone\backend-clone-shopee\target\classes started by abcxy in C:\Users\abcxy\OneDrive\Desktop\workspace\project\shopee_clone\backend-clone-shopee)
2025-06-09 17:12:26 DEBUG com.minh.shopee.ShopeeApplication - Running with Spring Boot v3.4.5, Spring v6.2.6
2025-06-09 17:12:26 INFO  com.minh.shopee.ShopeeApplication - No active profile set, falling back to 1 default profile: "default"
2025-06-09 17:12:27 INFO  com.minh.shopee.ShopeeApplication - Started ShopeeApplication in 0.886 seconds (process running for 3437.619)
2025-06-09 17:13:21 INFO  com.minh.shopee.ShopeeApplication - Starting ShopeeApplication using Java 17.0.12 with PID 17404 (C:\Users\abcxy\OneDrive\Desktop\workspace\project\shopee_clone\backend-clone-shopee\target\classes started by abcxy in C:\Users\abcxy\OneDrive\Desktop\workspace\project\shopee_clone\backend-clone-shopee)
2025-06-09 17:13:21 DEBUG com.minh.shopee.ShopeeApplication - Running with Spring Boot v3.4.5, Spring v6.2.6
2025-06-09 17:13:21 INFO  com.minh.shopee.ShopeeApplication - No active profile set, falling back to 1 default profile: "default"
2025-06-09 17:13:23 INFO  com.minh.shopee.ShopeeApplication - Started ShopeeApplication in 1.877 seconds (process running for 3493.039)
2025-06-09 17:13:24 INFO  com.minh.shopee.ShopeeApplication - Starting ShopeeApplication using Java 17.0.12 with PID 17404 (C:\Users\abcxy\OneDrive\Desktop\workspace\project\shopee_clone\backend-clone-shopee\target\classes started by abcxy in C:\Users\abcxy\OneDrive\Desktop\workspace\project\shopee_clone\backend-clone-shopee)
2025-06-09 17:13:24 DEBUG com.minh.shopee.ShopeeApplication - Running with Spring Boot v3.4.5, Spring v6.2.6
2025-06-09 17:13:24 INFO  com.minh.shopee.ShopeeApplication - No active profile set, falling back to 1 default profile: "default"
2025-06-09 17:13:25 INFO  com.minh.shopee.ShopeeApplication - Started ShopeeApplication in 1.009 seconds (process running for 3495.751)
2025-06-09 17:14:33 INFO  com.minh.shopee.ShopeeApplication - Starting ShopeeApplication using Java 17.0.12 with PID 17404 (C:\Users\abcxy\OneDrive\Desktop\workspace\project\shopee_clone\backend-clone-shopee\target\classes started by abcxy in C:\Users\abcxy\OneDrive\Desktop\workspace\project\shopee_clone\backend-clone-shopee)
2025-06-09 17:14:33 DEBUG com.minh.shopee.ShopeeApplication - Running with Spring Boot v3.4.5, Spring v6.2.6
2025-06-09 17:14:33 INFO  com.minh.shopee.ShopeeApplication - No active profile set, falling back to 1 default profile: "default"
2025-06-09 17:14:34 INFO  com.minh.shopee.ShopeeApplication - Started ShopeeApplication in 1.542 seconds (process running for 3564.548)
2025-06-09 17:16:05 INFO  com.minh.shopee.ShopeeApplication - Starting ShopeeApplication using Java 17.0.12 with PID 17404 (C:\Users\abcxy\OneDrive\Desktop\workspace\project\shopee_clone\backend-clone-shopee\target\classes started by abcxy in C:\Users\abcxy\OneDrive\Desktop\workspace\project\shopee_clone\backend-clone-shopee)
2025-06-09 17:16:05 DEBUG com.minh.shopee.ShopeeApplication - Running with Spring Boot v3.4.5, Spring v6.2.6
2025-06-09 17:16:05 INFO  com.minh.shopee.ShopeeApplication - No active profile set, falling back to 1 default profile: "default"
2025-06-09 17:16:08 INFO  com.minh.shopee.ShopeeApplication - Started ShopeeApplication in 2.758 seconds (process running for 3658.077)
2025-06-09 17:16:09 INFO  com.minh.shopee.ShopeeApplication - Starting ShopeeApplication using Java 17.0.12 with PID 17404 (C:\Users\abcxy\OneDrive\Desktop\workspace\project\shopee_clone\backend-clone-shopee\target\classes started by abcxy in C:\Users\abcxy\OneDrive\Desktop\workspace\project\shopee_clone\backend-clone-shopee)
2025-06-09 17:16:09 DEBUG com.minh.shopee.ShopeeApplication - Running with Spring Boot v3.4.5, Spring v6.2.6
2025-06-09 17:16:09 INFO  com.minh.shopee.ShopeeApplication - No active profile set, falling back to 1 default profile: "default"
2025-06-09 17:16:10 INFO  com.minh.shopee.ShopeeApplication - Started ShopeeApplication in 0.948 seconds (process running for 3660.786)
2025-06-09 17:17:03 INFO  com.minh.shopee.ShopeeApplication - Starting ShopeeApplication using Java 17.0.12 with PID 17404 (C:\Users\abcxy\OneDrive\Desktop\workspace\project\shopee_clone\backend-clone-shopee\target\classes started by abcxy in C:\Users\abcxy\OneDrive\Desktop\workspace\project\shopee_clone\backend-clone-shopee)
2025-06-09 17:17:03 DEBUG com.minh.shopee.ShopeeApplication - Running with Spring Boot v3.4.5, Spring v6.2.6
2025-06-09 17:17:03 INFO  com.minh.shopee.ShopeeApplication - No active profile set, falling back to 1 default profile: "default"
2025-06-09 17:17:04 INFO  com.minh.shopee.ShopeeApplication - Started ShopeeApplication in 1.076 seconds (process running for 3714.371)
2025-06-09 17:17:10 INFO  com.minh.shopee.ShopeeApplication - Starting ShopeeApplication using Java 17.0.12 with PID 17404 (C:\Users\abcxy\OneDrive\Desktop\workspace\project\shopee_clone\backend-clone-shopee\target\classes started by abcxy in C:\Users\abcxy\OneDrive\Desktop\workspace\project\shopee_clone\backend-clone-shopee)
2025-06-09 17:17:10 DEBUG com.minh.shopee.ShopeeApplication - Running with Spring Boot v3.4.5, Spring v6.2.6
2025-06-09 17:17:10 INFO  com.minh.shopee.ShopeeApplication - No active profile set, falling back to 1 default profile: "default"
2025-06-09 17:17:12 INFO  com.minh.shopee.ShopeeApplication - Started ShopeeApplication in 1.757 seconds (process running for 3722.013)
2025-06-09 17:17:13 INFO  com.minh.shopee.ShopeeApplication - Starting ShopeeApplication using Java 17.0.12 with PID 17404 (C:\Users\abcxy\OneDrive\Desktop\workspace\project\shopee_clone\backend-clone-shopee\target\classes started by abcxy in C:\Users\abcxy\OneDrive\Desktop\workspace\project\shopee_clone\backend-clone-shopee)
2025-06-09 17:17:13 DEBUG com.minh.shopee.ShopeeApplication - Running with Spring Boot v3.4.5, Spring v6.2.6
2025-06-09 17:17:13 INFO  com.minh.shopee.ShopeeApplication - No active profile set, falling back to 1 default profile: "default"
2025-06-09 17:17:14 INFO  com.minh.shopee.ShopeeApplication - Started ShopeeApplication in 0.971 seconds (process running for 3724.74)
2025-06-09 17:17:23 INFO  com.minh.shopee.ShopeeApplication - Starting ShopeeApplication using Java 17.0.12 with PID 17404 (C:\Users\abcxy\OneDrive\Desktop\workspace\project\shopee_clone\backend-clone-shopee\target\classes started by abcxy in C:\Users\abcxy\OneDrive\Desktop\workspace\project\shopee_clone\backend-clone-shopee)
2025-06-09 17:17:23 DEBUG com.minh.shopee.ShopeeApplication - Running with Spring Boot v3.4.5, Spring v6.2.6
2025-06-09 17:17:23 INFO  com.minh.shopee.ShopeeApplication - No active profile set, falling back to 1 default profile: "default"
2025-06-09 17:17:24 INFO  com.minh.shopee.ShopeeApplication - Started ShopeeApplication in 0.935 seconds (process running for 3733.994)
2025-06-09 17:18:33 INFO  com.minh.shopee.ShopeeApplication - Starting ShopeeApplication using Java 17.0.12 with PID 17404 (C:\Users\abcxy\OneDrive\Desktop\workspace\project\shopee_clone\backend-clone-shopee\target\classes started by abcxy in C:\Users\abcxy\OneDrive\Desktop\workspace\project\shopee_clone\backend-clone-shopee)
2025-06-09 17:18:33 DEBUG com.minh.shopee.ShopeeApplication - Running with Spring Boot v3.4.5, Spring v6.2.6
2025-06-09 17:18:33 INFO  com.minh.shopee.ShopeeApplication - No active profile set, falling back to 1 default profile: "default"
2025-06-09 17:18:34 INFO  com.minh.shopee.ShopeeApplication - Started ShopeeApplication in 1.271 seconds (process running for 3804.34)
2025-06-09 17:18:41 INFO  com.minh.shopee.ShopeeApplication - Starting ShopeeApplication using Java 17.0.12 with PID 17404 (C:\Users\abcxy\OneDrive\Desktop\workspace\project\shopee_clone\backend-clone-shopee\target\classes started by abcxy in C:\Users\abcxy\OneDrive\Desktop\workspace\project\shopee_clone\backend-clone-shopee)
2025-06-09 17:18:41 DEBUG com.minh.shopee.ShopeeApplication - Running with Spring Boot v3.4.5, Spring v6.2.6
2025-06-09 17:18:41 INFO  com.minh.shopee.ShopeeApplication - No active profile set, falling back to 1 default profile: "default"
2025-06-09 17:18:42 INFO  com.minh.shopee.ShopeeApplication - Started ShopeeApplication in 1.657 seconds (process running for 3812.986)
2025-06-09 17:18:45 INFO  com.minh.shopee.ShopeeApplication - Starting ShopeeApplication using Java 17.0.12 with PID 17404 (C:\Users\abcxy\OneDrive\Desktop\workspace\project\shopee_clone\backend-clone-shopee\target\classes started by abcxy in C:\Users\abcxy\OneDrive\Desktop\workspace\project\shopee_clone\backend-clone-shopee)
2025-06-09 17:18:45 DEBUG com.minh.shopee.ShopeeApplication - Running with Spring Boot v3.4.5, Spring v6.2.6
2025-06-09 17:18:45 INFO  com.minh.shopee.ShopeeApplication - No active profile set, falling back to 1 default profile: "default"
2025-06-09 17:18:46 INFO  com.minh.shopee.ShopeeApplication - Started ShopeeApplication in 1.214 seconds (process running for 3816.555)
2025-06-09 17:18:48 INFO  com.minh.shopee.ShopeeApplication - Starting ShopeeApplication using Java 17.0.12 with PID 17404 (C:\Users\abcxy\OneDrive\Desktop\workspace\project\shopee_clone\backend-clone-shopee\target\classes started by abcxy in C:\Users\abcxy\OneDrive\Desktop\workspace\project\shopee_clone\backend-clone-shopee)
2025-06-09 17:18:48 DEBUG com.minh.shopee.ShopeeApplication - Running with Spring Boot v3.4.5, Spring v6.2.6
2025-06-09 17:18:48 INFO  com.minh.shopee.ShopeeApplication - No active profile set, falling back to 1 default profile: "default"
2025-06-09 17:18:49 INFO  com.minh.shopee.ShopeeApplication - Started ShopeeApplication in 0.912 seconds (process running for 3819.179)
