2025-05-19 00:12:05 INFO  com.minh.shopee.ShopeeApplication - Starting ShopeeApplication using Java 17.0.12 with PID 3356 (C:\Users\abcxy\OneDrive\Desktop\workspace\backend\backend-clone-shopee\target\classes started by abcxy in C:\Users\abcxy\OneDrive\Desktop\workspace\backend\backend-clone-shopee)
2025-05-19 00:12:05 DEBUG com.minh.shopee.ShopeeApplication - Running with Spring Boot v3.4.5, Spring v6.2.6
2025-05-19 00:12:05 INFO  com.minh.shopee.ShopeeApplication - No active profile set, falling back to 1 default profile: "default"
2025-05-19 00:12:18 INFO  com.minh.shopee.ShopeeApplication - Started ShopeeApplication in 14.098 seconds (process running for 14.601)
2025-05-19 00:18:13 INFO  com.minh.shopee.ShopeeApplication - Starting ShopeeApplication using Java 17.0.12 with PID 3356 (C:\Users\abcxy\OneDrive\Desktop\workspace\backend\backend-clone-shopee\target\classes started by abcxy in C:\Users\abcxy\OneDrive\Desktop\workspace\backend\backend-clone-shopee)
2025-05-19 00:18:13 DEBUG com.minh.shopee.ShopeeApplication - Running with Spring Boot v3.4.5, Spring v6.2.6
2025-05-19 00:18:13 INFO  com.minh.shopee.ShopeeApplication - No active profile set, falling back to 1 default profile: "default"
2025-05-19 00:18:17 INFO  com.minh.shopee.ShopeeApplication - Started ShopeeApplication in 3.879 seconds (process running for 373.275)
2025-05-19 00:18:59 INFO  com.minh.shopee.ShopeeApplication - Starting ShopeeApplication using Java 17.0.12 with PID 3356 (C:\Users\abcxy\OneDrive\Desktop\workspace\backend\backend-clone-shopee\target\classes started by abcxy in C:\Users\abcxy\OneDrive\Desktop\workspace\backend\backend-clone-shopee)
2025-05-19 00:18:59 DEBUG com.minh.shopee.ShopeeApplication - Running with Spring Boot v3.4.5, Spring v6.2.6
2025-05-19 00:18:59 INFO  com.minh.shopee.ShopeeApplication - No active profile set, falling back to 1 default profile: "default"
2025-05-19 00:19:01 INFO  com.minh.shopee.ShopeeApplication - Started ShopeeApplication in 2.202 seconds (process running for 417.337)
2025-05-19 00:19:29 INFO  com.minh.shopee.ShopeeApplication - Starting ShopeeApplication using Java 17.0.12 with PID 3356 (C:\Users\abcxy\OneDrive\Desktop\workspace\backend\backend-clone-shopee\target\classes started by abcxy in C:\Users\abcxy\OneDrive\Desktop\workspace\backend\backend-clone-shopee)
2025-05-19 00:19:29 DEBUG com.minh.shopee.ShopeeApplication - Running with Spring Boot v3.4.5, Spring v6.2.6
2025-05-19 00:19:29 INFO  com.minh.shopee.ShopeeApplication - No active profile set, falling back to 1 default profile: "default"
2025-05-19 00:19:32 INFO  com.minh.shopee.ShopeeApplication - Started ShopeeApplication in 2.984 seconds (process running for 447.314)
2025-05-19 00:19:34 INFO  com.minh.shopee.ShopeeApplication - Starting ShopeeApplication using Java 17.0.12 with PID 3356 (C:\Users\abcxy\OneDrive\Desktop\workspace\backend\backend-clone-shopee\target\classes started by abcxy in C:\Users\abcxy\OneDrive\Desktop\workspace\backend\backend-clone-shopee)
2025-05-19 00:19:34 DEBUG com.minh.shopee.ShopeeApplication - Running with Spring Boot v3.4.5, Spring v6.2.6
2025-05-19 00:19:34 INFO  com.minh.shopee.ShopeeApplication - No active profile set, falling back to 1 default profile: "default"
2025-05-19 00:19:36 INFO  com.minh.shopee.ShopeeApplication - Started ShopeeApplication in 1.657 seconds (process running for 450.557)
2025-05-19 00:19:46 INFO  com.minh.shopee.ShopeeApplication - Starting ShopeeApplication using Java 17.0.12 with PID 3356 (C:\Users\abcxy\OneDrive\Desktop\workspace\backend\backend-clone-shopee\target\classes started by abcxy in C:\Users\abcxy\OneDrive\Desktop\workspace\backend\backend-clone-shopee)
2025-05-19 00:19:46 DEBUG com.minh.shopee.ShopeeApplication - Running with Spring Boot v3.4.5, Spring v6.2.6
2025-05-19 00:19:46 INFO  com.minh.shopee.ShopeeApplication - No active profile set, falling back to 1 default profile: "default"
2025-05-19 00:19:47 INFO  com.minh.shopee.ShopeeApplication - Started ShopeeApplication in 1.358 seconds (process running for 462.235)
2025-05-19 00:22:26 INFO  com.minh.shopee.ShopeeApplication - Starting ShopeeApplication using Java 17.0.12 with PID 3356 (C:\Users\abcxy\OneDrive\Desktop\workspace\backend\backend-clone-shopee\target\classes started by abcxy in C:\Users\abcxy\OneDrive\Desktop\workspace\backend\backend-clone-shopee)
2025-05-19 00:22:26 DEBUG com.minh.shopee.ShopeeApplication - Running with Spring Boot v3.4.5, Spring v6.2.6
2025-05-19 00:22:26 INFO  com.minh.shopee.ShopeeApplication - No active profile set, falling back to 1 default profile: "default"
2025-05-19 00:22:27 INFO  com.minh.shopee.ShopeeApplication - Started ShopeeApplication in 1.378 seconds (process running for 622.3)
2025-05-19 00:23:42 INFO  com.minh.shopee.ShopeeApplication - Starting ShopeeApplication using Java 17.0.12 with PID 3356 (C:\Users\abcxy\OneDrive\Desktop\workspace\backend\backend-clone-shopee\target\classes started by abcxy in C:\Users\abcxy\OneDrive\Desktop\workspace\backend\backend-clone-shopee)
2025-05-19 00:23:42 DEBUG com.minh.shopee.ShopeeApplication - Running with Spring Boot v3.4.5, Spring v6.2.6
2025-05-19 00:23:42 INFO  com.minh.shopee.ShopeeApplication - No active profile set, falling back to 1 default profile: "default"
2025-05-19 00:23:43 INFO  com.minh.shopee.ShopeeApplication - Started ShopeeApplication in 1.701 seconds (process running for 698.418)
2025-05-19 00:23:59 INFO  com.minh.shopee.ShopeeApplication - Starting ShopeeApplication using Java 17.0.12 with PID 3356 (C:\Users\abcxy\OneDrive\Desktop\workspace\backend\backend-clone-shopee\target\classes started by abcxy in C:\Users\abcxy\OneDrive\Desktop\workspace\backend\backend-clone-shopee)
2025-05-19 00:23:59 DEBUG com.minh.shopee.ShopeeApplication - Running with Spring Boot v3.4.5, Spring v6.2.6
2025-05-19 00:23:59 INFO  com.minh.shopee.ShopeeApplication - No active profile set, falling back to 1 default profile: "default"
2025-05-19 00:24:00 INFO  com.minh.shopee.ShopeeApplication - Started ShopeeApplication in 1.389 seconds (process running for 714.933)
2025-05-19 00:24:04 INFO  com.minh.shopee.ShopeeApplication - Starting ShopeeApplication using Java 17.0.12 with PID 3356 (C:\Users\abcxy\OneDrive\Desktop\workspace\backend\backend-clone-shopee\target\classes started by abcxy in C:\Users\abcxy\OneDrive\Desktop\workspace\backend\backend-clone-shopee)
2025-05-19 00:24:04 DEBUG com.minh.shopee.ShopeeApplication - Running with Spring Boot v3.4.5, Spring v6.2.6
2025-05-19 00:24:04 INFO  com.minh.shopee.ShopeeApplication - No active profile set, falling back to 1 default profile: "default"
2025-05-19 00:24:05 INFO  com.minh.shopee.ShopeeApplication - Started ShopeeApplication in 1.119 seconds (process running for 719.725)
2025-05-19 00:24:13 INFO  com.minh.shopee.ShopeeApplication - Starting ShopeeApplication using Java 17.0.12 with PID 3356 (C:\Users\abcxy\OneDrive\Desktop\workspace\backend\backend-clone-shopee\target\classes started by abcxy in C:\Users\abcxy\OneDrive\Desktop\workspace\backend\backend-clone-shopee)
2025-05-19 00:24:13 DEBUG com.minh.shopee.ShopeeApplication - Running with Spring Boot v3.4.5, Spring v6.2.6
2025-05-19 00:24:13 INFO  com.minh.shopee.ShopeeApplication - No active profile set, falling back to 1 default profile: "default"
2025-05-19 00:24:14 INFO  com.minh.shopee.ShopeeApplication - Started ShopeeApplication in 1.462 seconds (process running for 729.009)
2025-05-19 00:24:29 INFO  com.minh.shopee.ShopeeApplication - Starting ShopeeApplication using Java 17.0.12 with PID 15892 (C:\Users\abcxy\OneDrive\Desktop\workspace\backend\backend-clone-shopee\target\classes started by abcxy in C:\Users\abcxy\OneDrive\Desktop\workspace\backend\backend-clone-shopee)
2025-05-19 00:24:29 DEBUG com.minh.shopee.ShopeeApplication - Running with Spring Boot v3.4.5, Spring v6.2.6
2025-05-19 00:24:29 INFO  com.minh.shopee.ShopeeApplication - No active profile set, falling back to 1 default profile: "default"
2025-05-19 00:24:42 INFO  com.minh.shopee.ShopeeApplication - Started ShopeeApplication in 12.967 seconds (process running for 13.544)
2025-05-19 00:25:02 INFO  com.minh.shopee.ShopeeApplication - Starting ShopeeApplication using Java 17.0.12 with PID 15892 (C:\Users\abcxy\OneDrive\Desktop\workspace\backend\backend-clone-shopee\target\classes started by abcxy in C:\Users\abcxy\OneDrive\Desktop\workspace\backend\backend-clone-shopee)
2025-05-19 00:25:02 DEBUG com.minh.shopee.ShopeeApplication - Running with Spring Boot v3.4.5, Spring v6.2.6
2025-05-19 00:25:02 INFO  com.minh.shopee.ShopeeApplication - No active profile set, falling back to 1 default profile: "default"
2025-05-19 00:25:04 INFO  com.minh.shopee.ShopeeApplication - Started ShopeeApplication in 2.275 seconds (process running for 35.742)
2025-05-19 00:26:17 INFO  com.minh.shopee.ShopeeApplication - Starting ShopeeApplication using Java 17.0.12 with PID 4156 (C:\Users\abcxy\OneDrive\Desktop\workspace\backend\backend-clone-shopee\target\classes started by abcxy in C:\Users\abcxy\OneDrive\Desktop\workspace\backend\backend-clone-shopee)
2025-05-19 00:26:17 DEBUG com.minh.shopee.ShopeeApplication - Running with Spring Boot v3.4.5, Spring v6.2.6
2025-05-19 00:26:17 INFO  com.minh.shopee.ShopeeApplication - No active profile set, falling back to 1 default profile: "default"
2025-05-19 00:26:29 INFO  com.minh.shopee.ShopeeApplication - Started ShopeeApplication in 12.626 seconds (process running for 13.38)
2025-05-19 00:27:43 INFO  com.minh.shopee.ShopeeApplication - Starting ShopeeApplication using Java 17.0.12 with PID 14304 (C:\Users\abcxy\OneDrive\Desktop\workspace\backend\backend-clone-shopee\target\classes started by abcxy in C:\Users\abcxy\OneDrive\Desktop\workspace\backend\backend-clone-shopee)
2025-05-19 00:27:43 DEBUG com.minh.shopee.ShopeeApplication - Running with Spring Boot v3.4.5, Spring v6.2.6
2025-05-19 00:27:43 INFO  com.minh.shopee.ShopeeApplication - No active profile set, falling back to 1 default profile: "default"
2025-05-19 00:28:00 INFO  com.minh.shopee.ShopeeApplication - Started ShopeeApplication in 17.34 seconds (process running for 18.236)
2025-05-19 00:34:12 INFO  com.minh.shopee.ShopeeApplication - Starting ShopeeApplication using Java 17.0.12 with PID 6880 (C:\Users\abcxy\OneDrive\Desktop\workspace\backend\backend-clone-shopee\target\classes started by abcxy in C:\Users\abcxy\OneDrive\Desktop\workspace\backend\backend-clone-shopee)
2025-05-19 00:34:12 DEBUG com.minh.shopee.ShopeeApplication - Running with Spring Boot v3.4.5, Spring v6.2.6
2025-05-19 00:34:12 INFO  com.minh.shopee.ShopeeApplication - No active profile set, falling back to 1 default profile: "default"
2025-05-19 00:34:22 INFO  com.minh.shopee.ShopeeApplication - Started ShopeeApplication in 10.291 seconds (process running for 10.829)
2025-05-19 00:34:57 INFO  com.minh.shopee.ShopeeApplication - Starting ShopeeApplication using Java 17.0.12 with PID 6632 (C:\Users\abcxy\OneDrive\Desktop\workspace\backend\backend-clone-shopee\target\classes started by abcxy in C:\Users\abcxy\OneDrive\Desktop\workspace\backend\backend-clone-shopee)
2025-05-19 00:34:57 DEBUG com.minh.shopee.ShopeeApplication - Running with Spring Boot v3.4.5, Spring v6.2.6
2025-05-19 00:34:57 INFO  com.minh.shopee.ShopeeApplication - No active profile set, falling back to 1 default profile: "default"
2025-05-19 00:35:12 INFO  com.minh.shopee.ShopeeApplication - Started ShopeeApplication in 15.482 seconds (process running for 16.39)
2025-05-19 00:40:47 INFO  com.minh.shopee.ShopeeApplication - Starting ShopeeApplication using Java 17.0.12 with PID 6632 (C:\Users\abcxy\OneDrive\Desktop\workspace\backend\backend-clone-shopee\target\classes started by abcxy in C:\Users\abcxy\OneDrive\Desktop\workspace\backend\backend-clone-shopee)
2025-05-19 00:40:47 DEBUG com.minh.shopee.ShopeeApplication - Running with Spring Boot v3.4.5, Spring v6.2.6
2025-05-19 00:40:47 INFO  com.minh.shopee.ShopeeApplication - No active profile set, falling back to 1 default profile: "default"
2025-05-19 00:40:53 INFO  com.minh.shopee.ShopeeApplication - Started ShopeeApplication in 5.437 seconds (process running for 357.194)
2025-05-19 00:40:55 INFO  com.minh.shopee.ShopeeApplication - Starting ShopeeApplication using Java 17.0.12 with PID 6632 (C:\Users\abcxy\OneDrive\Desktop\workspace\backend\backend-clone-shopee\target\classes started by abcxy in C:\Users\abcxy\OneDrive\Desktop\workspace\backend\backend-clone-shopee)
2025-05-19 00:40:55 DEBUG com.minh.shopee.ShopeeApplication - Running with Spring Boot v3.4.5, Spring v6.2.6
2025-05-19 00:40:55 INFO  com.minh.shopee.ShopeeApplication - No active profile set, falling back to 1 default profile: "default"
2025-05-19 00:40:58 INFO  com.minh.shopee.ShopeeApplication - Started ShopeeApplication in 3.486 seconds (process running for 362.471)
2025-05-19 00:41:00 INFO  com.minh.shopee.ShopeeApplication - Starting ShopeeApplication using Java 17.0.12 with PID 6632 (C:\Users\abcxy\OneDrive\Desktop\workspace\backend\backend-clone-shopee\target\classes started by abcxy in C:\Users\abcxy\OneDrive\Desktop\workspace\backend\backend-clone-shopee)
2025-05-19 00:41:00 DEBUG com.minh.shopee.ShopeeApplication - Running with Spring Boot v3.4.5, Spring v6.2.6
2025-05-19 00:41:00 INFO  com.minh.shopee.ShopeeApplication - No active profile set, falling back to 1 default profile: "default"
2025-05-19 00:41:01 INFO  com.minh.shopee.ShopeeApplication - Started ShopeeApplication in 1.641 seconds (process running for 365.717)
2025-05-19 00:49:20 INFO  com.minh.shopee.ShopeeApplication - Starting ShopeeApplication using Java 17.0.12 with PID 6632 (C:\Users\abcxy\OneDrive\Desktop\workspace\backend\backend-clone-shopee\target\classes started by abcxy in C:\Users\abcxy\OneDrive\Desktop\workspace\backend\backend-clone-shopee)
2025-05-19 00:49:20 DEBUG com.minh.shopee.ShopeeApplication - Running with Spring Boot v3.4.5, Spring v6.2.6
2025-05-19 00:49:20 INFO  com.minh.shopee.ShopeeApplication - No active profile set, falling back to 1 default profile: "default"
2025-05-19 00:49:22 INFO  com.minh.shopee.ShopeeApplication - Started ShopeeApplication in 1.755 seconds (process running for 866.571)
2025-05-19 00:51:14 INFO  com.minh.shopee.ShopeeApplication - Starting ShopeeApplication using Java 17.0.12 with PID 6632 (C:\Users\abcxy\OneDrive\Desktop\workspace\backend\backend-clone-shopee\target\classes started by abcxy in C:\Users\abcxy\OneDrive\Desktop\workspace\backend\backend-clone-shopee)
2025-05-19 00:51:14 DEBUG com.minh.shopee.ShopeeApplication - Running with Spring Boot v3.4.5, Spring v6.2.6
2025-05-19 00:51:14 INFO  com.minh.shopee.ShopeeApplication - No active profile set, falling back to 1 default profile: "default"
2025-05-19 00:51:16 INFO  com.minh.shopee.ShopeeApplication - Started ShopeeApplication in 1.47 seconds (process running for 979.983)
2025-05-19 00:51:25 INFO  com.minh.shopee.ShopeeApplication - Starting ShopeeApplication using Java 17.0.12 with PID 6632 (C:\Users\abcxy\OneDrive\Desktop\workspace\backend\backend-clone-shopee\target\classes started by abcxy in C:\Users\abcxy\OneDrive\Desktop\workspace\backend\backend-clone-shopee)
2025-05-19 00:51:25 DEBUG com.minh.shopee.ShopeeApplication - Running with Spring Boot v3.4.5, Spring v6.2.6
2025-05-19 00:51:25 INFO  com.minh.shopee.ShopeeApplication - No active profile set, falling back to 1 default profile: "default"
2025-05-19 00:51:27 INFO  com.minh.shopee.ShopeeApplication - Started ShopeeApplication in 1.423 seconds (process running for 991.24)
2025-05-19 00:52:07 INFO  com.minh.shopee.ShopeeApplication - Starting ShopeeApplication using Java 17.0.12 with PID 6632 (C:\Users\abcxy\OneDrive\Desktop\workspace\backend\backend-clone-shopee\target\classes started by abcxy in C:\Users\abcxy\OneDrive\Desktop\workspace\backend\backend-clone-shopee)
2025-05-19 00:52:07 DEBUG com.minh.shopee.ShopeeApplication - Running with Spring Boot v3.4.5, Spring v6.2.6
2025-05-19 00:52:07 INFO  com.minh.shopee.ShopeeApplication - No active profile set, falling back to 1 default profile: "default"
2025-05-19 00:52:08 INFO  com.minh.shopee.ShopeeApplication - Started ShopeeApplication in 1.337 seconds (process running for 1032.247)
2025-05-19 00:52:21 INFO  com.minh.shopee.ShopeeApplication - Starting ShopeeApplication using Java 17.0.12 with PID 6632 (C:\Users\abcxy\OneDrive\Desktop\workspace\backend\backend-clone-shopee\target\classes started by abcxy in C:\Users\abcxy\OneDrive\Desktop\workspace\backend\backend-clone-shopee)
2025-05-19 00:52:21 DEBUG com.minh.shopee.ShopeeApplication - Running with Spring Boot v3.4.5, Spring v6.2.6
2025-05-19 00:52:21 INFO  com.minh.shopee.ShopeeApplication - No active profile set, falling back to 1 default profile: "default"
2025-05-19 00:52:23 INFO  com.minh.shopee.ShopeeApplication - Started ShopeeApplication in 2.497 seconds (process running for 1047.694)
2025-05-19 00:52:25 INFO  com.minh.shopee.ShopeeApplication - Starting ShopeeApplication using Java 17.0.12 with PID 6632 (C:\Users\abcxy\OneDrive\Desktop\workspace\backend\backend-clone-shopee\target\classes started by abcxy in C:\Users\abcxy\OneDrive\Desktop\workspace\backend\backend-clone-shopee)
2025-05-19 00:52:25 DEBUG com.minh.shopee.ShopeeApplication - Running with Spring Boot v3.4.5, Spring v6.2.6
2025-05-19 00:52:25 INFO  com.minh.shopee.ShopeeApplication - No active profile set, falling back to 1 default profile: "default"
2025-05-19 00:52:27 INFO  com.minh.shopee.ShopeeApplication - Started ShopeeApplication in 1.7 seconds (process running for 1051.062)
2025-05-19 00:52:28 INFO  com.minh.shopee.ShopeeApplication - Starting ShopeeApplication using Java 17.0.12 with PID 6632 (C:\Users\abcxy\OneDrive\Desktop\workspace\backend\backend-clone-shopee\target\classes started by abcxy in C:\Users\abcxy\OneDrive\Desktop\workspace\backend\backend-clone-shopee)
2025-05-19 00:52:28 DEBUG com.minh.shopee.ShopeeApplication - Running with Spring Boot v3.4.5, Spring v6.2.6
2025-05-19 00:52:28 INFO  com.minh.shopee.ShopeeApplication - No active profile set, falling back to 1 default profile: "default"
2025-05-19 00:52:31 INFO  com.minh.shopee.ShopeeApplication - Started ShopeeApplication in 2.189 seconds (process running for 1054.928)
2025-05-19 00:52:32 INFO  com.minh.shopee.ShopeeApplication - Starting ShopeeApplication using Java 17.0.12 with PID 6632 (C:\Users\abcxy\OneDrive\Desktop\workspace\backend\backend-clone-shopee\target\classes started by abcxy in C:\Users\abcxy\OneDrive\Desktop\workspace\backend\backend-clone-shopee)
2025-05-19 00:52:32 DEBUG com.minh.shopee.ShopeeApplication - Running with Spring Boot v3.4.5, Spring v6.2.6
2025-05-19 00:52:32 INFO  com.minh.shopee.ShopeeApplication - No active profile set, falling back to 1 default profile: "default"
2025-05-19 00:52:34 INFO  com.minh.shopee.ShopeeApplication - Started ShopeeApplication in 1.391 seconds (process running for 1057.929)
2025-05-19 00:59:00 INFO  com.minh.shopee.ShopeeApplication - Starting ShopeeApplication using Java 17.0.12 with PID 6632 (C:\Users\abcxy\OneDrive\Desktop\workspace\backend\backend-clone-shopee\target\classes started by abcxy in C:\Users\abcxy\OneDrive\Desktop\workspace\backend\backend-clone-shopee)
2025-05-19 00:59:00 DEBUG com.minh.shopee.ShopeeApplication - Running with Spring Boot v3.4.5, Spring v6.2.6
2025-05-19 00:59:00 INFO  com.minh.shopee.ShopeeApplication - No active profile set, falling back to 1 default profile: "default"
2025-05-19 00:59:02 INFO  com.minh.shopee.ShopeeApplication - Started ShopeeApplication in 1.858 seconds (process running for 1446.12)
2025-05-19 00:59:24 INFO  com.minh.shopee.ShopeeApplication - Starting ShopeeApplication using Java 17.0.12 with PID 6632 (C:\Users\abcxy\OneDrive\Desktop\workspace\backend\backend-clone-shopee\target\classes started by abcxy in C:\Users\abcxy\OneDrive\Desktop\workspace\backend\backend-clone-shopee)
2025-05-19 00:59:24 DEBUG com.minh.shopee.ShopeeApplication - Running with Spring Boot v3.4.5, Spring v6.2.6
2025-05-19 00:59:24 INFO  com.minh.shopee.ShopeeApplication - No active profile set, falling back to 1 default profile: "default"
2025-05-19 00:59:25 INFO  com.minh.shopee.ShopeeApplication - Started ShopeeApplication in 1.283 seconds (process running for 1469.665)
2025-05-19 01:00:08 INFO  com.minh.shopee.ShopeeApplication - Starting ShopeeApplication using Java 17.0.12 with PID 6632 (C:\Users\abcxy\OneDrive\Desktop\workspace\backend\backend-clone-shopee\target\classes started by abcxy in C:\Users\abcxy\OneDrive\Desktop\workspace\backend\backend-clone-shopee)
2025-05-19 01:00:08 DEBUG com.minh.shopee.ShopeeApplication - Running with Spring Boot v3.4.5, Spring v6.2.6
2025-05-19 01:00:08 INFO  com.minh.shopee.ShopeeApplication - No active profile set, falling back to 1 default profile: "default"
2025-05-19 01:00:10 INFO  com.minh.shopee.ShopeeApplication - Started ShopeeApplication in 1.503 seconds (process running for 1513.945)
2025-05-19 01:00:14 INFO  com.minh.shopee.ShopeeApplication - Starting ShopeeApplication using Java 17.0.12 with PID 6632 (C:\Users\abcxy\OneDrive\Desktop\workspace\backend\backend-clone-shopee\target\classes started by abcxy in C:\Users\abcxy\OneDrive\Desktop\workspace\backend\backend-clone-shopee)
2025-05-19 01:00:14 DEBUG com.minh.shopee.ShopeeApplication - Running with Spring Boot v3.4.5, Spring v6.2.6
2025-05-19 01:00:14 INFO  com.minh.shopee.ShopeeApplication - No active profile set, falling back to 1 default profile: "default"
2025-05-19 01:00:16 INFO  com.minh.shopee.ShopeeApplication - Started ShopeeApplication in 1.399 seconds (process running for 1520.1)
2025-05-19 01:02:47 INFO  com.minh.shopee.ShopeeApplication - Starting ShopeeApplication using Java 17.0.12 with PID 6632 (C:\Users\abcxy\OneDrive\Desktop\workspace\backend\backend-clone-shopee\target\classes started by abcxy in C:\Users\abcxy\OneDrive\Desktop\workspace\backend\backend-clone-shopee)
2025-05-19 01:02:47 DEBUG com.minh.shopee.ShopeeApplication - Running with Spring Boot v3.4.5, Spring v6.2.6
2025-05-19 01:02:47 INFO  com.minh.shopee.ShopeeApplication - No active profile set, falling back to 1 default profile: "default"
2025-05-19 01:02:48 INFO  com.minh.shopee.ShopeeApplication - Started ShopeeApplication in 1.303 seconds (process running for 1672.39)
2025-05-19 01:05:00 INFO  com.minh.shopee.ShopeeApplication - Starting ShopeeApplication using Java 17.0.12 with PID 6632 (C:\Users\abcxy\OneDrive\Desktop\workspace\backend\backend-clone-shopee\target\classes started by abcxy in C:\Users\abcxy\OneDrive\Desktop\workspace\backend\backend-clone-shopee)
2025-05-19 01:05:00 DEBUG com.minh.shopee.ShopeeApplication - Running with Spring Boot v3.4.5, Spring v6.2.6
2025-05-19 01:05:00 INFO  com.minh.shopee.ShopeeApplication - No active profile set, falling back to 1 default profile: "default"
2025-05-19 01:05:01 INFO  com.minh.shopee.ShopeeApplication - Started ShopeeApplication in 1.691 seconds (process running for 1805.914)
2025-05-19 01:05:03 INFO  com.minh.shopee.ShopeeApplication - Starting ShopeeApplication using Java 17.0.12 with PID 6632 (C:\Users\abcxy\OneDrive\Desktop\workspace\backend\backend-clone-shopee\target\classes started by abcxy in C:\Users\abcxy\OneDrive\Desktop\workspace\backend\backend-clone-shopee)
2025-05-19 01:05:03 DEBUG com.minh.shopee.ShopeeApplication - Running with Spring Boot v3.4.5, Spring v6.2.6
2025-05-19 01:05:03 INFO  com.minh.shopee.ShopeeApplication - No active profile set, falling back to 1 default profile: "default"
2025-05-19 01:05:04 INFO  com.minh.shopee.ShopeeApplication - Started ShopeeApplication in 1.111 seconds (process running for 1808.668)
2025-05-19 01:13:51 INFO  com.minh.shopee.ShopeeApplication - Starting ShopeeApplication using Java 17.0.12 with PID 6632 (C:\Users\abcxy\OneDrive\Desktop\workspace\backend\backend-clone-shopee\target\classes started by abcxy in C:\Users\abcxy\OneDrive\Desktop\workspace\backend\backend-clone-shopee)
2025-05-19 01:13:51 DEBUG com.minh.shopee.ShopeeApplication - Running with Spring Boot v3.4.5, Spring v6.2.6
2025-05-19 01:13:51 INFO  com.minh.shopee.ShopeeApplication - No active profile set, falling back to 1 default profile: "default"
2025-05-19 01:13:54 INFO  com.minh.shopee.ShopeeApplication - Started ShopeeApplication in 2.324 seconds (process running for 2338.067)
2025-05-19 01:13:55 INFO  com.minh.shopee.ShopeeApplication - Starting ShopeeApplication using Java 17.0.12 with PID 6632 (C:\Users\abcxy\OneDrive\Desktop\workspace\backend\backend-clone-shopee\target\classes started by abcxy in C:\Users\abcxy\OneDrive\Desktop\workspace\backend\backend-clone-shopee)
2025-05-19 01:13:55 DEBUG com.minh.shopee.ShopeeApplication - Running with Spring Boot v3.4.5, Spring v6.2.6
2025-05-19 01:13:55 INFO  com.minh.shopee.ShopeeApplication - No active profile set, falling back to 1 default profile: "default"
2025-05-19 01:13:56 INFO  com.minh.shopee.ShopeeApplication - Started ShopeeApplication in 1.147 seconds (process running for 2340.904)
2025-05-19 01:14:05 INFO  com.minh.shopee.ShopeeApplication - Starting ShopeeApplication using Java 17.0.12 with PID 6632 (C:\Users\abcxy\OneDrive\Desktop\workspace\backend\backend-clone-shopee\target\classes started by abcxy in C:\Users\abcxy\OneDrive\Desktop\workspace\backend\backend-clone-shopee)
2025-05-19 01:14:05 DEBUG com.minh.shopee.ShopeeApplication - Running with Spring Boot v3.4.5, Spring v6.2.6
2025-05-19 01:14:05 INFO  com.minh.shopee.ShopeeApplication - No active profile set, falling back to 1 default profile: "default"
2025-05-19 01:14:06 INFO  com.minh.shopee.ShopeeApplication - Started ShopeeApplication in 1.152 seconds (process running for 2350.155)
2025-05-19 01:16:12 INFO  com.minh.shopee.ShopeeApplication - Starting ShopeeApplication using Java 17.0.12 with PID 6632 (C:\Users\abcxy\OneDrive\Desktop\workspace\backend\backend-clone-shopee\target\classes started by abcxy in C:\Users\abcxy\OneDrive\Desktop\workspace\backend\backend-clone-shopee)
2025-05-19 01:16:12 DEBUG com.minh.shopee.ShopeeApplication - Running with Spring Boot v3.4.5, Spring v6.2.6
2025-05-19 01:16:12 INFO  com.minh.shopee.ShopeeApplication - No active profile set, falling back to 1 default profile: "default"
2025-05-19 01:16:13 INFO  com.minh.shopee.ShopeeApplication - Started ShopeeApplication in 1.375 seconds (process running for 2477.47)
2025-05-19 01:16:27 ERROR c.m.shopee.config.JWTConfiguration - JWT Decode Error: An error occurred while attempting to decode the Jwt: Jwt expired at 2025-05-18T18:13:24Z
org.springframework.security.oauth2.jwt.JwtValidationException: An error occurred while attempting to decode the Jwt: Jwt expired at 2025-05-18T18:13:24Z
	at org.springframework.security.oauth2.jwt.NimbusJwtDecoder.validateJwt(NimbusJwtDecoder.java:193)
	at org.springframework.security.oauth2.jwt.NimbusJwtDecoder.decode(NimbusJwtDecoder.java:139)
	at com.minh.shopee.config.JWTConfiguration.lambda$0(JWTConfiguration.java:64)
	at org.springframework.security.oauth2.server.resource.authentication.JwtAuthenticationProvider.getJwt(JwtAuthenticationProvider.java:99)
	at org.springframework.security.oauth2.server.resource.authentication.JwtAuthenticationProvider.authenticate(JwtAuthenticationProvider.java:88)
	at org.springframework.security.authentication.ProviderManager.authenticate(ProviderManager.java:182)
	at org.springframework.security.authentication.ObservationAuthenticationManager.lambda$authenticate$1(ObservationAuthenticationManager.java:54)
	at io.micrometer.observation.Observation.observe(Observation.java:564)
	at org.springframework.security.authentication.ObservationAuthenticationManager.authenticate(ObservationAuthenticationManager.java:53)
	at org.springframework.security.oauth2.server.resource.web.authentication.BearerTokenAuthenticationFilter.doFilterInternal(BearerTokenAuthenticationFilter.java:137)
	at org.springframework.web.filter.OncePerRequestFilter.doFilter(OncePerRequestFilter.java:116)
	at org.springframework.security.web.ObservationFilterChainDecorator$ObservationFilter.wrapFilter(ObservationFilterChainDecorator.java:240)
	at org.springframework.security.web.ObservationFilterChainDecorator$ObservationFilter.doFilter(ObservationFilterChainDecorator.java:227)
	at org.springframework.security.web.ObservationFilterChainDecorator$VirtualFilterChain.doFilter(ObservationFilterChainDecorator.java:137)
	at org.springframework.security.web.authentication.logout.LogoutFilter.doFilter(LogoutFilter.java:107)
	at org.springframework.security.web.authentication.logout.LogoutFilter.doFilter(LogoutFilter.java:93)
	at org.springframework.security.web.ObservationFilterChainDecorator$ObservationFilter.wrapFilter(ObservationFilterChainDecorator.java:240)
	at org.springframework.security.web.ObservationFilterChainDecorator$ObservationFilter.doFilter(ObservationFilterChainDecorator.java:227)
	at org.springframework.security.web.ObservationFilterChainDecorator$VirtualFilterChain.doFilter(ObservationFilterChainDecorator.java:137)
	at org.springframework.web.filter.CorsFilter.doFilterInternal(CorsFilter.java:91)
	at org.springframework.web.filter.OncePerRequestFilter.doFilter(OncePerRequestFilter.java:116)
	at org.springframework.security.web.ObservationFilterChainDecorator$ObservationFilter.wrapFilter(ObservationFilterChainDecorator.java:240)
	at org.springframework.security.web.ObservationFilterChainDecorator$ObservationFilter.doFilter(ObservationFilterChainDecorator.java:227)
	at org.springframework.security.web.ObservationFilterChainDecorator$VirtualFilterChain.doFilter(ObservationFilterChainDecorator.java:137)
	at org.springframework.security.web.header.HeaderWriterFilter.doHeadersAfter(HeaderWriterFilter.java:90)
	at org.springframework.security.web.header.HeaderWriterFilter.doFilterInternal(HeaderWriterFilter.java:75)
	at org.springframework.web.filter.OncePerRequestFilter.doFilter(OncePerRequestFilter.java:116)
	at org.springframework.security.web.ObservationFilterChainDecorator$ObservationFilter.wrapFilter(ObservationFilterChainDecorator.java:240)
	at org.springframework.security.web.ObservationFilterChainDecorator$ObservationFilter.doFilter(ObservationFilterChainDecorator.java:227)
	at org.springframework.security.web.ObservationFilterChainDecorator$VirtualFilterChain.doFilter(ObservationFilterChainDecorator.java:137)
	at org.springframework.security.web.context.SecurityContextHolderFilter.doFilter(SecurityContextHolderFilter.java:82)
	at org.springframework.security.web.context.SecurityContextHolderFilter.doFilter(SecurityContextHolderFilter.java:69)
	at org.springframework.security.web.ObservationFilterChainDecorator$ObservationFilter.wrapFilter(ObservationFilterChainDecorator.java:240)
	at org.springframework.security.web.ObservationFilterChainDecorator$ObservationFilter.doFilter(ObservationFilterChainDecorator.java:227)
	at org.springframework.security.web.ObservationFilterChainDecorator$VirtualFilterChain.doFilter(ObservationFilterChainDecorator.java:137)
	at org.springframework.security.web.context.request.async.WebAsyncManagerIntegrationFilter.doFilterInternal(WebAsyncManagerIntegrationFilter.java:62)
	at org.springframework.web.filter.OncePerRequestFilter.doFilter(OncePerRequestFilter.java:116)
	at org.springframework.security.web.ObservationFilterChainDecorator$ObservationFilter.wrapFilter(ObservationFilterChainDecorator.java:240)
	at org.springframework.security.web.ObservationFilterChainDecorator$ObservationFilter.doFilter(ObservationFilterChainDecorator.java:227)
	at org.springframework.security.web.ObservationFilterChainDecorator$VirtualFilterChain.doFilter(ObservationFilterChainDecorator.java:137)
	at org.springframework.security.web.session.DisableEncodeUrlFilter.doFilterInternal(DisableEncodeUrlFilter.java:42)
	at org.springframework.web.filter.OncePerRequestFilter.doFilter(OncePerRequestFilter.java:116)
	at org.springframework.security.web.ObservationFilterChainDecorator$ObservationFilter.wrapFilter(ObservationFilterChainDecorator.java:240)
	at org.springframework.security.web.ObservationFilterChainDecorator$AroundFilterObservation$SimpleAroundFilterObservation.lambda$wrap$0(ObservationFilterChainDecorator.java:323)
	at org.springframework.security.web.ObservationFilterChainDecorator$ObservationFilter.doFilter(ObservationFilterChainDecorator.java:224)
	at org.springframework.security.web.ObservationFilterChainDecorator$VirtualFilterChain.doFilter(ObservationFilterChainDecorator.java:137)
	at org.springframework.security.web.FilterChainProxy.doFilterInternal(FilterChainProxy.java:233)
	at org.springframework.security.web.FilterChainProxy.doFilter(FilterChainProxy.java:191)
	at org.springframework.web.filter.CompositeFilter$VirtualFilterChain.doFilter(CompositeFilter.java:113)
	at org.springframework.web.servlet.handler.HandlerMappingIntrospector.lambda$createCacheFilter$3(HandlerMappingIntrospector.java:243)
	at org.springframework.web.filter.CompositeFilter$VirtualFilterChain.doFilter(CompositeFilter.java:113)
	at org.springframework.web.filter.CompositeFilter.doFilter(CompositeFilter.java:74)
	at org.springframework.security.config.annotation.web.configuration.WebMvcSecurityConfiguration$CompositeFilterChainProxy.doFilter(WebMvcSecurityConfiguration.java:238)
	at org.springframework.web.filter.DelegatingFilterProxy.invokeDelegate(DelegatingFilterProxy.java:362)
	at org.springframework.web.filter.DelegatingFilterProxy.doFilter(DelegatingFilterProxy.java:278)
	at org.apache.catalina.core.ApplicationFilterChain.internalDoFilter(ApplicationFilterChain.java:164)
	at org.apache.catalina.core.ApplicationFilterChain.doFilter(ApplicationFilterChain.java:140)
	at org.springframework.web.filter.RequestContextFilter.doFilterInternal(RequestContextFilter.java:100)
	at org.springframework.web.filter.OncePerRequestFilter.doFilter(OncePerRequestFilter.java:116)
	at org.apache.catalina.core.ApplicationFilterChain.internalDoFilter(ApplicationFilterChain.java:164)
	at org.apache.catalina.core.ApplicationFilterChain.doFilter(ApplicationFilterChain.java:140)
	at org.springframework.web.filter.FormContentFilter.doFilterInternal(FormContentFilter.java:93)
	at org.springframework.web.filter.OncePerRequestFilter.doFilter(OncePerRequestFilter.java:116)
	at org.apache.catalina.core.ApplicationFilterChain.internalDoFilter(ApplicationFilterChain.java:164)
	at org.apache.catalina.core.ApplicationFilterChain.doFilter(ApplicationFilterChain.java:140)
	at org.springframework.web.filter.ServerHttpObservationFilter.doFilterInternal(ServerHttpObservationFilter.java:114)
	at org.springframework.web.filter.OncePerRequestFilter.doFilter(OncePerRequestFilter.java:116)
	at org.apache.catalina.core.ApplicationFilterChain.internalDoFilter(ApplicationFilterChain.java:164)
	at org.apache.catalina.core.ApplicationFilterChain.doFilter(ApplicationFilterChain.java:140)
	at org.springframework.web.filter.CharacterEncodingFilter.doFilterInternal(CharacterEncodingFilter.java:201)
	at org.springframework.web.filter.OncePerRequestFilter.doFilter(OncePerRequestFilter.java:116)
	at org.apache.catalina.core.ApplicationFilterChain.internalDoFilter(ApplicationFilterChain.java:164)
	at org.apache.catalina.core.ApplicationFilterChain.doFilter(ApplicationFilterChain.java:140)
	at org.apache.catalina.core.StandardWrapperValve.invoke(StandardWrapperValve.java:167)
	at org.apache.catalina.core.StandardContextValve.invoke(StandardContextValve.java:90)
	at org.apache.catalina.authenticator.AuthenticatorBase.invoke(AuthenticatorBase.java:483)
	at org.apache.catalina.core.StandardHostValve.invoke(StandardHostValve.java:116)
	at org.apache.catalina.valves.ErrorReportValve.invoke(ErrorReportValve.java:93)
	at org.apache.catalina.core.StandardEngineValve.invoke(StandardEngineValve.java:74)
	at org.apache.catalina.connector.CoyoteAdapter.service(CoyoteAdapter.java:344)
	at org.apache.coyote.http11.Http11Processor.service(Http11Processor.java:398)
	at org.apache.coyote.AbstractProcessorLight.process(AbstractProcessorLight.java:63)
	at org.apache.coyote.AbstractProtocol$ConnectionHandler.process(AbstractProtocol.java:903)
	at org.apache.tomcat.util.net.NioEndpoint$SocketProcessor.doRun(NioEndpoint.java:1740)
	at org.apache.tomcat.util.net.SocketProcessorBase.run(SocketProcessorBase.java:52)
	at org.apache.tomcat.util.threads.ThreadPoolExecutor.runWorker(ThreadPoolExecutor.java:1189)
	at org.apache.tomcat.util.threads.ThreadPoolExecutor$Worker.run(ThreadPoolExecutor.java:658)
	at org.apache.tomcat.util.threads.TaskThread$WrappingRunnable.run(TaskThread.java:63)
	at java.base/java.lang.Thread.run(Thread.java:842)
2025-05-19 01:28:43 INFO  com.minh.shopee.ShopeeApplication - Starting ShopeeApplication using Java 17.0.12 with PID 6632 (C:\Users\abcxy\OneDrive\Desktop\workspace\backend\backend-clone-shopee\target\classes started by abcxy in C:\Users\abcxy\OneDrive\Desktop\workspace\backend\backend-clone-shopee)
2025-05-19 01:28:43 DEBUG com.minh.shopee.ShopeeApplication - Running with Spring Boot v3.4.5, Spring v6.2.6
2025-05-19 01:28:43 INFO  com.minh.shopee.ShopeeApplication - No active profile set, falling back to 1 default profile: "default"
2025-05-19 01:28:46 INFO  com.minh.shopee.ShopeeApplication - Started ShopeeApplication in 3.337 seconds (process running for 3230.323)
2025-05-19 01:28:48 INFO  com.minh.shopee.ShopeeApplication - Starting ShopeeApplication using Java 17.0.12 with PID 6632 (C:\Users\abcxy\OneDrive\Desktop\workspace\backend\backend-clone-shopee\target\classes started by abcxy in C:\Users\abcxy\OneDrive\Desktop\workspace\backend\backend-clone-shopee)
2025-05-19 01:28:48 DEBUG com.minh.shopee.ShopeeApplication - Running with Spring Boot v3.4.5, Spring v6.2.6
2025-05-19 01:28:48 INFO  com.minh.shopee.ShopeeApplication - No active profile set, falling back to 1 default profile: "default"
2025-05-19 01:28:49 INFO  com.minh.shopee.ShopeeApplication - Started ShopeeApplication in 1.219 seconds (process running for 3233.181)
2025-05-19 01:29:49 INFO  com.minh.shopee.ShopeeApplication - Starting ShopeeApplication using Java 17.0.12 with PID 6632 (C:\Users\abcxy\OneDrive\Desktop\workspace\backend\backend-clone-shopee\target\classes started by abcxy in C:\Users\abcxy\OneDrive\Desktop\workspace\backend\backend-clone-shopee)
2025-05-19 01:29:49 DEBUG com.minh.shopee.ShopeeApplication - Running with Spring Boot v3.4.5, Spring v6.2.6
2025-05-19 01:29:49 INFO  com.minh.shopee.ShopeeApplication - No active profile set, falling back to 1 default profile: "default"
2025-05-19 01:29:50 INFO  com.minh.shopee.ShopeeApplication - Started ShopeeApplication in 1.261 seconds (process running for 3294.628)
2025-05-19 01:33:22 INFO  com.minh.shopee.ShopeeApplication - Starting ShopeeApplication using Java 17.0.12 with PID 6632 (C:\Users\abcxy\OneDrive\Desktop\workspace\backend\backend-clone-shopee\target\classes started by abcxy in C:\Users\abcxy\OneDrive\Desktop\workspace\backend\backend-clone-shopee)
2025-05-19 01:33:22 DEBUG com.minh.shopee.ShopeeApplication - Running with Spring Boot v3.4.5, Spring v6.2.6
2025-05-19 01:33:22 INFO  com.minh.shopee.ShopeeApplication - No active profile set, falling back to 1 default profile: "default"
2025-05-19 01:33:23 INFO  com.minh.shopee.ShopeeApplication - Started ShopeeApplication in 1.084 seconds (process running for 3507.696)
2025-05-19 01:33:41 INFO  com.minh.shopee.ShopeeApplication - Starting ShopeeApplication using Java 17.0.12 with PID 6632 (C:\Users\abcxy\OneDrive\Desktop\workspace\backend\backend-clone-shopee\target\classes started by abcxy in C:\Users\abcxy\OneDrive\Desktop\workspace\backend\backend-clone-shopee)
2025-05-19 01:33:41 DEBUG com.minh.shopee.ShopeeApplication - Running with Spring Boot v3.4.5, Spring v6.2.6
2025-05-19 01:33:41 INFO  com.minh.shopee.ShopeeApplication - No active profile set, falling back to 1 default profile: "default"
2025-05-19 01:33:42 INFO  com.minh.shopee.ShopeeApplication - Started ShopeeApplication in 1.07 seconds (process running for 3526.851)
2025-05-19 01:33:49 INFO  com.minh.shopee.ShopeeApplication - Starting ShopeeApplication using Java 17.0.12 with PID 6632 (C:\Users\abcxy\OneDrive\Desktop\workspace\backend\backend-clone-shopee\target\classes started by abcxy in C:\Users\abcxy\OneDrive\Desktop\workspace\backend\backend-clone-shopee)
2025-05-19 01:33:49 DEBUG com.minh.shopee.ShopeeApplication - Running with Spring Boot v3.4.5, Spring v6.2.6
2025-05-19 01:33:49 INFO  com.minh.shopee.ShopeeApplication - No active profile set, falling back to 1 default profile: "default"
2025-05-19 01:33:51 INFO  com.minh.shopee.ShopeeApplication - Started ShopeeApplication in 1.388 seconds (process running for 3535.051)
2025-05-19 01:34:08 INFO  com.minh.shopee.ShopeeApplication - Starting ShopeeApplication using Java 17.0.12 with PID 6632 (C:\Users\abcxy\OneDrive\Desktop\workspace\backend\backend-clone-shopee\target\classes started by abcxy in C:\Users\abcxy\OneDrive\Desktop\workspace\backend\backend-clone-shopee)
2025-05-19 01:34:08 DEBUG com.minh.shopee.ShopeeApplication - Running with Spring Boot v3.4.5, Spring v6.2.6
2025-05-19 01:34:08 INFO  com.minh.shopee.ShopeeApplication - No active profile set, falling back to 1 default profile: "default"
2025-05-19 01:34:09 INFO  com.minh.shopee.ShopeeApplication - Started ShopeeApplication in 1.178 seconds (process running for 3553.279)
2025-05-19 01:34:29 INFO  com.minh.shopee.ShopeeApplication - Starting ShopeeApplication using Java 17.0.12 with PID 6632 (C:\Users\abcxy\OneDrive\Desktop\workspace\backend\backend-clone-shopee\target\classes started by abcxy in C:\Users\abcxy\OneDrive\Desktop\workspace\backend\backend-clone-shopee)
2025-05-19 01:34:29 DEBUG com.minh.shopee.ShopeeApplication - Running with Spring Boot v3.4.5, Spring v6.2.6
2025-05-19 01:34:29 INFO  com.minh.shopee.ShopeeApplication - No active profile set, falling back to 1 default profile: "default"
2025-05-19 01:34:30 INFO  com.minh.shopee.ShopeeApplication - Started ShopeeApplication in 1.037 seconds (process running for 3574.499)
2025-05-19 01:34:36 INFO  com.minh.shopee.ShopeeApplication - Starting ShopeeApplication using Java 17.0.12 with PID 6632 (C:\Users\abcxy\OneDrive\Desktop\workspace\backend\backend-clone-shopee\target\classes started by abcxy in C:\Users\abcxy\OneDrive\Desktop\workspace\backend\backend-clone-shopee)
2025-05-19 01:34:36 DEBUG com.minh.shopee.ShopeeApplication - Running with Spring Boot v3.4.5, Spring v6.2.6
2025-05-19 01:34:36 INFO  com.minh.shopee.ShopeeApplication - No active profile set, falling back to 1 default profile: "default"
2025-05-19 01:34:37 INFO  com.minh.shopee.ShopeeApplication - Started ShopeeApplication in 1.438 seconds (process running for 3581.735)
2025-05-19 01:35:19 INFO  com.minh.shopee.ShopeeApplication - Starting ShopeeApplication using Java 17.0.12 with PID 6632 (C:\Users\abcxy\OneDrive\Desktop\workspace\backend\backend-clone-shopee\target\classes started by abcxy in C:\Users\abcxy\OneDrive\Desktop\workspace\backend\backend-clone-shopee)
2025-05-19 01:35:19 DEBUG com.minh.shopee.ShopeeApplication - Running with Spring Boot v3.4.5, Spring v6.2.6
2025-05-19 01:35:19 INFO  com.minh.shopee.ShopeeApplication - No active profile set, falling back to 1 default profile: "default"
2025-05-19 01:35:20 INFO  com.minh.shopee.ShopeeApplication - Started ShopeeApplication in 1.038 seconds (process running for 3623.969)
2025-05-19 01:37:00 INFO  com.minh.shopee.ShopeeApplication - Starting ShopeeApplication using Java 17.0.12 with PID 6632 (C:\Users\abcxy\OneDrive\Desktop\workspace\backend\backend-clone-shopee\target\classes started by abcxy in C:\Users\abcxy\OneDrive\Desktop\workspace\backend\backend-clone-shopee)
2025-05-19 01:37:00 DEBUG com.minh.shopee.ShopeeApplication - Running with Spring Boot v3.4.5, Spring v6.2.6
2025-05-19 01:37:00 INFO  com.minh.shopee.ShopeeApplication - No active profile set, falling back to 1 default profile: "default"
2025-05-19 01:37:01 INFO  com.minh.shopee.ShopeeApplication - Started ShopeeApplication in 1.195 seconds (process running for 3725.842)
2025-05-19 01:37:03 INFO  com.minh.shopee.ShopeeApplication - Starting ShopeeApplication using Java 17.0.12 with PID 6632 (C:\Users\abcxy\OneDrive\Desktop\workspace\backend\backend-clone-shopee\target\classes started by abcxy in C:\Users\abcxy\OneDrive\Desktop\workspace\backend\backend-clone-shopee)
2025-05-19 01:37:03 DEBUG com.minh.shopee.ShopeeApplication - Running with Spring Boot v3.4.5, Spring v6.2.6
2025-05-19 01:37:03 INFO  com.minh.shopee.ShopeeApplication - No active profile set, falling back to 1 default profile: "default"
2025-05-19 01:37:04 INFO  com.minh.shopee.ShopeeApplication - Started ShopeeApplication in 1.21 seconds (process running for 3728.744)
2025-05-19 01:37:11 INFO  com.minh.shopee.ShopeeApplication - Starting ShopeeApplication using Java 17.0.12 with PID 9576 (C:\Users\abcxy\OneDrive\Desktop\workspace\backend\backend-clone-shopee\target\classes started by abcxy in C:\Users\abcxy\OneDrive\Desktop\workspace\backend\backend-clone-shopee)
2025-05-19 01:37:11 DEBUG com.minh.shopee.ShopeeApplication - Running with Spring Boot v3.4.5, Spring v6.2.6
2025-05-19 01:37:11 INFO  com.minh.shopee.ShopeeApplication - No active profile set, falling back to 1 default profile: "default"
2025-05-19 01:37:36 INFO  com.minh.shopee.ShopeeApplication - Started ShopeeApplication in 25.093 seconds (process running for 25.862)
2025-05-19 01:38:39 INFO  com.minh.shopee.ShopeeApplication - Starting ShopeeApplication using Java 17.0.12 with PID 9576 (C:\Users\abcxy\OneDrive\Desktop\workspace\backend\backend-clone-shopee\target\classes started by abcxy in C:\Users\abcxy\OneDrive\Desktop\workspace\backend\backend-clone-shopee)
2025-05-19 01:38:39 DEBUG com.minh.shopee.ShopeeApplication - Running with Spring Boot v3.4.5, Spring v6.2.6
2025-05-19 01:38:39 INFO  com.minh.shopee.ShopeeApplication - No active profile set, falling back to 1 default profile: "default"
2025-05-19 01:38:43 INFO  com.minh.shopee.ShopeeApplication - Started ShopeeApplication in 3.66 seconds (process running for 92.931)
2025-05-19 01:38:51 INFO  com.minh.shopee.ShopeeApplication - Starting ShopeeApplication using Java 17.0.12 with PID 9576 (C:\Users\abcxy\OneDrive\Desktop\workspace\backend\backend-clone-shopee\target\classes started by abcxy in C:\Users\abcxy\OneDrive\Desktop\workspace\backend\backend-clone-shopee)
2025-05-19 01:38:51 DEBUG com.minh.shopee.ShopeeApplication - Running with Spring Boot v3.4.5, Spring v6.2.6
2025-05-19 01:38:51 INFO  com.minh.shopee.ShopeeApplication - No active profile set, falling back to 1 default profile: "default"
2025-05-19 01:38:53 INFO  com.minh.shopee.ShopeeApplication - Started ShopeeApplication in 2.324 seconds (process running for 103.033)
2025-05-19 01:39:02 INFO  com.minh.shopee.ShopeeApplication - Starting ShopeeApplication using Java 17.0.12 with PID 9576 (C:\Users\abcxy\OneDrive\Desktop\workspace\backend\backend-clone-shopee\target\classes started by abcxy in C:\Users\abcxy\OneDrive\Desktop\workspace\backend\backend-clone-shopee)
2025-05-19 01:39:02 DEBUG com.minh.shopee.ShopeeApplication - Running with Spring Boot v3.4.5, Spring v6.2.6
2025-05-19 01:39:02 INFO  com.minh.shopee.ShopeeApplication - No active profile set, falling back to 1 default profile: "default"
2025-05-19 01:39:05 INFO  com.minh.shopee.ShopeeApplication - Started ShopeeApplication in 2.734 seconds (process running for 114.976)
2025-05-19 01:39:10 INFO  com.minh.shopee.ShopeeApplication - Starting ShopeeApplication using Java 17.0.12 with PID 9576 (C:\Users\abcxy\OneDrive\Desktop\workspace\backend\backend-clone-shopee\target\classes started by abcxy in C:\Users\abcxy\OneDrive\Desktop\workspace\backend\backend-clone-shopee)
2025-05-19 01:39:10 DEBUG com.minh.shopee.ShopeeApplication - Running with Spring Boot v3.4.5, Spring v6.2.6
2025-05-19 01:39:10 INFO  com.minh.shopee.ShopeeApplication - No active profile set, falling back to 1 default profile: "default"
2025-05-19 01:39:12 INFO  com.minh.shopee.ShopeeApplication - Started ShopeeApplication in 2.087 seconds (process running for 121.867)
2025-05-19 01:39:13 INFO  com.minh.shopee.ShopeeApplication - Starting ShopeeApplication using Java 17.0.12 with PID 9576 (C:\Users\abcxy\OneDrive\Desktop\workspace\backend\backend-clone-shopee\target\classes started by abcxy in C:\Users\abcxy\OneDrive\Desktop\workspace\backend\backend-clone-shopee)
2025-05-19 01:39:13 DEBUG com.minh.shopee.ShopeeApplication - Running with Spring Boot v3.4.5, Spring v6.2.6
2025-05-19 01:39:13 INFO  com.minh.shopee.ShopeeApplication - No active profile set, falling back to 1 default profile: "default"
2025-05-19 01:39:15 INFO  com.minh.shopee.ShopeeApplication - Started ShopeeApplication in 1.435 seconds (process running for 124.893)
2025-05-19 01:42:37 INFO  com.minh.shopee.ShopeeApplication - Starting ShopeeApplication using Java 17.0.12 with PID 9576 (C:\Users\abcxy\OneDrive\Desktop\workspace\backend\backend-clone-shopee\target\classes started by abcxy in C:\Users\abcxy\OneDrive\Desktop\workspace\backend\backend-clone-shopee)
2025-05-19 01:42:37 DEBUG com.minh.shopee.ShopeeApplication - Running with Spring Boot v3.4.5, Spring v6.2.6
2025-05-19 01:42:37 INFO  com.minh.shopee.ShopeeApplication - No active profile set, falling back to 1 default profile: "default"
2025-05-19 01:42:39 INFO  com.minh.shopee.ShopeeApplication - Started ShopeeApplication in 1.455 seconds (process running for 328.861)
2025-05-19 01:42:50 INFO  com.minh.shopee.ShopeeApplication - Starting ShopeeApplication using Java 17.0.12 with PID 9576 (C:\Users\abcxy\OneDrive\Desktop\workspace\backend\backend-clone-shopee\target\classes started by abcxy in C:\Users\abcxy\OneDrive\Desktop\workspace\backend\backend-clone-shopee)
2025-05-19 01:42:50 DEBUG com.minh.shopee.ShopeeApplication - Running with Spring Boot v3.4.5, Spring v6.2.6
2025-05-19 01:42:50 INFO  com.minh.shopee.ShopeeApplication - No active profile set, falling back to 1 default profile: "default"
2025-05-19 01:42:51 INFO  com.minh.shopee.ShopeeApplication - Started ShopeeApplication in 1.252 seconds (process running for 341.038)
2025-05-19 01:42:55 INFO  com.minh.shopee.ShopeeApplication - Starting ShopeeApplication using Java 17.0.12 with PID 9576 (C:\Users\abcxy\OneDrive\Desktop\workspace\backend\backend-clone-shopee\target\classes started by abcxy in C:\Users\abcxy\OneDrive\Desktop\workspace\backend\backend-clone-shopee)
2025-05-19 01:42:55 DEBUG com.minh.shopee.ShopeeApplication - Running with Spring Boot v3.4.5, Spring v6.2.6
2025-05-19 01:42:55 INFO  com.minh.shopee.ShopeeApplication - No active profile set, falling back to 1 default profile: "default"
2025-05-19 01:42:56 INFO  com.minh.shopee.ShopeeApplication - Started ShopeeApplication in 1.922 seconds (process running for 346.679)
2025-05-19 01:42:58 INFO  com.minh.shopee.ShopeeApplication - Starting ShopeeApplication using Java 17.0.12 with PID 9576 (C:\Users\abcxy\OneDrive\Desktop\workspace\backend\backend-clone-shopee\target\classes started by abcxy in C:\Users\abcxy\OneDrive\Desktop\workspace\backend\backend-clone-shopee)
2025-05-19 01:42:58 DEBUG com.minh.shopee.ShopeeApplication - Running with Spring Boot v3.4.5, Spring v6.2.6
2025-05-19 01:42:58 INFO  com.minh.shopee.ShopeeApplication - No active profile set, falling back to 1 default profile: "default"
2025-05-19 01:43:00 INFO  com.minh.shopee.ShopeeApplication - Started ShopeeApplication in 1.785 seconds (process running for 350.137)
2025-05-19 01:43:12 INFO  com.minh.shopee.ShopeeApplication - Starting ShopeeApplication using Java 17.0.12 with PID 9576 (C:\Users\abcxy\OneDrive\Desktop\workspace\backend\backend-clone-shopee\target\classes started by abcxy in C:\Users\abcxy\OneDrive\Desktop\workspace\backend\backend-clone-shopee)
2025-05-19 01:43:12 DEBUG com.minh.shopee.ShopeeApplication - Running with Spring Boot v3.4.5, Spring v6.2.6
2025-05-19 01:43:12 INFO  com.minh.shopee.ShopeeApplication - No active profile set, falling back to 1 default profile: "default"
2025-05-19 01:43:13 INFO  com.minh.shopee.ShopeeApplication - Started ShopeeApplication in 1.142 seconds (process running for 363.225)
2025-05-19 01:43:23 INFO  com.minh.shopee.ShopeeApplication - Starting ShopeeApplication using Java 17.0.12 with PID 9576 (C:\Users\abcxy\OneDrive\Desktop\workspace\backend\backend-clone-shopee\target\classes started by abcxy in C:\Users\abcxy\OneDrive\Desktop\workspace\backend\backend-clone-shopee)
2025-05-19 01:43:23 DEBUG com.minh.shopee.ShopeeApplication - Running with Spring Boot v3.4.5, Spring v6.2.6
2025-05-19 01:43:23 INFO  com.minh.shopee.ShopeeApplication - No active profile set, falling back to 1 default profile: "default"
2025-05-19 01:43:24 INFO  com.minh.shopee.ShopeeApplication - Started ShopeeApplication in 1.755 seconds (process running for 374.552)
2025-05-19 01:43:26 INFO  com.minh.shopee.ShopeeApplication - Starting ShopeeApplication using Java 17.0.12 with PID 9576 (C:\Users\abcxy\OneDrive\Desktop\workspace\backend\backend-clone-shopee\target\classes started by abcxy in C:\Users\abcxy\OneDrive\Desktop\workspace\backend\backend-clone-shopee)
2025-05-19 01:43:26 DEBUG com.minh.shopee.ShopeeApplication - Running with Spring Boot v3.4.5, Spring v6.2.6
2025-05-19 01:43:26 INFO  com.minh.shopee.ShopeeApplication - No active profile set, falling back to 1 default profile: "default"
2025-05-19 01:43:27 INFO  com.minh.shopee.ShopeeApplication - Started ShopeeApplication in 1.458 seconds (process running for 377.676)
2025-05-19 01:43:51 INFO  com.minh.shopee.ShopeeApplication - Starting ShopeeApplication using Java 17.0.12 with PID 9576 (C:\Users\abcxy\OneDrive\Desktop\workspace\backend\backend-clone-shopee\target\classes started by abcxy in C:\Users\abcxy\OneDrive\Desktop\workspace\backend\backend-clone-shopee)
2025-05-19 01:43:51 DEBUG com.minh.shopee.ShopeeApplication - Running with Spring Boot v3.4.5, Spring v6.2.6
2025-05-19 01:43:51 INFO  com.minh.shopee.ShopeeApplication - No active profile set, falling back to 1 default profile: "default"
2025-05-19 01:43:53 INFO  com.minh.shopee.ShopeeApplication - Started ShopeeApplication in 1.674 seconds (process running for 402.99)
2025-05-19 01:43:54 INFO  com.minh.shopee.ShopeeApplication - Starting ShopeeApplication using Java 17.0.12 with PID 9576 (C:\Users\abcxy\OneDrive\Desktop\workspace\backend\backend-clone-shopee\target\classes started by abcxy in C:\Users\abcxy\OneDrive\Desktop\workspace\backend\backend-clone-shopee)
2025-05-19 01:43:54 DEBUG com.minh.shopee.ShopeeApplication - Running with Spring Boot v3.4.5, Spring v6.2.6
2025-05-19 01:43:54 INFO  com.minh.shopee.ShopeeApplication - No active profile set, falling back to 1 default profile: "default"
2025-05-19 01:43:58 INFO  com.minh.shopee.ShopeeApplication - Starting ShopeeApplication using Java 17.0.12 with PID 9576 (C:\Users\abcxy\OneDrive\Desktop\workspace\backend\backend-clone-shopee\target\classes started by abcxy in C:\Users\abcxy\OneDrive\Desktop\workspace\backend\backend-clone-shopee)
2025-05-19 01:43:58 DEBUG com.minh.shopee.ShopeeApplication - Running with Spring Boot v3.4.5, Spring v6.2.6
2025-05-19 01:43:58 INFO  com.minh.shopee.ShopeeApplication - No active profile set, falling back to 1 default profile: "default"
2025-05-19 01:44:02 INFO  com.minh.shopee.ShopeeApplication - Starting ShopeeApplication using Java 17.0.12 with PID 9576 (C:\Users\abcxy\OneDrive\Desktop\workspace\backend\backend-clone-shopee\target\classes started by abcxy in C:\Users\abcxy\OneDrive\Desktop\workspace\backend\backend-clone-shopee)
2025-05-19 01:44:02 DEBUG com.minh.shopee.ShopeeApplication - Running with Spring Boot v3.4.5, Spring v6.2.6
2025-05-19 01:44:02 INFO  com.minh.shopee.ShopeeApplication - No active profile set, falling back to 1 default profile: "default"
2025-05-19 01:44:04 INFO  com.minh.shopee.ShopeeApplication - Started ShopeeApplication in 1.576 seconds (process running for 414.262)
2025-05-19 01:44:30 INFO  com.minh.shopee.ShopeeApplication - Starting ShopeeApplication using Java 17.0.12 with PID 9576 (C:\Users\abcxy\OneDrive\Desktop\workspace\backend\backend-clone-shopee\target\classes started by abcxy in C:\Users\abcxy\OneDrive\Desktop\workspace\backend\backend-clone-shopee)
2025-05-19 01:44:30 DEBUG com.minh.shopee.ShopeeApplication - Running with Spring Boot v3.4.5, Spring v6.2.6
2025-05-19 01:44:30 INFO  com.minh.shopee.ShopeeApplication - No active profile set, falling back to 1 default profile: "default"
2025-05-19 01:44:32 INFO  com.minh.shopee.ShopeeApplication - Started ShopeeApplication in 1.391 seconds (process running for 441.924)
2025-05-19 01:44:42 INFO  com.minh.shopee.ShopeeApplication - Starting ShopeeApplication using Java 17.0.12 with PID 9576 (C:\Users\abcxy\OneDrive\Desktop\workspace\backend\backend-clone-shopee\target\classes started by abcxy in C:\Users\abcxy\OneDrive\Desktop\workspace\backend\backend-clone-shopee)
2025-05-19 01:44:42 DEBUG com.minh.shopee.ShopeeApplication - Running with Spring Boot v3.4.5, Spring v6.2.6
2025-05-19 01:44:42 INFO  com.minh.shopee.ShopeeApplication - No active profile set, falling back to 1 default profile: "default"
2025-05-19 01:44:43 INFO  com.minh.shopee.ShopeeApplication - Started ShopeeApplication in 1.437 seconds (process running for 453.232)
2025-05-19 01:44:46 INFO  com.minh.shopee.ShopeeApplication - Starting ShopeeApplication using Java 17.0.12 with PID 9576 (C:\Users\abcxy\OneDrive\Desktop\workspace\backend\backend-clone-shopee\target\classes started by abcxy in C:\Users\abcxy\OneDrive\Desktop\workspace\backend\backend-clone-shopee)
2025-05-19 01:44:46 DEBUG com.minh.shopee.ShopeeApplication - Running with Spring Boot v3.4.5, Spring v6.2.6
2025-05-19 01:44:46 INFO  com.minh.shopee.ShopeeApplication - No active profile set, falling back to 1 default profile: "default"
2025-05-19 01:44:47 INFO  com.minh.shopee.ShopeeApplication - Started ShopeeApplication in 1.12 seconds (process running for 457.046)
2025-05-19 01:44:55 INFO  com.minh.shopee.ShopeeApplication - Starting ShopeeApplication using Java 17.0.12 with PID 9576 (C:\Users\abcxy\OneDrive\Desktop\workspace\backend\backend-clone-shopee\target\classes started by abcxy in C:\Users\abcxy\OneDrive\Desktop\workspace\backend\backend-clone-shopee)
2025-05-19 01:44:55 DEBUG com.minh.shopee.ShopeeApplication - Running with Spring Boot v3.4.5, Spring v6.2.6
2025-05-19 01:44:55 INFO  com.minh.shopee.ShopeeApplication - No active profile set, falling back to 1 default profile: "default"
2025-05-19 01:44:56 INFO  com.minh.shopee.ShopeeApplication - Started ShopeeApplication in 1.194 seconds (process running for 466.053)
2025-05-19 01:44:59 INFO  com.minh.shopee.ShopeeApplication - Starting ShopeeApplication using Java 17.0.12 with PID 9576 (C:\Users\abcxy\OneDrive\Desktop\workspace\backend\backend-clone-shopee\target\classes started by abcxy in C:\Users\abcxy\OneDrive\Desktop\workspace\backend\backend-clone-shopee)
2025-05-19 01:44:59 DEBUG com.minh.shopee.ShopeeApplication - Running with Spring Boot v3.4.5, Spring v6.2.6
2025-05-19 01:44:59 INFO  com.minh.shopee.ShopeeApplication - No active profile set, falling back to 1 default profile: "default"
2025-05-19 01:45:00 INFO  com.minh.shopee.ShopeeApplication - Started ShopeeApplication in 1.118 seconds (process running for 469.871)
2025-05-19 01:45:08 INFO  com.minh.shopee.ShopeeApplication - Starting ShopeeApplication using Java 17.0.12 with PID 9576 (C:\Users\abcxy\OneDrive\Desktop\workspace\backend\backend-clone-shopee\target\classes started by abcxy in C:\Users\abcxy\OneDrive\Desktop\workspace\backend\backend-clone-shopee)
2025-05-19 01:45:08 DEBUG com.minh.shopee.ShopeeApplication - Running with Spring Boot v3.4.5, Spring v6.2.6
2025-05-19 01:45:08 INFO  com.minh.shopee.ShopeeApplication - No active profile set, falling back to 1 default profile: "default"
2025-05-19 01:45:09 INFO  com.minh.shopee.ShopeeApplication - Started ShopeeApplication in 1.991 seconds (process running for 479.704)
2025-05-19 01:45:11 INFO  com.minh.shopee.ShopeeApplication - Starting ShopeeApplication using Java 17.0.12 with PID 9576 (C:\Users\abcxy\OneDrive\Desktop\workspace\backend\backend-clone-shopee\target\classes started by abcxy in C:\Users\abcxy\OneDrive\Desktop\workspace\backend\backend-clone-shopee)
2025-05-19 01:45:11 DEBUG com.minh.shopee.ShopeeApplication - Running with Spring Boot v3.4.5, Spring v6.2.6
2025-05-19 01:45:11 INFO  com.minh.shopee.ShopeeApplication - No active profile set, falling back to 1 default profile: "default"
2025-05-19 01:45:13 INFO  com.minh.shopee.ShopeeApplication - Started ShopeeApplication in 1.708 seconds (process running for 483.344)
2025-05-19 01:45:15 INFO  com.minh.shopee.ShopeeApplication - Starting ShopeeApplication using Java 17.0.12 with PID 9576 (C:\Users\abcxy\OneDrive\Desktop\workspace\backend\backend-clone-shopee\target\classes started by abcxy in C:\Users\abcxy\OneDrive\Desktop\workspace\backend\backend-clone-shopee)
2025-05-19 01:45:15 DEBUG com.minh.shopee.ShopeeApplication - Running with Spring Boot v3.4.5, Spring v6.2.6
2025-05-19 01:45:15 INFO  com.minh.shopee.ShopeeApplication - No active profile set, falling back to 1 default profile: "default"
2025-05-19 01:45:16 INFO  com.minh.shopee.ShopeeApplication - Started ShopeeApplication in 1.074 seconds (process running for 486.052)
2025-05-19 01:46:15 INFO  com.minh.shopee.ShopeeApplication - Starting ShopeeApplication using Java 17.0.12 with PID 9576 (C:\Users\abcxy\OneDrive\Desktop\workspace\backend\backend-clone-shopee\target\classes started by abcxy in C:\Users\abcxy\OneDrive\Desktop\workspace\backend\backend-clone-shopee)
2025-05-19 01:46:15 DEBUG com.minh.shopee.ShopeeApplication - Running with Spring Boot v3.4.5, Spring v6.2.6
2025-05-19 01:46:15 INFO  com.minh.shopee.ShopeeApplication - No active profile set, falling back to 1 default profile: "default"
2025-05-19 01:46:16 INFO  com.minh.shopee.ShopeeApplication - Started ShopeeApplication in 1.227 seconds (process running for 546.323)
2025-05-19 01:46:20 INFO  com.minh.shopee.ShopeeApplication - Starting ShopeeApplication using Java 17.0.12 with PID 9576 (C:\Users\abcxy\OneDrive\Desktop\workspace\backend\backend-clone-shopee\target\classes started by abcxy in C:\Users\abcxy\OneDrive\Desktop\workspace\backend\backend-clone-shopee)
2025-05-19 01:46:20 DEBUG com.minh.shopee.ShopeeApplication - Running with Spring Boot v3.4.5, Spring v6.2.6
2025-05-19 01:46:20 INFO  com.minh.shopee.ShopeeApplication - No active profile set, falling back to 1 default profile: "default"
2025-05-19 01:46:21 INFO  com.minh.shopee.ShopeeApplication - Started ShopeeApplication in 1.136 seconds (process running for 551.157)
2025-05-19 01:46:54 INFO  com.minh.shopee.ShopeeApplication - Starting ShopeeApplication using Java 17.0.12 with PID 9576 (C:\Users\abcxy\OneDrive\Desktop\workspace\backend\backend-clone-shopee\target\classes started by abcxy in C:\Users\abcxy\OneDrive\Desktop\workspace\backend\backend-clone-shopee)
2025-05-19 01:46:54 DEBUG com.minh.shopee.ShopeeApplication - Running with Spring Boot v3.4.5, Spring v6.2.6
2025-05-19 01:46:54 INFO  com.minh.shopee.ShopeeApplication - No active profile set, falling back to 1 default profile: "default"
2025-05-19 01:46:55 INFO  com.minh.shopee.ShopeeApplication - Started ShopeeApplication in 1.095 seconds (process running for 585.351)
2025-05-19 01:47:01 INFO  com.minh.shopee.ShopeeApplication - Starting ShopeeApplication using Java 17.0.12 with PID 9576 (C:\Users\abcxy\OneDrive\Desktop\workspace\backend\backend-clone-shopee\target\classes started by abcxy in C:\Users\abcxy\OneDrive\Desktop\workspace\backend\backend-clone-shopee)
2025-05-19 01:47:01 DEBUG com.minh.shopee.ShopeeApplication - Running with Spring Boot v3.4.5, Spring v6.2.6
2025-05-19 01:47:01 INFO  com.minh.shopee.ShopeeApplication - No active profile set, falling back to 1 default profile: "default"
2025-05-19 01:47:02 INFO  com.minh.shopee.ShopeeApplication - Started ShopeeApplication in 1.288 seconds (process running for 592.483)
2025-05-19 01:47:14 INFO  com.minh.shopee.ShopeeApplication - Starting ShopeeApplication using Java 17.0.12 with PID 9576 (C:\Users\abcxy\OneDrive\Desktop\workspace\backend\backend-clone-shopee\target\classes started by abcxy in C:\Users\abcxy\OneDrive\Desktop\workspace\backend\backend-clone-shopee)
2025-05-19 01:47:14 DEBUG com.minh.shopee.ShopeeApplication - Running with Spring Boot v3.4.5, Spring v6.2.6
2025-05-19 01:47:14 INFO  com.minh.shopee.ShopeeApplication - No active profile set, falling back to 1 default profile: "default"
2025-05-19 01:47:15 INFO  com.minh.shopee.ShopeeApplication - Started ShopeeApplication in 1.035 seconds (process running for 604.871)
2025-05-19 01:47:24 INFO  com.minh.shopee.ShopeeApplication - Starting ShopeeApplication using Java 17.0.12 with PID 9576 (C:\Users\abcxy\OneDrive\Desktop\workspace\backend\backend-clone-shopee\target\classes started by abcxy in C:\Users\abcxy\OneDrive\Desktop\workspace\backend\backend-clone-shopee)
2025-05-19 01:47:24 DEBUG com.minh.shopee.ShopeeApplication - Running with Spring Boot v3.4.5, Spring v6.2.6
2025-05-19 01:47:24 INFO  com.minh.shopee.ShopeeApplication - No active profile set, falling back to 1 default profile: "default"
2025-05-19 01:47:25 INFO  com.minh.shopee.ShopeeApplication - Started ShopeeApplication in 1.053 seconds (process running for 614.777)
2025-05-19 01:47:29 INFO  com.minh.shopee.ShopeeApplication - Starting ShopeeApplication using Java 17.0.12 with PID 9576 (C:\Users\abcxy\OneDrive\Desktop\workspace\backend\backend-clone-shopee\target\classes started by abcxy in C:\Users\abcxy\OneDrive\Desktop\workspace\backend\backend-clone-shopee)
2025-05-19 01:47:29 DEBUG com.minh.shopee.ShopeeApplication - Running with Spring Boot v3.4.5, Spring v6.2.6
2025-05-19 01:47:29 INFO  com.minh.shopee.ShopeeApplication - No active profile set, falling back to 1 default profile: "default"
2025-05-19 01:47:30 INFO  com.minh.shopee.ShopeeApplication - Started ShopeeApplication in 1.072 seconds (process running for 620.577)
2025-05-19 01:48:51 INFO  com.minh.shopee.ShopeeApplication - Starting ShopeeApplication using Java 17.0.12 with PID 9576 (C:\Users\abcxy\OneDrive\Desktop\workspace\backend\backend-clone-shopee\target\classes started by abcxy in C:\Users\abcxy\OneDrive\Desktop\workspace\backend\backend-clone-shopee)
2025-05-19 01:48:51 DEBUG com.minh.shopee.ShopeeApplication - Running with Spring Boot v3.4.5, Spring v6.2.6
2025-05-19 01:48:51 INFO  com.minh.shopee.ShopeeApplication - No active profile set, falling back to 1 default profile: "default"
2025-05-19 01:48:52 INFO  com.minh.shopee.ShopeeApplication - Started ShopeeApplication in 1.04 seconds (process running for 702.365)
2025-05-19 01:56:52 INFO  com.minh.shopee.ShopeeApplication - Starting ShopeeApplication using Java 17.0.12 with PID 9576 (C:\Users\abcxy\OneDrive\Desktop\workspace\backend\backend-clone-shopee\target\classes started by abcxy in C:\Users\abcxy\OneDrive\Desktop\workspace\backend\backend-clone-shopee)
2025-05-19 01:56:52 DEBUG com.minh.shopee.ShopeeApplication - Running with Spring Boot v3.4.5, Spring v6.2.6
2025-05-19 01:56:52 INFO  com.minh.shopee.ShopeeApplication - No active profile set, falling back to 1 default profile: "default"
2025-05-19 01:56:53 INFO  com.minh.shopee.ShopeeApplication - Started ShopeeApplication in 1.242 seconds (process running for 1183.62)
2025-05-19 01:57:35 INFO  com.minh.shopee.ShopeeApplication - Starting ShopeeApplication using Java 17.0.12 with PID 9576 (C:\Users\abcxy\OneDrive\Desktop\workspace\backend\backend-clone-shopee\target\classes started by abcxy in C:\Users\abcxy\OneDrive\Desktop\workspace\backend\backend-clone-shopee)
2025-05-19 01:57:35 DEBUG com.minh.shopee.ShopeeApplication - Running with Spring Boot v3.4.5, Spring v6.2.6
2025-05-19 01:57:35 INFO  com.minh.shopee.ShopeeApplication - No active profile set, falling back to 1 default profile: "default"
2025-05-19 01:57:36 INFO  com.minh.shopee.ShopeeApplication - Started ShopeeApplication in 1.18 seconds (process running for 1226.483)
2025-05-19 01:59:15 INFO  com.minh.shopee.ShopeeApplication - Starting ShopeeApplication using Java 17.0.12 with PID 9576 (C:\Users\abcxy\OneDrive\Desktop\workspace\backend\backend-clone-shopee\target\classes started by abcxy in C:\Users\abcxy\OneDrive\Desktop\workspace\backend\backend-clone-shopee)
2025-05-19 01:59:15 DEBUG com.minh.shopee.ShopeeApplication - Running with Spring Boot v3.4.5, Spring v6.2.6
2025-05-19 01:59:15 INFO  com.minh.shopee.ShopeeApplication - No active profile set, falling back to 1 default profile: "default"
2025-05-19 01:59:16 INFO  com.minh.shopee.ShopeeApplication - Started ShopeeApplication in 1.112 seconds (process running for 1326.575)
2025-05-19 02:01:52 INFO  com.minh.shopee.ShopeeApplication - Starting ShopeeApplication using Java 17.0.12 with PID 9576 (C:\Users\abcxy\OneDrive\Desktop\workspace\backend\backend-clone-shopee\target\classes started by abcxy in C:\Users\abcxy\OneDrive\Desktop\workspace\backend\backend-clone-shopee)
2025-05-19 02:01:52 DEBUG com.minh.shopee.ShopeeApplication - Running with Spring Boot v3.4.5, Spring v6.2.6
2025-05-19 02:01:52 INFO  com.minh.shopee.ShopeeApplication - No active profile set, falling back to 1 default profile: "default"
2025-05-19 02:01:53 INFO  com.minh.shopee.ShopeeApplication - Started ShopeeApplication in 1.068 seconds (process running for 1483.111)
2025-05-19 02:08:57 INFO  com.minh.shopee.ShopeeApplication - Starting ShopeeApplication using Java 17.0.12 with PID 9576 (C:\Users\abcxy\OneDrive\Desktop\workspace\backend\backend-clone-shopee\target\classes started by abcxy in C:\Users\abcxy\OneDrive\Desktop\workspace\backend\backend-clone-shopee)
2025-05-19 02:08:57 DEBUG com.minh.shopee.ShopeeApplication - Running with Spring Boot v3.4.5, Spring v6.2.6
2025-05-19 02:08:57 INFO  com.minh.shopee.ShopeeApplication - No active profile set, falling back to 1 default profile: "default"
2025-05-19 02:09:01 INFO  com.minh.shopee.ShopeeApplication - Started ShopeeApplication in 3.255 seconds (process running for 1910.747)
2025-05-19 02:09:13 INFO  com.minh.shopee.ShopeeApplication - Starting ShopeeApplication using Java 17.0.12 with PID 9576 (C:\Users\abcxy\OneDrive\Desktop\workspace\backend\backend-clone-shopee\target\classes started by abcxy in C:\Users\abcxy\OneDrive\Desktop\workspace\backend\backend-clone-shopee)
2025-05-19 02:09:13 DEBUG com.minh.shopee.ShopeeApplication - Running with Spring Boot v3.4.5, Spring v6.2.6
2025-05-19 02:09:13 INFO  com.minh.shopee.ShopeeApplication - No active profile set, falling back to 1 default profile: "default"
2025-05-19 02:09:15 INFO  com.minh.shopee.ShopeeApplication - Started ShopeeApplication in 1.556 seconds (process running for 1924.791)
2025-05-19 02:09:16 INFO  com.minh.shopee.ShopeeApplication - Starting ShopeeApplication using Java 17.0.12 with PID 9576 (C:\Users\abcxy\OneDrive\Desktop\workspace\backend\backend-clone-shopee\target\classes started by abcxy in C:\Users\abcxy\OneDrive\Desktop\workspace\backend\backend-clone-shopee)
2025-05-19 02:09:16 DEBUG com.minh.shopee.ShopeeApplication - Running with Spring Boot v3.4.5, Spring v6.2.6
2025-05-19 02:09:16 INFO  com.minh.shopee.ShopeeApplication - No active profile set, falling back to 1 default profile: "default"
2025-05-19 02:09:17 INFO  com.minh.shopee.ShopeeApplication - Started ShopeeApplication in 0.957 seconds (process running for 1927.399)
2025-05-19 02:09:29 INFO  com.minh.shopee.ShopeeApplication - Starting ShopeeApplication using Java 17.0.12 with PID 9576 (C:\Users\abcxy\OneDrive\Desktop\workspace\backend\backend-clone-shopee\target\classes started by abcxy in C:\Users\abcxy\OneDrive\Desktop\workspace\backend\backend-clone-shopee)
2025-05-19 02:09:29 DEBUG com.minh.shopee.ShopeeApplication - Running with Spring Boot v3.4.5, Spring v6.2.6
2025-05-19 02:09:29 INFO  com.minh.shopee.ShopeeApplication - No active profile set, falling back to 1 default profile: "default"
2025-05-19 02:09:30 INFO  com.minh.shopee.ShopeeApplication - Started ShopeeApplication in 1.342 seconds (process running for 1940.664)
2025-05-19 02:09:43 INFO  com.minh.shopee.ShopeeApplication - Starting ShopeeApplication using Java 17.0.12 with PID 9576 (C:\Users\abcxy\OneDrive\Desktop\workspace\backend\backend-clone-shopee\target\classes started by abcxy in C:\Users\abcxy\OneDrive\Desktop\workspace\backend\backend-clone-shopee)
2025-05-19 02:09:43 DEBUG com.minh.shopee.ShopeeApplication - Running with Spring Boot v3.4.5, Spring v6.2.6
2025-05-19 02:09:43 INFO  com.minh.shopee.ShopeeApplication - No active profile set, falling back to 1 default profile: "default"
2025-05-19 02:09:45 INFO  com.minh.shopee.ShopeeApplication - Started ShopeeApplication in 1.506 seconds (process running for 1955.14)
2025-05-19 02:09:58 INFO  com.minh.shopee.ShopeeApplication - Starting ShopeeApplication using Java 17.0.12 with PID 9576 (C:\Users\abcxy\OneDrive\Desktop\workspace\backend\backend-clone-shopee\target\classes started by abcxy in C:\Users\abcxy\OneDrive\Desktop\workspace\backend\backend-clone-shopee)
2025-05-19 02:09:58 DEBUG com.minh.shopee.ShopeeApplication - Running with Spring Boot v3.4.5, Spring v6.2.6
2025-05-19 02:09:58 INFO  com.minh.shopee.ShopeeApplication - No active profile set, falling back to 1 default profile: "default"
