2025-06-27 14:36:32 INFO  com.minh.shopee.ShopeeApplication - Starting ShopeeApplication using Java 17.0.12 with PID 16272 (C:\Users\abcxy\OneDrive\Desktop\workspace\project\shopee_clone\reactjs-clone-shopee\backend-clone-shopee\target\classes started by abcxy in C:\Users\abcxy\OneDrive\Desktop\workspace\project\shopee_clone\reactjs-clone-shopee\backend-clone-shopee)
2025-06-27 14:36:32 DEBUG com.minh.shopee.ShopeeApplication - Running with Spring Boot v3.4.5, Spring v6.2.6
2025-06-27 14:36:32 INFO  com.minh.shopee.ShopeeApplication - No active profile set, falling back to 1 default profile: "default"
2025-06-27 14:37:14 INFO  com.minh.shopee.ShopeeApplication - Started ShopeeApplication in 45.703 seconds (process running for 48.678)
2025-06-27 14:37:25 ERROR c.m.shopee.config.JWTConfiguration - JWT Decode Error: An error occurred while attempting to decode the Jwt: Jwt expired at 2025-06-26T16:48:24Z
org.springframework.security.oauth2.jwt.JwtValidationException: An error occurred while attempting to decode the Jwt: Jwt expired at 2025-06-26T16:48:24Z
	at org.springframework.security.oauth2.jwt.NimbusJwtDecoder.validateJwt(NimbusJwtDecoder.java:193)
	at org.springframework.security.oauth2.jwt.NimbusJwtDecoder.decode(NimbusJwtDecoder.java:139)
	at com.minh.shopee.config.JWTConfiguration.lambda$0(JWTConfiguration.java:64)
	at org.springframework.security.oauth2.server.resource.authentication.JwtAuthenticationProvider.getJwt(JwtAuthenticationProvider.java:99)
	at org.springframework.security.oauth2.server.resource.authentication.JwtAuthenticationProvider.authenticate(JwtAuthenticationProvider.java:88)
	at org.springframework.security.authentication.ProviderManager.authenticate(ProviderManager.java:182)
	at org.springframework.security.authentication.ObservationAuthenticationManager.lambda$authenticate$1(ObservationAuthenticationManager.java:54)
	at io.micrometer.observation.Observation.observe(Observation.java:564)
	at org.springframework.security.authentication.ObservationAuthenticationManager.authenticate(ObservationAuthenticationManager.java:53)
	at org.springframework.security.oauth2.server.resource.web.authentication.BearerTokenAuthenticationFilter.doFilterInternal(BearerTokenAuthenticationFilter.java:137)
	at org.springframework.web.filter.OncePerRequestFilter.doFilter(OncePerRequestFilter.java:116)
	at org.springframework.security.web.ObservationFilterChainDecorator$ObservationFilter.wrapFilter(ObservationFilterChainDecorator.java:240)
	at org.springframework.security.web.ObservationFilterChainDecorator$ObservationFilter.doFilter(ObservationFilterChainDecorator.java:227)
	at org.springframework.security.web.ObservationFilterChainDecorator$VirtualFilterChain.doFilter(ObservationFilterChainDecorator.java:137)
	at org.springframework.security.web.authentication.logout.LogoutFilter.doFilter(LogoutFilter.java:107)
	at org.springframework.security.web.authentication.logout.LogoutFilter.doFilter(LogoutFilter.java:93)
	at org.springframework.security.web.ObservationFilterChainDecorator$ObservationFilter.wrapFilter(ObservationFilterChainDecorator.java:240)
	at org.springframework.security.web.ObservationFilterChainDecorator$ObservationFilter.doFilter(ObservationFilterChainDecorator.java:227)
	at org.springframework.security.web.ObservationFilterChainDecorator$VirtualFilterChain.doFilter(ObservationFilterChainDecorator.java:137)
	at org.springframework.web.filter.CorsFilter.doFilterInternal(CorsFilter.java:91)
	at org.springframework.web.filter.OncePerRequestFilter.doFilter(OncePerRequestFilter.java:116)
	at org.springframework.security.web.ObservationFilterChainDecorator$ObservationFilter.wrapFilter(ObservationFilterChainDecorator.java:240)
	at org.springframework.security.web.ObservationFilterChainDecorator$ObservationFilter.doFilter(ObservationFilterChainDecorator.java:227)
	at org.springframework.security.web.ObservationFilterChainDecorator$VirtualFilterChain.doFilter(ObservationFilterChainDecorator.java:137)
	at org.springframework.security.web.header.HeaderWriterFilter.doHeadersAfter(HeaderWriterFilter.java:90)
	at org.springframework.security.web.header.HeaderWriterFilter.doFilterInternal(HeaderWriterFilter.java:75)
	at org.springframework.web.filter.OncePerRequestFilter.doFilter(OncePerRequestFilter.java:116)
	at org.springframework.security.web.ObservationFilterChainDecorator$ObservationFilter.wrapFilter(ObservationFilterChainDecorator.java:240)
	at org.springframework.security.web.ObservationFilterChainDecorator$ObservationFilter.doFilter(ObservationFilterChainDecorator.java:227)
	at org.springframework.security.web.ObservationFilterChainDecorator$VirtualFilterChain.doFilter(ObservationFilterChainDecorator.java:137)
	at org.springframework.security.web.context.SecurityContextHolderFilter.doFilter(SecurityContextHolderFilter.java:82)
	at org.springframework.security.web.context.SecurityContextHolderFilter.doFilter(SecurityContextHolderFilter.java:69)
	at org.springframework.security.web.ObservationFilterChainDecorator$ObservationFilter.wrapFilter(ObservationFilterChainDecorator.java:240)
	at org.springframework.security.web.ObservationFilterChainDecorator$ObservationFilter.doFilter(ObservationFilterChainDecorator.java:227)
	at org.springframework.security.web.ObservationFilterChainDecorator$VirtualFilterChain.doFilter(ObservationFilterChainDecorator.java:137)
	at org.springframework.security.web.context.request.async.WebAsyncManagerIntegrationFilter.doFilterInternal(WebAsyncManagerIntegrationFilter.java:62)
	at org.springframework.web.filter.OncePerRequestFilter.doFilter(OncePerRequestFilter.java:116)
	at org.springframework.security.web.ObservationFilterChainDecorator$ObservationFilter.wrapFilter(ObservationFilterChainDecorator.java:240)
	at org.springframework.security.web.ObservationFilterChainDecorator$ObservationFilter.doFilter(ObservationFilterChainDecorator.java:227)
	at org.springframework.security.web.ObservationFilterChainDecorator$VirtualFilterChain.doFilter(ObservationFilterChainDecorator.java:137)
	at org.springframework.security.web.session.DisableEncodeUrlFilter.doFilterInternal(DisableEncodeUrlFilter.java:42)
	at org.springframework.web.filter.OncePerRequestFilter.doFilter(OncePerRequestFilter.java:116)
	at org.springframework.security.web.ObservationFilterChainDecorator$ObservationFilter.wrapFilter(ObservationFilterChainDecorator.java:240)
	at org.springframework.security.web.ObservationFilterChainDecorator$AroundFilterObservation$SimpleAroundFilterObservation.lambda$wrap$0(ObservationFilterChainDecorator.java:323)
	at org.springframework.security.web.ObservationFilterChainDecorator$ObservationFilter.doFilter(ObservationFilterChainDecorator.java:224)
	at org.springframework.security.web.ObservationFilterChainDecorator$VirtualFilterChain.doFilter(ObservationFilterChainDecorator.java:137)
	at org.springframework.security.web.FilterChainProxy.doFilterInternal(FilterChainProxy.java:233)
	at org.springframework.security.web.FilterChainProxy.doFilter(FilterChainProxy.java:191)
	at org.springframework.web.filter.CompositeFilter$VirtualFilterChain.doFilter(CompositeFilter.java:113)
	at org.springframework.web.servlet.handler.HandlerMappingIntrospector.lambda$createCacheFilter$3(HandlerMappingIntrospector.java:243)
	at org.springframework.web.filter.CompositeFilter$VirtualFilterChain.doFilter(CompositeFilter.java:113)
	at org.springframework.web.filter.CompositeFilter.doFilter(CompositeFilter.java:74)
	at org.springframework.security.config.annotation.web.configuration.WebMvcSecurityConfiguration$CompositeFilterChainProxy.doFilter(WebMvcSecurityConfiguration.java:238)
	at org.springframework.web.filter.DelegatingFilterProxy.invokeDelegate(DelegatingFilterProxy.java:362)
	at org.springframework.web.filter.DelegatingFilterProxy.doFilter(DelegatingFilterProxy.java:278)
	at org.apache.catalina.core.ApplicationFilterChain.internalDoFilter(ApplicationFilterChain.java:164)
	at org.apache.catalina.core.ApplicationFilterChain.doFilter(ApplicationFilterChain.java:140)
	at org.springframework.web.filter.RequestContextFilter.doFilterInternal(RequestContextFilter.java:100)
	at org.springframework.web.filter.OncePerRequestFilter.doFilter(OncePerRequestFilter.java:116)
	at org.apache.catalina.core.ApplicationFilterChain.internalDoFilter(ApplicationFilterChain.java:164)
	at org.apache.catalina.core.ApplicationFilterChain.doFilter(ApplicationFilterChain.java:140)
	at org.springframework.web.filter.FormContentFilter.doFilterInternal(FormContentFilter.java:93)
	at org.springframework.web.filter.OncePerRequestFilter.doFilter(OncePerRequestFilter.java:116)
	at org.apache.catalina.core.ApplicationFilterChain.internalDoFilter(ApplicationFilterChain.java:164)
	at org.apache.catalina.core.ApplicationFilterChain.doFilter(ApplicationFilterChain.java:140)
	at org.springframework.web.filter.ServerHttpObservationFilter.doFilterInternal(ServerHttpObservationFilter.java:114)
	at org.springframework.web.filter.OncePerRequestFilter.doFilter(OncePerRequestFilter.java:116)
	at org.apache.catalina.core.ApplicationFilterChain.internalDoFilter(ApplicationFilterChain.java:164)
	at org.apache.catalina.core.ApplicationFilterChain.doFilter(ApplicationFilterChain.java:140)
	at org.springframework.web.filter.CharacterEncodingFilter.doFilterInternal(CharacterEncodingFilter.java:201)
	at org.springframework.web.filter.OncePerRequestFilter.doFilter(OncePerRequestFilter.java:116)
	at org.apache.catalina.core.ApplicationFilterChain.internalDoFilter(ApplicationFilterChain.java:164)
	at org.apache.catalina.core.ApplicationFilterChain.doFilter(ApplicationFilterChain.java:140)
	at org.apache.catalina.core.StandardWrapperValve.invoke(StandardWrapperValve.java:167)
	at org.apache.catalina.core.StandardContextValve.invoke(StandardContextValve.java:90)
	at org.apache.catalina.authenticator.AuthenticatorBase.invoke(AuthenticatorBase.java:483)
	at org.apache.catalina.core.StandardHostValve.invoke(StandardHostValve.java:116)
	at org.apache.catalina.valves.ErrorReportValve.invoke(ErrorReportValve.java:93)
	at org.apache.catalina.core.StandardEngineValve.invoke(StandardEngineValve.java:74)
	at org.apache.catalina.connector.CoyoteAdapter.service(CoyoteAdapter.java:344)
	at org.apache.coyote.http11.Http11Processor.service(Http11Processor.java:398)
	at org.apache.coyote.AbstractProcessorLight.process(AbstractProcessorLight.java:63)
	at org.apache.coyote.AbstractProtocol$ConnectionHandler.process(AbstractProtocol.java:903)
	at org.apache.tomcat.util.net.NioEndpoint$SocketProcessor.doRun(NioEndpoint.java:1740)
	at org.apache.tomcat.util.net.SocketProcessorBase.run(SocketProcessorBase.java:52)
	at org.apache.tomcat.util.threads.ThreadPoolExecutor.runWorker(ThreadPoolExecutor.java:1189)
	at org.apache.tomcat.util.threads.ThreadPoolExecutor$Worker.run(ThreadPoolExecutor.java:658)
	at org.apache.tomcat.util.threads.TaskThread$WrappingRunnable.run(TaskThread.java:63)
	at java.base/java.lang.Thread.run(Thread.java:842)
2025-06-27 14:37:25 ERROR c.m.shopee.config.JWTConfiguration - JWT Decode Error: An error occurred while attempting to decode the Jwt: Jwt expired at 2025-06-26T16:48:24Z
org.springframework.security.oauth2.jwt.JwtValidationException: An error occurred while attempting to decode the Jwt: Jwt expired at 2025-06-26T16:48:24Z
	at org.springframework.security.oauth2.jwt.NimbusJwtDecoder.validateJwt(NimbusJwtDecoder.java:193)
	at org.springframework.security.oauth2.jwt.NimbusJwtDecoder.decode(NimbusJwtDecoder.java:139)
	at com.minh.shopee.config.JWTConfiguration.lambda$0(JWTConfiguration.java:64)
	at org.springframework.security.oauth2.server.resource.authentication.JwtAuthenticationProvider.getJwt(JwtAuthenticationProvider.java:99)
	at org.springframework.security.oauth2.server.resource.authentication.JwtAuthenticationProvider.authenticate(JwtAuthenticationProvider.java:88)
	at org.springframework.security.authentication.ProviderManager.authenticate(ProviderManager.java:182)
	at org.springframework.security.authentication.ObservationAuthenticationManager.lambda$authenticate$1(ObservationAuthenticationManager.java:54)
	at io.micrometer.observation.Observation.observe(Observation.java:564)
	at org.springframework.security.authentication.ObservationAuthenticationManager.authenticate(ObservationAuthenticationManager.java:53)
	at org.springframework.security.oauth2.server.resource.web.authentication.BearerTokenAuthenticationFilter.doFilterInternal(BearerTokenAuthenticationFilter.java:137)
	at org.springframework.web.filter.OncePerRequestFilter.doFilter(OncePerRequestFilter.java:116)
	at org.springframework.security.web.ObservationFilterChainDecorator$ObservationFilter.wrapFilter(ObservationFilterChainDecorator.java:240)
	at org.springframework.security.web.ObservationFilterChainDecorator$ObservationFilter.doFilter(ObservationFilterChainDecorator.java:227)
	at org.springframework.security.web.ObservationFilterChainDecorator$VirtualFilterChain.doFilter(ObservationFilterChainDecorator.java:137)
	at org.springframework.security.web.authentication.logout.LogoutFilter.doFilter(LogoutFilter.java:107)
	at org.springframework.security.web.authentication.logout.LogoutFilter.doFilter(LogoutFilter.java:93)
	at org.springframework.security.web.ObservationFilterChainDecorator$ObservationFilter.wrapFilter(ObservationFilterChainDecorator.java:240)
	at org.springframework.security.web.ObservationFilterChainDecorator$ObservationFilter.doFilter(ObservationFilterChainDecorator.java:227)
	at org.springframework.security.web.ObservationFilterChainDecorator$VirtualFilterChain.doFilter(ObservationFilterChainDecorator.java:137)
	at org.springframework.web.filter.CorsFilter.doFilterInternal(CorsFilter.java:91)
	at org.springframework.web.filter.OncePerRequestFilter.doFilter(OncePerRequestFilter.java:116)
	at org.springframework.security.web.ObservationFilterChainDecorator$ObservationFilter.wrapFilter(ObservationFilterChainDecorator.java:240)
	at org.springframework.security.web.ObservationFilterChainDecorator$ObservationFilter.doFilter(ObservationFilterChainDecorator.java:227)
	at org.springframework.security.web.ObservationFilterChainDecorator$VirtualFilterChain.doFilter(ObservationFilterChainDecorator.java:137)
	at org.springframework.security.web.header.HeaderWriterFilter.doHeadersAfter(HeaderWriterFilter.java:90)
	at org.springframework.security.web.header.HeaderWriterFilter.doFilterInternal(HeaderWriterFilter.java:75)
	at org.springframework.web.filter.OncePerRequestFilter.doFilter(OncePerRequestFilter.java:116)
	at org.springframework.security.web.ObservationFilterChainDecorator$ObservationFilter.wrapFilter(ObservationFilterChainDecorator.java:240)
	at org.springframework.security.web.ObservationFilterChainDecorator$ObservationFilter.doFilter(ObservationFilterChainDecorator.java:227)
	at org.springframework.security.web.ObservationFilterChainDecorator$VirtualFilterChain.doFilter(ObservationFilterChainDecorator.java:137)
	at org.springframework.security.web.context.SecurityContextHolderFilter.doFilter(SecurityContextHolderFilter.java:82)
	at org.springframework.security.web.context.SecurityContextHolderFilter.doFilter(SecurityContextHolderFilter.java:69)
	at org.springframework.security.web.ObservationFilterChainDecorator$ObservationFilter.wrapFilter(ObservationFilterChainDecorator.java:240)
	at org.springframework.security.web.ObservationFilterChainDecorator$ObservationFilter.doFilter(ObservationFilterChainDecorator.java:227)
	at org.springframework.security.web.ObservationFilterChainDecorator$VirtualFilterChain.doFilter(ObservationFilterChainDecorator.java:137)
	at org.springframework.security.web.context.request.async.WebAsyncManagerIntegrationFilter.doFilterInternal(WebAsyncManagerIntegrationFilter.java:62)
	at org.springframework.web.filter.OncePerRequestFilter.doFilter(OncePerRequestFilter.java:116)
	at org.springframework.security.web.ObservationFilterChainDecorator$ObservationFilter.wrapFilter(ObservationFilterChainDecorator.java:240)
	at org.springframework.security.web.ObservationFilterChainDecorator$ObservationFilter.doFilter(ObservationFilterChainDecorator.java:227)
	at org.springframework.security.web.ObservationFilterChainDecorator$VirtualFilterChain.doFilter(ObservationFilterChainDecorator.java:137)
	at org.springframework.security.web.session.DisableEncodeUrlFilter.doFilterInternal(DisableEncodeUrlFilter.java:42)
	at org.springframework.web.filter.OncePerRequestFilter.doFilter(OncePerRequestFilter.java:116)
	at org.springframework.security.web.ObservationFilterChainDecorator$ObservationFilter.wrapFilter(ObservationFilterChainDecorator.java:240)
	at org.springframework.security.web.ObservationFilterChainDecorator$AroundFilterObservation$SimpleAroundFilterObservation.lambda$wrap$0(ObservationFilterChainDecorator.java:323)
	at org.springframework.security.web.ObservationFilterChainDecorator$ObservationFilter.doFilter(ObservationFilterChainDecorator.java:224)
	at org.springframework.security.web.ObservationFilterChainDecorator$VirtualFilterChain.doFilter(ObservationFilterChainDecorator.java:137)
	at org.springframework.security.web.FilterChainProxy.doFilterInternal(FilterChainProxy.java:233)
	at org.springframework.security.web.FilterChainProxy.doFilter(FilterChainProxy.java:191)
	at org.springframework.web.filter.CompositeFilter$VirtualFilterChain.doFilter(CompositeFilter.java:113)
	at org.springframework.web.servlet.handler.HandlerMappingIntrospector.lambda$createCacheFilter$3(HandlerMappingIntrospector.java:243)
	at org.springframework.web.filter.CompositeFilter$VirtualFilterChain.doFilter(CompositeFilter.java:113)
	at org.springframework.web.filter.CompositeFilter.doFilter(CompositeFilter.java:74)
	at org.springframework.security.config.annotation.web.configuration.WebMvcSecurityConfiguration$CompositeFilterChainProxy.doFilter(WebMvcSecurityConfiguration.java:238)
	at org.springframework.web.filter.DelegatingFilterProxy.invokeDelegate(DelegatingFilterProxy.java:362)
	at org.springframework.web.filter.DelegatingFilterProxy.doFilter(DelegatingFilterProxy.java:278)
	at org.apache.catalina.core.ApplicationFilterChain.internalDoFilter(ApplicationFilterChain.java:164)
	at org.apache.catalina.core.ApplicationFilterChain.doFilter(ApplicationFilterChain.java:140)
	at org.springframework.web.filter.RequestContextFilter.doFilterInternal(RequestContextFilter.java:100)
	at org.springframework.web.filter.OncePerRequestFilter.doFilter(OncePerRequestFilter.java:116)
	at org.apache.catalina.core.ApplicationFilterChain.internalDoFilter(ApplicationFilterChain.java:164)
	at org.apache.catalina.core.ApplicationFilterChain.doFilter(ApplicationFilterChain.java:140)
	at org.springframework.web.filter.FormContentFilter.doFilterInternal(FormContentFilter.java:93)
	at org.springframework.web.filter.OncePerRequestFilter.doFilter(OncePerRequestFilter.java:116)
	at org.apache.catalina.core.ApplicationFilterChain.internalDoFilter(ApplicationFilterChain.java:164)
	at org.apache.catalina.core.ApplicationFilterChain.doFilter(ApplicationFilterChain.java:140)
	at org.springframework.web.filter.ServerHttpObservationFilter.doFilterInternal(ServerHttpObservationFilter.java:114)
	at org.springframework.web.filter.OncePerRequestFilter.doFilter(OncePerRequestFilter.java:116)
	at org.apache.catalina.core.ApplicationFilterChain.internalDoFilter(ApplicationFilterChain.java:164)
	at org.apache.catalina.core.ApplicationFilterChain.doFilter(ApplicationFilterChain.java:140)
	at org.springframework.web.filter.CharacterEncodingFilter.doFilterInternal(CharacterEncodingFilter.java:201)
	at org.springframework.web.filter.OncePerRequestFilter.doFilter(OncePerRequestFilter.java:116)
	at org.apache.catalina.core.ApplicationFilterChain.internalDoFilter(ApplicationFilterChain.java:164)
	at org.apache.catalina.core.ApplicationFilterChain.doFilter(ApplicationFilterChain.java:140)
	at org.apache.catalina.core.StandardWrapperValve.invoke(StandardWrapperValve.java:167)
	at org.apache.catalina.core.StandardContextValve.invoke(StandardContextValve.java:90)
	at org.apache.catalina.authenticator.AuthenticatorBase.invoke(AuthenticatorBase.java:483)
	at org.apache.catalina.core.StandardHostValve.invoke(StandardHostValve.java:116)
	at org.apache.catalina.valves.ErrorReportValve.invoke(ErrorReportValve.java:93)
	at org.apache.catalina.core.StandardEngineValve.invoke(StandardEngineValve.java:74)
	at org.apache.catalina.connector.CoyoteAdapter.service(CoyoteAdapter.java:344)
	at org.apache.coyote.http11.Http11Processor.service(Http11Processor.java:398)
	at org.apache.coyote.AbstractProcessorLight.process(AbstractProcessorLight.java:63)
	at org.apache.coyote.AbstractProtocol$ConnectionHandler.process(AbstractProtocol.java:903)
	at org.apache.tomcat.util.net.NioEndpoint$SocketProcessor.doRun(NioEndpoint.java:1740)
	at org.apache.tomcat.util.net.SocketProcessorBase.run(SocketProcessorBase.java:52)
	at org.apache.tomcat.util.threads.ThreadPoolExecutor.runWorker(ThreadPoolExecutor.java:1189)
	at org.apache.tomcat.util.threads.ThreadPoolExecutor$Worker.run(ThreadPoolExecutor.java:658)
	at org.apache.tomcat.util.threads.TaskThread$WrappingRunnable.run(TaskThread.java:63)
	at java.base/java.lang.Thread.run(Thread.java:842)
2025-06-27 14:45:33 INFO  com.minh.shopee.ShopeeApplication - Starting ShopeeApplication using Java 17.0.12 with PID 16272 (C:\Users\abcxy\OneDrive\Desktop\workspace\project\shopee_clone\reactjs-clone-shopee\backend-clone-shopee\target\classes started by abcxy in C:\Users\abcxy\OneDrive\Desktop\workspace\project\shopee_clone\reactjs-clone-shopee\backend-clone-shopee)
2025-06-27 14:45:33 DEBUG com.minh.shopee.ShopeeApplication - Running with Spring Boot v3.4.5, Spring v6.2.6
2025-06-27 14:45:33 INFO  com.minh.shopee.ShopeeApplication - No active profile set, falling back to 1 default profile: "default"
2025-06-27 14:46:03 INFO  com.minh.shopee.ShopeeApplication - Started ShopeeApplication in 32.217 seconds (process running for 577.427)
2025-06-27 14:47:19 INFO  com.minh.shopee.ShopeeApplication - Starting ShopeeApplication using Java 17.0.12 with PID 16272 (C:\Users\abcxy\OneDrive\Desktop\workspace\project\shopee_clone\reactjs-clone-shopee\backend-clone-shopee\target\classes started by abcxy in C:\Users\abcxy\OneDrive\Desktop\workspace\project\shopee_clone\reactjs-clone-shopee\backend-clone-shopee)
2025-06-27 14:47:19 DEBUG com.minh.shopee.ShopeeApplication - Running with Spring Boot v3.4.5, Spring v6.2.6
2025-06-27 14:47:19 INFO  com.minh.shopee.ShopeeApplication - No active profile set, falling back to 1 default profile: "default"
2025-06-27 14:47:42 INFO  com.minh.shopee.ShopeeApplication - Started ShopeeApplication in 22.788 seconds (process running for 675.851)
2025-06-27 14:49:06 INFO  com.minh.shopee.ShopeeApplication - Starting ShopeeApplication using Java 17.0.12 with PID 16272 (C:\Users\abcxy\OneDrive\Desktop\workspace\project\shopee_clone\reactjs-clone-shopee\backend-clone-shopee\target\classes started by abcxy in C:\Users\abcxy\OneDrive\Desktop\workspace\project\shopee_clone\reactjs-clone-shopee\backend-clone-shopee)
2025-06-27 14:49:06 DEBUG com.minh.shopee.ShopeeApplication - Running with Spring Boot v3.4.5, Spring v6.2.6
2025-06-27 14:49:06 INFO  com.minh.shopee.ShopeeApplication - No active profile set, falling back to 1 default profile: "default"
2025-06-27 14:49:35 INFO  com.minh.shopee.ShopeeApplication - Started ShopeeApplication in 28.874 seconds (process running for 789.394)
2025-06-27 14:50:53 INFO  com.minh.shopee.ShopeeApplication - Starting ShopeeApplication using Java 17.0.12 with PID 16272 (C:\Users\abcxy\OneDrive\Desktop\workspace\project\shopee_clone\reactjs-clone-shopee\backend-clone-shopee\target\classes started by abcxy in C:\Users\abcxy\OneDrive\Desktop\workspace\project\shopee_clone\reactjs-clone-shopee\backend-clone-shopee)
2025-06-27 14:50:53 DEBUG com.minh.shopee.ShopeeApplication - Running with Spring Boot v3.4.5, Spring v6.2.6
2025-06-27 14:50:53 INFO  com.minh.shopee.ShopeeApplication - No active profile set, falling back to 1 default profile: "default"
2025-06-27 14:51:07 INFO  com.minh.shopee.ShopeeApplication - Started ShopeeApplication in 14.08 seconds (process running for 881.309)
2025-06-27 14:51:30 INFO  com.minh.shopee.ShopeeApplication - Starting ShopeeApplication using Java 17.0.12 with PID 16272 (C:\Users\abcxy\OneDrive\Desktop\workspace\project\shopee_clone\reactjs-clone-shopee\backend-clone-shopee\target\classes started by abcxy in C:\Users\abcxy\OneDrive\Desktop\workspace\project\shopee_clone\reactjs-clone-shopee\backend-clone-shopee)
2025-06-27 14:51:30 DEBUG com.minh.shopee.ShopeeApplication - Running with Spring Boot v3.4.5, Spring v6.2.6
2025-06-27 14:51:30 INFO  com.minh.shopee.ShopeeApplication - No active profile set, falling back to 1 default profile: "default"
2025-06-27 14:52:14 INFO  com.minh.shopee.ShopeeApplication - Started ShopeeApplication in 44.384 seconds (process running for 948.623)
2025-06-27 14:52:30 INFO  com.minh.shopee.ShopeeApplication - Starting ShopeeApplication using Java 17.0.12 with PID 16272 (C:\Users\abcxy\OneDrive\Desktop\workspace\project\shopee_clone\reactjs-clone-shopee\backend-clone-shopee\target\classes started by abcxy in C:\Users\abcxy\OneDrive\Desktop\workspace\project\shopee_clone\reactjs-clone-shopee\backend-clone-shopee)
2025-06-27 14:52:30 DEBUG com.minh.shopee.ShopeeApplication - Running with Spring Boot v3.4.5, Spring v6.2.6
2025-06-27 14:52:30 INFO  com.minh.shopee.ShopeeApplication - No active profile set, falling back to 1 default profile: "default"
2025-06-27 14:52:45 INFO  com.minh.shopee.ShopeeApplication - Started ShopeeApplication in 14.999 seconds (process running for 979.086)
2025-06-27 14:57:55 INFO  com.minh.shopee.ShopeeApplication - Starting ShopeeApplication using Java 17.0.12 with PID 16272 (C:\Users\abcxy\OneDrive\Desktop\workspace\project\shopee_clone\reactjs-clone-shopee\backend-clone-shopee\target\classes started by abcxy in C:\Users\abcxy\OneDrive\Desktop\workspace\project\shopee_clone\reactjs-clone-shopee\backend-clone-shopee)
2025-06-27 14:57:55 DEBUG com.minh.shopee.ShopeeApplication - Running with Spring Boot v3.4.5, Spring v6.2.6
2025-06-27 14:57:55 INFO  com.minh.shopee.ShopeeApplication - No active profile set, falling back to 1 default profile: "default"
2025-06-27 14:58:06 INFO  com.minh.shopee.ShopeeApplication - Started ShopeeApplication in 11.77 seconds (process running for 1300.621)
2025-06-27 14:58:16 INFO  com.minh.shopee.ShopeeApplication - Starting ShopeeApplication using Java 17.0.12 with PID 16272 (C:\Users\abcxy\OneDrive\Desktop\workspace\project\shopee_clone\reactjs-clone-shopee\backend-clone-shopee\target\classes started by abcxy in C:\Users\abcxy\OneDrive\Desktop\workspace\project\shopee_clone\reactjs-clone-shopee\backend-clone-shopee)
2025-06-27 14:58:16 DEBUG com.minh.shopee.ShopeeApplication - Running with Spring Boot v3.4.5, Spring v6.2.6
2025-06-27 14:58:16 INFO  com.minh.shopee.ShopeeApplication - No active profile set, falling back to 1 default profile: "default"
2025-06-27 14:58:53 INFO  com.minh.shopee.ShopeeApplication - Started ShopeeApplication in 36.733 seconds (process running for 1347.006)
2025-06-27 14:59:01 INFO  com.minh.shopee.ShopeeApplication - Starting ShopeeApplication using Java 17.0.12 with PID 16272 (C:\Users\abcxy\OneDrive\Desktop\workspace\project\shopee_clone\reactjs-clone-shopee\backend-clone-shopee\target\classes started by abcxy in C:\Users\abcxy\OneDrive\Desktop\workspace\project\shopee_clone\reactjs-clone-shopee\backend-clone-shopee)
2025-06-27 14:59:01 DEBUG com.minh.shopee.ShopeeApplication - Running with Spring Boot v3.4.5, Spring v6.2.6
2025-06-27 14:59:01 INFO  com.minh.shopee.ShopeeApplication - No active profile set, falling back to 1 default profile: "default"
2025-06-27 14:59:48 INFO  com.minh.shopee.ShopeeApplication - Started ShopeeApplication in 47.424 seconds (process running for 1402.648)
2025-06-27 15:00:39 ERROR c.m.shopee.config.JWTConfiguration - JWT Decode Error: An error occurred while attempting to decode the Jwt: Jwt expired at 2025-06-26T09:36:53Z
org.springframework.security.oauth2.jwt.JwtValidationException: An error occurred while attempting to decode the Jwt: Jwt expired at 2025-06-26T09:36:53Z
	at org.springframework.security.oauth2.jwt.NimbusJwtDecoder.validateJwt(NimbusJwtDecoder.java:193)
	at org.springframework.security.oauth2.jwt.NimbusJwtDecoder.decode(NimbusJwtDecoder.java:139)
	at com.minh.shopee.config.JWTConfiguration.lambda$0(JWTConfiguration.java:64)
	at org.springframework.security.oauth2.server.resource.authentication.JwtAuthenticationProvider.getJwt(JwtAuthenticationProvider.java:99)
	at org.springframework.security.oauth2.server.resource.authentication.JwtAuthenticationProvider.authenticate(JwtAuthenticationProvider.java:88)
	at org.springframework.security.authentication.ProviderManager.authenticate(ProviderManager.java:182)
	at org.springframework.security.authentication.ObservationAuthenticationManager.lambda$authenticate$1(ObservationAuthenticationManager.java:54)
	at io.micrometer.observation.Observation.observe(Observation.java:564)
	at org.springframework.security.authentication.ObservationAuthenticationManager.authenticate(ObservationAuthenticationManager.java:53)
	at org.springframework.security.oauth2.server.resource.web.authentication.BearerTokenAuthenticationFilter.doFilterInternal(BearerTokenAuthenticationFilter.java:137)
	at org.springframework.web.filter.OncePerRequestFilter.doFilter(OncePerRequestFilter.java:116)
	at org.springframework.security.web.ObservationFilterChainDecorator$ObservationFilter.wrapFilter(ObservationFilterChainDecorator.java:240)
	at org.springframework.security.web.ObservationFilterChainDecorator$ObservationFilter.doFilter(ObservationFilterChainDecorator.java:227)
	at org.springframework.security.web.ObservationFilterChainDecorator$VirtualFilterChain.doFilter(ObservationFilterChainDecorator.java:137)
	at org.springframework.security.web.authentication.logout.LogoutFilter.doFilter(LogoutFilter.java:107)
	at org.springframework.security.web.authentication.logout.LogoutFilter.doFilter(LogoutFilter.java:93)
	at org.springframework.security.web.ObservationFilterChainDecorator$ObservationFilter.wrapFilter(ObservationFilterChainDecorator.java:240)
	at org.springframework.security.web.ObservationFilterChainDecorator$ObservationFilter.doFilter(ObservationFilterChainDecorator.java:227)
	at org.springframework.security.web.ObservationFilterChainDecorator$VirtualFilterChain.doFilter(ObservationFilterChainDecorator.java:137)
	at org.springframework.web.filter.CorsFilter.doFilterInternal(CorsFilter.java:91)
	at org.springframework.web.filter.OncePerRequestFilter.doFilter(OncePerRequestFilter.java:116)
	at org.springframework.security.web.ObservationFilterChainDecorator$ObservationFilter.wrapFilter(ObservationFilterChainDecorator.java:240)
	at org.springframework.security.web.ObservationFilterChainDecorator$ObservationFilter.doFilter(ObservationFilterChainDecorator.java:227)
	at org.springframework.security.web.ObservationFilterChainDecorator$VirtualFilterChain.doFilter(ObservationFilterChainDecorator.java:137)
	at org.springframework.security.web.header.HeaderWriterFilter.doHeadersAfter(HeaderWriterFilter.java:90)
	at org.springframework.security.web.header.HeaderWriterFilter.doFilterInternal(HeaderWriterFilter.java:75)
	at org.springframework.web.filter.OncePerRequestFilter.doFilter(OncePerRequestFilter.java:116)
	at org.springframework.security.web.ObservationFilterChainDecorator$ObservationFilter.wrapFilter(ObservationFilterChainDecorator.java:240)
	at org.springframework.security.web.ObservationFilterChainDecorator$ObservationFilter.doFilter(ObservationFilterChainDecorator.java:227)
	at org.springframework.security.web.ObservationFilterChainDecorator$VirtualFilterChain.doFilter(ObservationFilterChainDecorator.java:137)
	at org.springframework.security.web.context.SecurityContextHolderFilter.doFilter(SecurityContextHolderFilter.java:82)
	at org.springframework.security.web.context.SecurityContextHolderFilter.doFilter(SecurityContextHolderFilter.java:69)
	at org.springframework.security.web.ObservationFilterChainDecorator$ObservationFilter.wrapFilter(ObservationFilterChainDecorator.java:240)
	at org.springframework.security.web.ObservationFilterChainDecorator$ObservationFilter.doFilter(ObservationFilterChainDecorator.java:227)
	at org.springframework.security.web.ObservationFilterChainDecorator$VirtualFilterChain.doFilter(ObservationFilterChainDecorator.java:137)
	at org.springframework.security.web.context.request.async.WebAsyncManagerIntegrationFilter.doFilterInternal(WebAsyncManagerIntegrationFilter.java:62)
	at org.springframework.web.filter.OncePerRequestFilter.doFilter(OncePerRequestFilter.java:116)
	at org.springframework.security.web.ObservationFilterChainDecorator$ObservationFilter.wrapFilter(ObservationFilterChainDecorator.java:240)
	at org.springframework.security.web.ObservationFilterChainDecorator$ObservationFilter.doFilter(ObservationFilterChainDecorator.java:227)
	at org.springframework.security.web.ObservationFilterChainDecorator$VirtualFilterChain.doFilter(ObservationFilterChainDecorator.java:137)
	at org.springframework.security.web.session.DisableEncodeUrlFilter.doFilterInternal(DisableEncodeUrlFilter.java:42)
	at org.springframework.web.filter.OncePerRequestFilter.doFilter(OncePerRequestFilter.java:116)
	at org.springframework.security.web.ObservationFilterChainDecorator$ObservationFilter.wrapFilter(ObservationFilterChainDecorator.java:240)
	at org.springframework.security.web.ObservationFilterChainDecorator$AroundFilterObservation$SimpleAroundFilterObservation.lambda$wrap$0(ObservationFilterChainDecorator.java:323)
	at org.springframework.security.web.ObservationFilterChainDecorator$ObservationFilter.doFilter(ObservationFilterChainDecorator.java:224)
	at org.springframework.security.web.ObservationFilterChainDecorator$VirtualFilterChain.doFilter(ObservationFilterChainDecorator.java:137)
	at org.springframework.security.web.FilterChainProxy.doFilterInternal(FilterChainProxy.java:233)
	at org.springframework.security.web.FilterChainProxy.doFilter(FilterChainProxy.java:191)
	at org.springframework.web.filter.CompositeFilter$VirtualFilterChain.doFilter(CompositeFilter.java:113)
	at org.springframework.web.servlet.handler.HandlerMappingIntrospector.lambda$createCacheFilter$3(HandlerMappingIntrospector.java:243)
	at org.springframework.web.filter.CompositeFilter$VirtualFilterChain.doFilter(CompositeFilter.java:113)
	at org.springframework.web.filter.CompositeFilter.doFilter(CompositeFilter.java:74)
	at org.springframework.security.config.annotation.web.configuration.WebMvcSecurityConfiguration$CompositeFilterChainProxy.doFilter(WebMvcSecurityConfiguration.java:238)
	at org.springframework.web.filter.DelegatingFilterProxy.invokeDelegate(DelegatingFilterProxy.java:362)
	at org.springframework.web.filter.DelegatingFilterProxy.doFilter(DelegatingFilterProxy.java:278)
	at org.apache.catalina.core.ApplicationFilterChain.internalDoFilter(ApplicationFilterChain.java:164)
	at org.apache.catalina.core.ApplicationFilterChain.doFilter(ApplicationFilterChain.java:140)
	at org.springframework.web.filter.RequestContextFilter.doFilterInternal(RequestContextFilter.java:100)
	at org.springframework.web.filter.OncePerRequestFilter.doFilter(OncePerRequestFilter.java:116)
	at org.apache.catalina.core.ApplicationFilterChain.internalDoFilter(ApplicationFilterChain.java:164)
	at org.apache.catalina.core.ApplicationFilterChain.doFilter(ApplicationFilterChain.java:140)
	at org.springframework.web.filter.FormContentFilter.doFilterInternal(FormContentFilter.java:93)
	at org.springframework.web.filter.OncePerRequestFilter.doFilter(OncePerRequestFilter.java:116)
	at org.apache.catalina.core.ApplicationFilterChain.internalDoFilter(ApplicationFilterChain.java:164)
	at org.apache.catalina.core.ApplicationFilterChain.doFilter(ApplicationFilterChain.java:140)
	at org.springframework.web.filter.ServerHttpObservationFilter.doFilterInternal(ServerHttpObservationFilter.java:114)
	at org.springframework.web.filter.OncePerRequestFilter.doFilter(OncePerRequestFilter.java:116)
	at org.apache.catalina.core.ApplicationFilterChain.internalDoFilter(ApplicationFilterChain.java:164)
	at org.apache.catalina.core.ApplicationFilterChain.doFilter(ApplicationFilterChain.java:140)
	at org.springframework.web.filter.CharacterEncodingFilter.doFilterInternal(CharacterEncodingFilter.java:201)
	at org.springframework.web.filter.OncePerRequestFilter.doFilter(OncePerRequestFilter.java:116)
	at org.apache.catalina.core.ApplicationFilterChain.internalDoFilter(ApplicationFilterChain.java:164)
	at org.apache.catalina.core.ApplicationFilterChain.doFilter(ApplicationFilterChain.java:140)
	at org.apache.catalina.core.StandardWrapperValve.invoke(StandardWrapperValve.java:167)
	at org.apache.catalina.core.StandardContextValve.invoke(StandardContextValve.java:90)
	at org.apache.catalina.authenticator.AuthenticatorBase.invoke(AuthenticatorBase.java:483)
	at org.apache.catalina.core.StandardHostValve.invoke(StandardHostValve.java:116)
	at org.apache.catalina.valves.ErrorReportValve.invoke(ErrorReportValve.java:93)
	at org.apache.catalina.core.StandardEngineValve.invoke(StandardEngineValve.java:74)
	at org.apache.catalina.connector.CoyoteAdapter.service(CoyoteAdapter.java:344)
	at org.apache.coyote.http11.Http11Processor.service(Http11Processor.java:398)
	at org.apache.coyote.AbstractProcessorLight.process(AbstractProcessorLight.java:63)
	at org.apache.coyote.AbstractProtocol$ConnectionHandler.process(AbstractProtocol.java:903)
	at org.apache.tomcat.util.net.NioEndpoint$SocketProcessor.doRun(NioEndpoint.java:1740)
	at org.apache.tomcat.util.net.SocketProcessorBase.run(SocketProcessorBase.java:52)
	at org.apache.tomcat.util.threads.ThreadPoolExecutor.runWorker(ThreadPoolExecutor.java:1189)
	at org.apache.tomcat.util.threads.ThreadPoolExecutor$Worker.run(ThreadPoolExecutor.java:658)
	at org.apache.tomcat.util.threads.TaskThread$WrappingRunnable.run(TaskThread.java:63)
	at java.base/java.lang.Thread.run(Thread.java:842)
2025-06-27 15:04:17 INFO  com.minh.shopee.ShopeeApplication - Starting ShopeeApplication using Java 17.0.12 with PID 16272 (C:\Users\abcxy\OneDrive\Desktop\workspace\project\shopee_clone\reactjs-clone-shopee\backend-clone-shopee\target\classes started by abcxy in C:\Users\abcxy\OneDrive\Desktop\workspace\project\shopee_clone\reactjs-clone-shopee\backend-clone-shopee)
2025-06-27 15:04:17 DEBUG com.minh.shopee.ShopeeApplication - Running with Spring Boot v3.4.5, Spring v6.2.6
2025-06-27 15:04:17 INFO  com.minh.shopee.ShopeeApplication - No active profile set, falling back to 1 default profile: "default"
2025-06-27 15:04:35 INFO  com.minh.shopee.ShopeeApplication - Started ShopeeApplication in 18.486 seconds (process running for 1688.989)
2025-06-27 15:04:59 INFO  com.minh.shopee.ShopeeApplication - Starting ShopeeApplication using Java 17.0.12 with PID 16272 (C:\Users\abcxy\OneDrive\Desktop\workspace\project\shopee_clone\reactjs-clone-shopee\backend-clone-shopee\target\classes started by abcxy in C:\Users\abcxy\OneDrive\Desktop\workspace\project\shopee_clone\reactjs-clone-shopee\backend-clone-shopee)
2025-06-27 15:04:59 DEBUG com.minh.shopee.ShopeeApplication - Running with Spring Boot v3.4.5, Spring v6.2.6
2025-06-27 15:04:59 INFO  com.minh.shopee.ShopeeApplication - No active profile set, falling back to 1 default profile: "default"
2025-06-27 15:05:10 INFO  com.minh.shopee.ShopeeApplication - Started ShopeeApplication in 11.909 seconds (process running for 1724.625)
2025-06-27 15:12:31 INFO  com.minh.shopee.ShopeeApplication - Starting ShopeeApplication using Java 17.0.12 with PID 16272 (C:\Users\abcxy\OneDrive\Desktop\workspace\project\shopee_clone\reactjs-clone-shopee\backend-clone-shopee\target\classes started by abcxy in C:\Users\abcxy\OneDrive\Desktop\workspace\project\shopee_clone\reactjs-clone-shopee\backend-clone-shopee)
2025-06-27 15:12:31 DEBUG com.minh.shopee.ShopeeApplication - Running with Spring Boot v3.4.5, Spring v6.2.6
2025-06-27 15:12:31 INFO  com.minh.shopee.ShopeeApplication - No active profile set, falling back to 1 default profile: "default"
2025-06-27 15:12:51 INFO  com.minh.shopee.ShopeeApplication - Started ShopeeApplication in 21.552 seconds (process running for 2185.635)
